Apr 26, 2025 2:48:52 PM vln.com.map.AreaMapTest setUp
INFO: [AreaMapTest] Setting up AreaMap instance
Apr 26, 2025 2:48:52 PM vln.com.map.AreaMapTest testEndGame_PlayerWinsByCapturingCastles
INFO: [AreaMapTest] testEndGame_PlayerWinsByCapturingCastles start
Apr 26, 2025 2:48:52 PM vln.com.map.AreaMapTest testEndGame_PlayerWinsByCapturingCastles
INFO: [AreaMapTest] testEndGame_PlayerWinsByCapturingCastles passed
Apr 26, 2025 2:48:52 PM vln.com.map.AreaMapTest setUp
INFO: [AreaMapTest] Setting up AreaMap instance
Apr 26, 2025 2:48:52 PM vln.com.map.AreaMapTest testHeroVisibilityInSmoke
INFO: [AreaMapTest] testHeroVisibilityInSmoke start
Apr 26, 2025 2:48:52 PM vln.com.map.AreaMapTest testHeroVisibilityInSmoke
INFO: [AreaMapTest] testHeroVisibilityInSmoke passed
Apr 26, 2025 2:48:52 PM vln.com.map.AreaMapTest setUp
INFO: [AreaMapTest] Setting up AreaMap instance
Apr 26, 2025 2:48:52 PM vln.com.map.AreaMapTest testMoveHero_offMap_noChange
INFO: [AreaMapTest] testMoveHero_offMap_noChange start
Apr 26, 2025 2:48:52 PM vln.com.map.AreaMapTest testMoveHero_offMap_noChange
INFO: [AreaMapTest] testMoveHero_offMap_noChange passed
Apr 26, 2025 2:48:52 PM vln.com.map.AreaMapTest setUp
INFO: [AreaMapTest] Setting up AreaMap instance
Apr 26, 2025 2:48:52 PM vln.com.map.AreaMapTest testApplySmoke_setsSmokeLayerWithinRadius
INFO: [AreaMapTest] testApplySmoke_setsSmokeLayerWithinRadius start
Apr 26, 2025 2:48:52 PM vln.com.map.AreaMapTest testApplySmoke_setsSmokeLayerWithinRadius
INFO: [AreaMapTest] testApplySmoke_setsSmokeLayerWithinRadius passed
Apr 26, 2025 2:48:52 PM vln.com.map.AreaMapTest setUp
INFO: [AreaMapTest] Setting up AreaMap instance
Apr 26, 2025 2:48:52 PM vln.com.map.AreaMapTest testEndRound_resetsOnlyAvailableHeroes
INFO: [AreaMapTest] testEndRound_resetsOnlyAvailableHeroes start
Apr 26, 2025 2:48:52 PM vln.com.map.AreaMapTest testEndRound_resetsOnlyAvailableHeroes
INFO: [AreaMapTest] testEndRound_resetsOnlyAvailableHeroes passed
Apr 26, 2025 2:48:52 PM vln.com.map.AreaMapTest setUp
INFO: [AreaMapTest] Setting up AreaMap instance
Apr 26, 2025 2:48:52 PM vln.com.map.AreaMapTest testMoveHero_trailMovement_reducesMovesAndMovesHero
INFO: [AreaMapTest] testMoveHero_trailMovement_reducesMovesAndMovesHero start
Apr 26, 2025 2:48:53 PM vln.com.map.AreaMapTest testMoveHero_trailMovement_reducesMovesAndMovesHero
INFO: [AreaMapTest] testMoveHero_trailMovement_reducesMovesAndMovesHero passed
Apr 26, 2025 2:48:53 PM vln.com.map.AreaMapTest setUp
INFO: [AreaMapTest] Setting up AreaMap instance
Apr 26, 2025 2:48:53 PM vln.com.map.AreaMapTest testRemoveSmoke_clearsSmokeLayerAndResetsDisplay
INFO: [AreaMapTest] testRemoveSmoke_clearsSmokeLayerAndResetsDisplay start
Apr 26, 2025 2:48:53 PM vln.com.map.AreaMapTest testRemoveSmoke_clearsSmokeLayerAndResetsDisplay
INFO: [AreaMapTest] testRemoveSmoke_clearsSmokeLayerAndResetsDisplay passed
Apr 26, 2025 2:48:53 PM vln.com.map.AreaMapTest setUp
INFO: [AreaMapTest] Setting up AreaMap instance
Apr 26, 2025 2:48:53 PM vln.com.map.AreaMapTest testEndGame_PlayerLosesWhenBotCapturesCastles
INFO: [AreaMapTest] testEndGame_PlayerLosesWhenBotCapturesCastles start
Apr 26, 2025 2:48:53 PM vln.com.map.AreaMapTest testEndGame_PlayerLosesWhenBotCapturesCastles
INFO: [AreaMapTest] testEndGame_PlayerLosesWhenBotCapturesCastles passed
Apr 26, 2025 2:48:53 PM vln.com.map.AreaMapTest setUp
INFO: [AreaMapTest] Setting up AreaMap instance
Apr 26, 2025 2:48:53 PM vln.com.map.AreaMapTest testMoveHero_obstacle_noMove
INFO: [AreaMapTest] testMoveHero_obstacle_noMove start
Apr 26, 2025 2:48:53 PM vln.com.map.AreaMapTest testMoveHero_obstacle_noMove
INFO: [AreaMapTest] testMoveHero_obstacle_noMove passed
Apr 26, 2025 2:48:53 PM vln.com.map.AreaMapTest setUp
INFO: [AreaMapTest] Setting up AreaMap instance
Apr 26, 2025 2:48:53 PM vln.com.map.AreaMapTest testMoveThroughSmoke_reducesMovesCorrectly
INFO: [AreaMapTest] testMoveThroughSmoke_reducesMovesCorrectly start
Apr 26, 2025 2:48:53 PM vln.com.map.AreaMapTest testMoveThroughSmoke_reducesMovesCorrectly
INFO: [AreaMapTest] testMoveThroughSmoke_reducesMovesCorrectly passed
Apr 26, 2025 2:48:53 PM vln.com.map.AreaMapTest setUp
INFO: [AreaMapTest] Setting up AreaMap instance
Apr 26, 2025 2:48:53 PM vln.com.map.AreaMapTest testSmokeUnitSpawn_createsSmokeArea
INFO: [AreaMapTest] testSmokeUnitSpawn_createsSmokeArea start
Apr 26, 2025 2:48:53 PM vln.com.map.AreaMapTest testSmokeUnitSpawn_createsSmokeArea
INFO: [AreaMapTest] testSmokeUnitSpawn_createsSmokeArea passed
Apr 26, 2025 2:48:53 PM vln.com.map.AreaMapTest setUp
INFO: [AreaMapTest] Setting up AreaMap instance
Apr 26, 2025 2:48:53 PM vln.com.map.AreaMapTest testGetHeightWidth
INFO: [AreaMapTest] testGetHeightWidth start
Apr 26, 2025 2:48:53 PM vln.com.map.AreaMapTest testGetHeightWidth
INFO: [AreaMapTest] testGetHeightWidth passed
Apr 26, 2025 2:48:53 PM vln.com.map.AreaMapTest setUp
INFO: [AreaMapTest] Setting up AreaMap instance
Apr 26, 2025 2:48:53 PM vln.com.map.AreaMapTest testHasAnyMoves_trailAndFieldCosts
INFO: [AreaMapTest] testHasAnyMoves_trailAndFieldCosts start
Apr 26, 2025 2:48:53 PM vln.com.map.AreaMapTest testHasAnyMoves_trailAndFieldCosts
INFO: [AreaMapTest] testHasAnyMoves_trailAndFieldCosts passed
Apr 26, 2025 2:51:04 PM vln.com.map.AreaMapTest setUp
INFO: [AreaMapTest] Setting up AreaMap instance
Apr 26, 2025 2:51:04 PM vln.com.map.AreaMapTest testEndGame_PlayerWinsByCapturingCastles
INFO: [AreaMapTest] testEndGame_PlayerWinsByCapturingCastles start
Apr 26, 2025 2:51:04 PM vln.com.map.AreaMapTest testEndGame_PlayerWinsByCapturingCastles
INFO: [AreaMapTest] testEndGame_PlayerWinsByCapturingCastles passed
Apr 26, 2025 2:51:04 PM vln.com.map.AreaMapTest setUp
INFO: [AreaMapTest] Setting up AreaMap instance
Apr 26, 2025 2:51:04 PM vln.com.map.AreaMapTest testHeroVisibilityInSmoke
INFO: [AreaMapTest] testHeroVisibilityInSmoke start
Apr 26, 2025 2:51:05 PM vln.com.map.AreaMapTest testHeroVisibilityInSmoke
INFO: [AreaMapTest] testHeroVisibilityInSmoke passed
Apr 26, 2025 2:51:05 PM vln.com.map.AreaMapTest setUp
INFO: [AreaMapTest] Setting up AreaMap instance
Apr 26, 2025 2:51:05 PM vln.com.map.AreaMapTest testMoveHero_offMap_noChange
INFO: [AreaMapTest] testMoveHero_offMap_noChange start
Apr 26, 2025 2:51:05 PM vln.com.map.AreaMapTest testMoveHero_offMap_noChange
INFO: [AreaMapTest] testMoveHero_offMap_noChange passed
Apr 26, 2025 2:51:05 PM vln.com.map.AreaMapTest setUp
INFO: [AreaMapTest] Setting up AreaMap instance
Apr 26, 2025 2:51:05 PM vln.com.map.AreaMapTest testApplySmoke_setsSmokeLayerWithinRadius
INFO: [AreaMapTest] testApplySmoke_setsSmokeLayerWithinRadius start
Apr 26, 2025 2:51:05 PM vln.com.map.AreaMapTest testApplySmoke_setsSmokeLayerWithinRadius
INFO: [AreaMapTest] testApplySmoke_setsSmokeLayerWithinRadius passed
Apr 26, 2025 2:51:05 PM vln.com.map.AreaMapTest setUp
INFO: [AreaMapTest] Setting up AreaMap instance
Apr 26, 2025 2:51:05 PM vln.com.map.AreaMapTest testEndRound_resetsOnlyAvailableHeroes
INFO: [AreaMapTest] testEndRound_resetsOnlyAvailableHeroes start
Apr 26, 2025 2:51:05 PM vln.com.map.AreaMapTest testEndRound_resetsOnlyAvailableHeroes
INFO: [AreaMapTest] testEndRound_resetsOnlyAvailableHeroes passed
Apr 26, 2025 2:51:05 PM vln.com.map.AreaMapTest setUp
INFO: [AreaMapTest] Setting up AreaMap instance
Apr 26, 2025 2:51:05 PM vln.com.map.AreaMapTest testMoveHero_trailMovement_reducesMovesAndMovesHero
INFO: [AreaMapTest] testMoveHero_trailMovement_reducesMovesAndMovesHero start
Apr 26, 2025 2:51:05 PM vln.com.map.AreaMapTest testMoveHero_trailMovement_reducesMovesAndMovesHero
INFO: [AreaMapTest] testMoveHero_trailMovement_reducesMovesAndMovesHero passed
Apr 26, 2025 2:51:05 PM vln.com.map.AreaMapTest setUp
INFO: [AreaMapTest] Setting up AreaMap instance
Apr 26, 2025 2:51:05 PM vln.com.map.AreaMapTest testRemoveSmoke_clearsSmokeLayerAndResetsDisplay
INFO: [AreaMapTest] testRemoveSmoke_clearsSmokeLayerAndResetsDisplay start
Apr 26, 2025 2:51:05 PM vln.com.map.AreaMapTest testRemoveSmoke_clearsSmokeLayerAndResetsDisplay
INFO: [AreaMapTest] testRemoveSmoke_clearsSmokeLayerAndResetsDisplay passed
Apr 26, 2025 2:51:05 PM vln.com.map.AreaMapTest setUp
INFO: [AreaMapTest] Setting up AreaMap instance
Apr 26, 2025 2:51:05 PM vln.com.map.AreaMapTest testEndGame_PlayerLosesWhenBotCapturesCastles
INFO: [AreaMapTest] testEndGame_PlayerLosesWhenBotCapturesCastles start
Apr 26, 2025 2:51:05 PM vln.com.map.AreaMapTest testEndGame_PlayerLosesWhenBotCapturesCastles
INFO: [AreaMapTest] testEndGame_PlayerLosesWhenBotCapturesCastles passed
Apr 26, 2025 2:51:05 PM vln.com.map.AreaMapTest setUp
INFO: [AreaMapTest] Setting up AreaMap instance
Apr 26, 2025 2:51:05 PM vln.com.map.AreaMapTest testMoveHero_obstacle_noMove
INFO: [AreaMapTest] testMoveHero_obstacle_noMove start
Apr 26, 2025 2:51:05 PM vln.com.map.AreaMapTest testMoveHero_obstacle_noMove
INFO: [AreaMapTest] testMoveHero_obstacle_noMove passed
Apr 26, 2025 2:51:05 PM vln.com.map.AreaMapTest setUp
INFO: [AreaMapTest] Setting up AreaMap instance
Apr 26, 2025 2:51:05 PM vln.com.map.AreaMapTest testMoveThroughSmoke_reducesMovesCorrectly
INFO: [AreaMapTest] testMoveThroughSmoke_reducesMovesCorrectly start
Apr 26, 2025 2:51:06 PM vln.com.map.AreaMapTest testMoveThroughSmoke_reducesMovesCorrectly
INFO: [AreaMapTest] testMoveThroughSmoke_reducesMovesCorrectly passed
Apr 26, 2025 2:51:06 PM vln.com.map.AreaMapTest setUp
INFO: [AreaMapTest] Setting up AreaMap instance
Apr 26, 2025 2:51:06 PM vln.com.map.AreaMapTest testSmokeUnitSpawn_createsSmokeArea
INFO: [AreaMapTest] testSmokeUnitSpawn_createsSmokeArea start
Apr 26, 2025 2:51:06 PM vln.com.map.AreaMapTest testSmokeUnitSpawn_createsSmokeArea
INFO: [AreaMapTest] testSmokeUnitSpawn_createsSmokeArea passed
Apr 26, 2025 2:51:06 PM vln.com.map.AreaMapTest setUp
INFO: [AreaMapTest] Setting up AreaMap instance
Apr 26, 2025 2:51:06 PM vln.com.map.AreaMapTest testGetHeightWidth
INFO: [AreaMapTest] testGetHeightWidth start
Apr 26, 2025 2:51:06 PM vln.com.map.AreaMapTest testGetHeightWidth
INFO: [AreaMapTest] testGetHeightWidth passed
Apr 26, 2025 2:51:06 PM vln.com.map.AreaMapTest setUp
INFO: [AreaMapTest] Setting up AreaMap instance
Apr 26, 2025 2:51:06 PM vln.com.map.AreaMapTest testHasAnyMoves_trailAndFieldCosts
INFO: [AreaMapTest] testHasAnyMoves_trailAndFieldCosts start
Apr 26, 2025 2:51:06 PM vln.com.map.AreaMapTest testHasAnyMoves_trailAndFieldCosts
INFO: [AreaMapTest] testHasAnyMoves_trailAndFieldCosts passed
Sep 08, 2025 6:07:46 PM vln.com.map.AreaMapTest setUp
INFO: [AreaMapTest] Setting up AreaMap instance
Sep 08, 2025 6:07:46 PM vln.com.map.AreaMapTest testEndGame_PlayerWinsByCapturingCastles
INFO: [AreaMapTest] testEndGame_PlayerWinsByCapturingCastles start
Sep 08, 2025 6:07:46 PM vln.com.map.AreaMapTest testEndGame_PlayerWinsByCapturingCastles
INFO: [AreaMapTest] testEndGame_PlayerWinsByCapturingCastles passed
Sep 08, 2025 6:07:46 PM vln.com.map.AreaMapTest setUp
INFO: [AreaMapTest] Setting up AreaMap instance
Sep 08, 2025 6:07:46 PM vln.com.map.AreaMapTest testHeroVisibilityInSmoke
INFO: [AreaMapTest] testHeroVisibilityInSmoke start
Sep 08, 2025 6:07:47 PM vln.com.map.AreaMapTest testHeroVisibilityInSmoke
INFO: [AreaMapTest] testHeroVisibilityInSmoke passed
Sep 08, 2025 6:07:47 PM vln.com.map.AreaMapTest setUp
INFO: [AreaMapTest] Setting up AreaMap instance
Sep 08, 2025 6:07:47 PM vln.com.map.AreaMapTest testMoveHero_offMap_noChange
INFO: [AreaMapTest] testMoveHero_offMap_noChange start
Sep 08, 2025 6:07:47 PM vln.com.map.AreaMapTest testMoveHero_offMap_noChange
INFO: [AreaMapTest] testMoveHero_offMap_noChange passed
Sep 08, 2025 6:07:47 PM vln.com.map.AreaMapTest setUp
INFO: [AreaMapTest] Setting up AreaMap instance
Sep 08, 2025 6:07:47 PM vln.com.map.AreaMapTest testApplySmoke_setsSmokeLayerWithinRadius
INFO: [AreaMapTest] testApplySmoke_setsSmokeLayerWithinRadius start
Sep 08, 2025 6:07:47 PM vln.com.map.AreaMapTest testApplySmoke_setsSmokeLayerWithinRadius
INFO: [AreaMapTest] testApplySmoke_setsSmokeLayerWithinRadius passed
Sep 08, 2025 6:07:47 PM vln.com.map.AreaMapTest setUp
INFO: [AreaMapTest] Setting up AreaMap instance
Sep 08, 2025 6:07:47 PM vln.com.map.AreaMapTest testEndRound_resetsOnlyAvailableHeroes
INFO: [AreaMapTest] testEndRound_resetsOnlyAvailableHeroes start
Sep 08, 2025 6:07:47 PM vln.com.map.AreaMapTest testEndRound_resetsOnlyAvailableHeroes
INFO: [AreaMapTest] testEndRound_resetsOnlyAvailableHeroes passed
Sep 08, 2025 6:07:47 PM vln.com.map.AreaMapTest setUp
INFO: [AreaMapTest] Setting up AreaMap instance
Sep 08, 2025 6:07:47 PM vln.com.map.AreaMapTest testMoveHero_trailMovement_reducesMovesAndMovesHero
INFO: [AreaMapTest] testMoveHero_trailMovement_reducesMovesAndMovesHero start
Sep 08, 2025 6:07:47 PM vln.com.map.AreaMapTest testMoveHero_trailMovement_reducesMovesAndMovesHero
INFO: [AreaMapTest] testMoveHero_trailMovement_reducesMovesAndMovesHero passed
Sep 08, 2025 6:07:47 PM vln.com.map.AreaMapTest setUp
INFO: [AreaMapTest] Setting up AreaMap instance
Sep 08, 2025 6:07:47 PM vln.com.map.AreaMapTest testRemoveSmoke_clearsSmokeLayerAndResetsDisplay
INFO: [AreaMapTest] testRemoveSmoke_clearsSmokeLayerAndResetsDisplay start
Sep 08, 2025 6:07:47 PM vln.com.map.AreaMapTest testRemoveSmoke_clearsSmokeLayerAndResetsDisplay
INFO: [AreaMapTest] testRemoveSmoke_clearsSmokeLayerAndResetsDisplay passed
Sep 08, 2025 6:07:47 PM vln.com.map.AreaMapTest setUp
INFO: [AreaMapTest] Setting up AreaMap instance
Sep 08, 2025 6:07:47 PM vln.com.map.AreaMapTest testEndGame_PlayerLosesWhenBotCapturesCastles
INFO: [AreaMapTest] testEndGame_PlayerLosesWhenBotCapturesCastles start
Sep 08, 2025 6:07:47 PM vln.com.map.AreaMapTest testEndGame_PlayerLosesWhenBotCapturesCastles
INFO: [AreaMapTest] testEndGame_PlayerLosesWhenBotCapturesCastles passed
Sep 08, 2025 6:07:47 PM vln.com.map.AreaMapTest setUp
INFO: [AreaMapTest] Setting up AreaMap instance
Sep 08, 2025 6:07:47 PM vln.com.map.AreaMapTest testMoveHero_obstacle_noMove
INFO: [AreaMapTest] testMoveHero_obstacle_noMove start
Sep 08, 2025 6:07:47 PM vln.com.map.AreaMapTest testMoveHero_obstacle_noMove
INFO: [AreaMapTest] testMoveHero_obstacle_noMove passed
Sep 08, 2025 6:07:47 PM vln.com.map.AreaMapTest setUp
INFO: [AreaMapTest] Setting up AreaMap instance
Sep 08, 2025 6:07:47 PM vln.com.map.AreaMapTest testMoveThroughSmoke_reducesMovesCorrectly
INFO: [AreaMapTest] testMoveThroughSmoke_reducesMovesCorrectly start
Sep 08, 2025 6:07:48 PM vln.com.map.AreaMapTest testMoveThroughSmoke_reducesMovesCorrectly
INFO: [AreaMapTest] testMoveThroughSmoke_reducesMovesCorrectly passed
Sep 08, 2025 6:07:48 PM vln.com.map.AreaMapTest setUp
INFO: [AreaMapTest] Setting up AreaMap instance
Sep 08, 2025 6:07:48 PM vln.com.map.AreaMapTest testSmokeUnitSpawn_createsSmokeArea
INFO: [AreaMapTest] testSmokeUnitSpawn_createsSmokeArea start
Sep 08, 2025 6:07:48 PM vln.com.map.AreaMapTest testSmokeUnitSpawn_createsSmokeArea
INFO: [AreaMapTest] testSmokeUnitSpawn_createsSmokeArea passed
Sep 08, 2025 6:07:48 PM vln.com.map.AreaMapTest setUp
INFO: [AreaMapTest] Setting up AreaMap instance
Sep 08, 2025 6:07:48 PM vln.com.map.AreaMapTest testGetHeightWidth
INFO: [AreaMapTest] testGetHeightWidth start
Sep 08, 2025 6:07:48 PM vln.com.map.AreaMapTest testGetHeightWidth
INFO: [AreaMapTest] testGetHeightWidth passed
Sep 08, 2025 6:07:48 PM vln.com.map.AreaMapTest setUp
INFO: [AreaMapTest] Setting up AreaMap instance
Sep 08, 2025 6:07:48 PM vln.com.map.AreaMapTest testHasAnyMoves_trailAndFieldCosts
INFO: [AreaMapTest] testHasAnyMoves_trailAndFieldCosts start
Sep 08, 2025 6:07:48 PM vln.com.map.AreaMapTest testHasAnyMoves_trailAndFieldCosts
INFO: [AreaMapTest] testHasAnyMoves_trailAndFieldCosts passed
Sep 10, 2025 6:01:48 PM vln.com.map.AreaMapTest setUp
INFO: [AreaMapTest] Setting up AreaMap instance
Sep 10, 2025 6:01:48 PM vln.com.map.AreaMapTest testEndGame_PlayerWinsByCapturingCastles
INFO: [AreaMapTest] testEndGame_PlayerWinsByCapturingCastles start
Sep 10, 2025 6:01:48 PM vln.com.map.AreaMapTest testEndGame_PlayerWinsByCapturingCastles
INFO: [AreaMapTest] testEndGame_PlayerWinsByCapturingCastles passed
Sep 10, 2025 6:01:48 PM vln.com.map.AreaMapTest setUp
INFO: [AreaMapTest] Setting up AreaMap instance
Sep 10, 2025 6:01:48 PM vln.com.map.AreaMapTest testMoveHero_offMap_noChange
INFO: [AreaMapTest] testMoveHero_offMap_noChange start
Sep 10, 2025 6:01:48 PM vln.com.map.AreaMapTest testMoveHero_offMap_noChange
INFO: [AreaMapTest] testMoveHero_offMap_noChange passed
Sep 10, 2025 6:01:48 PM vln.com.map.AreaMapTest setUp
INFO: [AreaMapTest] Setting up AreaMap instance
Sep 10, 2025 6:01:48 PM vln.com.map.AreaMapTest testApplySmoke_setsSmokeLayerWithinRadius
INFO: [AreaMapTest] testApplySmoke_setsSmokeLayerWithinRadius start
Sep 10, 2025 6:01:48 PM vln.com.map.AreaMapTest testApplySmoke_setsSmokeLayerWithinRadius
INFO: [AreaMapTest] testApplySmoke_setsSmokeLayerWithinRadius passed
Sep 10, 2025 6:01:48 PM vln.com.map.AreaMapTest setUp
INFO: [AreaMapTest] Setting up AreaMap instance
Sep 10, 2025 6:01:48 PM vln.com.map.AreaMapTest testMoveHero_trailMovement_reducesMovesAndMovesHero
INFO: [AreaMapTest] testMoveHero_trailMovement_reducesMovesAndMovesHero start
Sep 10, 2025 6:01:49 PM vln.com.map.AreaMapTest testMoveHero_trailMovement_reducesMovesAndMovesHero
INFO: [AreaMapTest] testMoveHero_trailMovement_reducesMovesAndMovesHero passed
Sep 10, 2025 6:01:49 PM vln.com.map.AreaMapTest setUp
INFO: [AreaMapTest] Setting up AreaMap instance
Sep 10, 2025 6:01:49 PM vln.com.map.AreaMapTest testRemoveSmoke_clearsSmokeLayerAndResetsDisplay
INFO: [AreaMapTest] testRemoveSmoke_clearsSmokeLayerAndResetsDisplay start
Sep 10, 2025 6:01:49 PM vln.com.map.AreaMapTest testRemoveSmoke_clearsSmokeLayerAndResetsDisplay
INFO: [AreaMapTest] testRemoveSmoke_clearsSmokeLayerAndResetsDisplay passed
Sep 10, 2025 6:01:49 PM vln.com.map.AreaMapTest setUp
INFO: [AreaMapTest] Setting up AreaMap instance
Sep 10, 2025 6:01:49 PM vln.com.map.AreaMapTest testEndGame_PlayerLosesWhenBotCapturesCastles
INFO: [AreaMapTest] testEndGame_PlayerLosesWhenBotCapturesCastles start
Sep 10, 2025 6:01:49 PM vln.com.map.AreaMapTest testEndGame_PlayerLosesWhenBotCapturesCastles
INFO: [AreaMapTest] testEndGame_PlayerLosesWhenBotCapturesCastles passed
Sep 10, 2025 6:01:49 PM vln.com.map.AreaMapTest setUp
INFO: [AreaMapTest] Setting up AreaMap instance
Sep 10, 2025 6:01:49 PM vln.com.map.AreaMapTest testMoveHero_obstacle_noMove
INFO: [AreaMapTest] testMoveHero_obstacle_noMove start
Sep 10, 2025 6:01:49 PM vln.com.map.AreaMapTest testMoveHero_obstacle_noMove
INFO: [AreaMapTest] testMoveHero_obstacle_noMove passed
Sep 10, 2025 6:01:49 PM vln.com.map.AreaMapTest setUp
INFO: [AreaMapTest] Setting up AreaMap instance
Sep 10, 2025 6:01:49 PM vln.com.map.AreaMapTest testMoveThroughSmoke_reducesMovesCorrectly
INFO: [AreaMapTest] testMoveThroughSmoke_reducesMovesCorrectly start
Sep 10, 2025 6:01:50 PM vln.com.map.AreaMapTest testMoveThroughSmoke_reducesMovesCorrectly
INFO: [AreaMapTest] testMoveThroughSmoke_reducesMovesCorrectly passed
Sep 10, 2025 6:01:50 PM vln.com.map.AreaMapTest setUp
INFO: [AreaMapTest] Setting up AreaMap instance
Sep 10, 2025 6:01:50 PM vln.com.map.AreaMapTest testSmokeUnitSpawn_createsSmokeArea
INFO: [AreaMapTest] testSmokeUnitSpawn_createsSmokeArea start
Sep 10, 2025 6:01:50 PM vln.com.map.AreaMapTest testSmokeUnitSpawn_createsSmokeArea
INFO: [AreaMapTest] testSmokeUnitSpawn_createsSmokeArea passed
Sep 10, 2025 6:01:50 PM vln.com.map.AreaMapTest setUp
INFO: [AreaMapTest] Setting up AreaMap instance
Sep 10, 2025 6:01:50 PM vln.com.map.AreaMapTest testGetHeightWidth
INFO: [AreaMapTest] testGetHeightWidth start
Sep 10, 2025 6:01:50 PM vln.com.map.AreaMapTest testGetHeightWidth
INFO: [AreaMapTest] testGetHeightWidth passed
Sep 10, 2025 6:01:50 PM vln.com.map.AreaMapTest setUp
INFO: [AreaMapTest] Setting up AreaMap instance
Sep 10, 2025 6:01:50 PM vln.com.map.AreaMapTest testHasAnyMoves_trailAndFieldCosts
INFO: [AreaMapTest] testHasAnyMoves_trailAndFieldCosts start
Sep 10, 2025 6:01:50 PM vln.com.map.AreaMapTest testHasAnyMoves_trailAndFieldCosts
INFO: [AreaMapTest] testHasAnyMoves_trailAndFieldCosts passed
Sep 10, 2025 6:41:54 PM vln.com.map.AreaMapTest setUp
INFO: [AreaMapTest] Setting up AreaMap instance
Sep 10, 2025 6:41:54 PM vln.com.map.AreaMapTest testMapEditingBoundaryCoordinates
INFO: [AreaMapTest] testMapEditingBoundaryCoordinates start
Sep 10, 2025 6:41:57 PM vln.com.map.AreaMapTest testMapEditingBoundaryCoordinates
SEVERE: testMapEditingBoundaryCoordinates failed
org.opentest4j.AssertionFailedError: Should place Trail at (4,1) ==> Unexpected type ==> expected: <vln.com.map.Trail> but was: <vln.com.map.Field>
	at org.junit.jupiter.api.AssertInstanceOf.assertInstanceOf(AssertInstanceOf.java:51)
	at org.junit.jupiter.api.AssertInstanceOf.assertInstanceOf(AssertInstanceOf.java:39)
	at org.junit.jupiter.api.Assertions.assertInstanceOf(Assertions.java:3555)
	at vln.com.map.AreaMapTest.testMapEditingBoundaryCoordinates(AreaMapTest.java:157)
	at java.base/jdk.internal.reflect.DirectMethodHandleAccessor.invoke(DirectMethodHandleAccessor.java:104)
	at java.base/java.lang.reflect.Method.invoke(Method.java:565)
	at org.junit.platform.commons.util.ReflectionUtils.invokeMethod(ReflectionUtils.java:725)
	at org.junit.jupiter.engine.execution.MethodInvocation.proceed(MethodInvocation.java:60)
	at org.junit.jupiter.engine.execution.InvocationInterceptorChain$ValidatingInvocation.proceed(InvocationInterceptorChain.java:131)
	at org.junit.jupiter.engine.extension.TimeoutExtension.intercept(TimeoutExtension.java:149)
	at org.junit.jupiter.engine.extension.TimeoutExtension.interceptTestableMethod(TimeoutExtension.java:140)
	at org.junit.jupiter.engine.extension.TimeoutExtension.interceptTestMethod(TimeoutExtension.java:84)
	at org.junit.jupiter.engine.execution.ExecutableInvoker$ReflectiveInterceptorCall.lambda$ofVoidMethod$0(ExecutableInvoker.java:115)
	at org.junit.jupiter.engine.execution.ExecutableInvoker.lambda$invoke$0(ExecutableInvoker.java:105)
	at org.junit.jupiter.engine.execution.InvocationInterceptorChain$InterceptedInvocation.proceed(InvocationInterceptorChain.java:106)
	at org.junit.jupiter.engine.execution.InvocationInterceptorChain.proceed(InvocationInterceptorChain.java:64)
	at org.junit.jupiter.engine.execution.InvocationInterceptorChain.chainAndInvoke(InvocationInterceptorChain.java:45)
	at org.junit.jupiter.engine.execution.InvocationInterceptorChain.invoke(InvocationInterceptorChain.java:37)
	at org.junit.jupiter.engine.execution.ExecutableInvoker.invoke(ExecutableInvoker.java:104)
	at org.junit.jupiter.engine.execution.ExecutableInvoker.invoke(ExecutableInvoker.java:98)
	at org.junit.jupiter.engine.descriptor.TestMethodTestDescriptor.lambda$invokeTestMethod$7(TestMethodTestDescriptor.java:214)
	at org.junit.platform.engine.support.hierarchical.ThrowableCollector.execute(ThrowableCollector.java:73)
	at org.junit.jupiter.engine.descriptor.TestMethodTestDescriptor.invokeTestMethod(TestMethodTestDescriptor.java:210)
	at org.junit.jupiter.engine.descriptor.TestMethodTestDescriptor.execute(TestMethodTestDescriptor.java:135)
	at org.junit.jupiter.engine.descriptor.TestMethodTestDescriptor.execute(TestMethodTestDescriptor.java:66)
	at org.junit.platform.engine.support.hierarchical.NodeTestTask.lambda$executeRecursively$6(NodeTestTask.java:151)
	at org.junit.platform.engine.support.hierarchical.ThrowableCollector.execute(ThrowableCollector.java:73)
	at org.junit.platform.engine.support.hierarchical.NodeTestTask.lambda$executeRecursively$8(NodeTestTask.java:141)
	at org.junit.platform.engine.support.hierarchical.Node.around(Node.java:137)
	at org.junit.platform.engine.support.hierarchical.NodeTestTask.lambda$executeRecursively$9(NodeTestTask.java:139)
	at org.junit.platform.engine.support.hierarchical.ThrowableCollector.execute(ThrowableCollector.java:73)
	at org.junit.platform.engine.support.hierarchical.NodeTestTask.executeRecursively(NodeTestTask.java:138)
	at org.junit.platform.engine.support.hierarchical.NodeTestTask.execute(NodeTestTask.java:95)
	at java.base/java.util.ArrayList.forEach(ArrayList.java:1604)
	at org.junit.platform.engine.support.hierarchical.SameThreadHierarchicalTestExecutorService.invokeAll(SameThreadHierarchicalTestExecutorService.java:41)
	at org.junit.platform.engine.support.hierarchical.NodeTestTask.lambda$executeRecursively$6(NodeTestTask.java:155)
	at org.junit.platform.engine.support.hierarchical.ThrowableCollector.execute(ThrowableCollector.java:73)
	at org.junit.platform.engine.support.hierarchical.NodeTestTask.lambda$executeRecursively$8(NodeTestTask.java:141)
	at org.junit.platform.engine.support.hierarchical.Node.around(Node.java:137)
	at org.junit.platform.engine.support.hierarchical.NodeTestTask.lambda$executeRecursively$9(NodeTestTask.java:139)
	at org.junit.platform.engine.support.hierarchical.ThrowableCollector.execute(ThrowableCollector.java:73)
	at org.junit.platform.engine.support.hierarchical.NodeTestTask.executeRecursively(NodeTestTask.java:138)
	at org.junit.platform.engine.support.hierarchical.NodeTestTask.execute(NodeTestTask.java:95)
	at java.base/java.util.ArrayList.forEach(ArrayList.java:1604)
	at org.junit.platform.engine.support.hierarchical.SameThreadHierarchicalTestExecutorService.invokeAll(SameThreadHierarchicalTestExecutorService.java:41)
	at org.junit.platform.engine.support.hierarchical.NodeTestTask.lambda$executeRecursively$6(NodeTestTask.java:155)
	at org.junit.platform.engine.support.hierarchical.ThrowableCollector.execute(ThrowableCollector.java:73)
	at org.junit.platform.engine.support.hierarchical.NodeTestTask.lambda$executeRecursively$8(NodeTestTask.java:141)
	at org.junit.platform.engine.support.hierarchical.Node.around(Node.java:137)
	at org.junit.platform.engine.support.hierarchical.NodeTestTask.lambda$executeRecursively$9(NodeTestTask.java:139)
	at org.junit.platform.engine.support.hierarchical.ThrowableCollector.execute(ThrowableCollector.java:73)
	at org.junit.platform.engine.support.hierarchical.NodeTestTask.executeRecursively(NodeTestTask.java:138)
	at org.junit.platform.engine.support.hierarchical.NodeTestTask.execute(NodeTestTask.java:95)
	at org.junit.platform.engine.support.hierarchical.SameThreadHierarchicalTestExecutorService.submit(SameThreadHierarchicalTestExecutorService.java:35)
	at org.junit.platform.engine.support.hierarchical.HierarchicalTestExecutor.execute(HierarchicalTestExecutor.java:57)
	at org.junit.platform.engine.support.hierarchical.HierarchicalTestEngine.execute(HierarchicalTestEngine.java:54)
	at org.junit.platform.launcher.core.EngineExecutionOrchestrator.execute(EngineExecutionOrchestrator.java:107)
	at org.junit.platform.launcher.core.EngineExecutionOrchestrator.execute(EngineExecutionOrchestrator.java:88)
	at org.junit.platform.launcher.core.EngineExecutionOrchestrator.lambda$execute$0(EngineExecutionOrchestrator.java:54)
	at org.junit.platform.launcher.core.EngineExecutionOrchestrator.withInterceptedStreams(EngineExecutionOrchestrator.java:67)
	at org.junit.platform.launcher.core.EngineExecutionOrchestrator.execute(EngineExecutionOrchestrator.java:52)
	at org.junit.platform.launcher.core.DefaultLauncher.execute(DefaultLauncher.java:114)
	at org.junit.platform.launcher.core.DefaultLauncher.execute(DefaultLauncher.java:86)
	at org.junit.platform.launcher.core.DefaultLauncherSession$DelegatingLauncher.execute(DefaultLauncherSession.java:86)
	at org.junit.platform.launcher.core.SessionPerRequestLauncher.execute(SessionPerRequestLauncher.java:53)
	at com.intellij.junit5.JUnit5IdeaTestRunner.startRunnerWithArgs(JUnit5IdeaTestRunner.java:57)
	at com.intellij.rt.junit.IdeaTestRunner$Repeater$1.execute(IdeaTestRunner.java:38)
	at com.intellij.rt.execution.junit.TestsRepeater.repeat(TestsRepeater.java:11)
	at com.intellij.rt.junit.IdeaTestRunner$Repeater.startRunnerWithArgs(IdeaTestRunner.java:35)
	at com.intellij.rt.junit.JUnitStarter.prepareStreamsAndStart(JUnitStarter.java:231)
	at com.intellij.rt.junit.JUnitStarter.main(JUnitStarter.java:55)

Sep 10, 2025 6:41:57 PM vln.com.map.AreaMapTest setUp
INFO: [AreaMapTest] Setting up AreaMap instance
Sep 10, 2025 6:41:57 PM vln.com.map.AreaMapTest testEndGame_PlayerWinsByCapturingCastles
INFO: [AreaMapTest] testEndGame_PlayerWinsByCapturingCastles start
Sep 10, 2025 6:41:57 PM vln.com.map.AreaMapTest testEndGame_PlayerWinsByCapturingCastles
INFO: [AreaMapTest] testEndGame_PlayerWinsByCapturingCastles passed
Sep 10, 2025 6:41:57 PM vln.com.map.AreaMapTest setUp
INFO: [AreaMapTest] Setting up AreaMap instance
Sep 10, 2025 6:41:57 PM vln.com.map.AreaMapTest testAutoSaveOnEndRound
INFO: [AreaMapTest] testAutoSaveOnEndRound start
Sep 10, 2025 6:41:57 PM vln.com.map.AreaMapTest testAutoSaveOnEndRound
SEVERE: testAutoSaveOnEndRound failed
org.opentest4j.AssertionFailedError: One autosave file should be created ==> expected: <1> but was: <0>
	at org.junit.jupiter.api.AssertionUtils.fail(AssertionUtils.java:55)
	at org.junit.jupiter.api.AssertionUtils.failNotEqual(AssertionUtils.java:62)
	at org.junit.jupiter.api.AssertEquals.assertEquals(AssertEquals.java:150)
	at org.junit.jupiter.api.Assertions.assertEquals(Assertions.java:559)
	at vln.com.map.AreaMapTest.testAutoSaveOnEndRound(AreaMapTest.java:352)
	at java.base/jdk.internal.reflect.DirectMethodHandleAccessor.invoke(DirectMethodHandleAccessor.java:104)
	at java.base/java.lang.reflect.Method.invoke(Method.java:565)
	at org.junit.platform.commons.util.ReflectionUtils.invokeMethod(ReflectionUtils.java:725)
	at org.junit.jupiter.engine.execution.MethodInvocation.proceed(MethodInvocation.java:60)
	at org.junit.jupiter.engine.execution.InvocationInterceptorChain$ValidatingInvocation.proceed(InvocationInterceptorChain.java:131)
	at org.junit.jupiter.engine.extension.TimeoutExtension.intercept(TimeoutExtension.java:149)
	at org.junit.jupiter.engine.extension.TimeoutExtension.interceptTestableMethod(TimeoutExtension.java:140)
	at org.junit.jupiter.engine.extension.TimeoutExtension.interceptTestMethod(TimeoutExtension.java:84)
	at org.junit.jupiter.engine.execution.ExecutableInvoker$ReflectiveInterceptorCall.lambda$ofVoidMethod$0(ExecutableInvoker.java:115)
	at org.junit.jupiter.engine.execution.ExecutableInvoker.lambda$invoke$0(ExecutableInvoker.java:105)
	at org.junit.jupiter.engine.execution.InvocationInterceptorChain$InterceptedInvocation.proceed(InvocationInterceptorChain.java:106)
	at org.junit.jupiter.engine.execution.InvocationInterceptorChain.proceed(InvocationInterceptorChain.java:64)
	at org.junit.jupiter.engine.execution.InvocationInterceptorChain.chainAndInvoke(InvocationInterceptorChain.java:45)
	at org.junit.jupiter.engine.execution.InvocationInterceptorChain.invoke(InvocationInterceptorChain.java:37)
	at org.junit.jupiter.engine.execution.ExecutableInvoker.invoke(ExecutableInvoker.java:104)
	at org.junit.jupiter.engine.execution.ExecutableInvoker.invoke(ExecutableInvoker.java:98)
	at org.junit.jupiter.engine.descriptor.TestMethodTestDescriptor.lambda$invokeTestMethod$7(TestMethodTestDescriptor.java:214)
	at org.junit.platform.engine.support.hierarchical.ThrowableCollector.execute(ThrowableCollector.java:73)
	at org.junit.jupiter.engine.descriptor.TestMethodTestDescriptor.invokeTestMethod(TestMethodTestDescriptor.java:210)
	at org.junit.jupiter.engine.descriptor.TestMethodTestDescriptor.execute(TestMethodTestDescriptor.java:135)
	at org.junit.jupiter.engine.descriptor.TestMethodTestDescriptor.execute(TestMethodTestDescriptor.java:66)
	at org.junit.platform.engine.support.hierarchical.NodeTestTask.lambda$executeRecursively$6(NodeTestTask.java:151)
	at org.junit.platform.engine.support.hierarchical.ThrowableCollector.execute(ThrowableCollector.java:73)
	at org.junit.platform.engine.support.hierarchical.NodeTestTask.lambda$executeRecursively$8(NodeTestTask.java:141)
	at org.junit.platform.engine.support.hierarchical.Node.around(Node.java:137)
	at org.junit.platform.engine.support.hierarchical.NodeTestTask.lambda$executeRecursively$9(NodeTestTask.java:139)
	at org.junit.platform.engine.support.hierarchical.ThrowableCollector.execute(ThrowableCollector.java:73)
	at org.junit.platform.engine.support.hierarchical.NodeTestTask.executeRecursively(NodeTestTask.java:138)
	at org.junit.platform.engine.support.hierarchical.NodeTestTask.execute(NodeTestTask.java:95)
	at java.base/java.util.ArrayList.forEach(ArrayList.java:1604)
	at org.junit.platform.engine.support.hierarchical.SameThreadHierarchicalTestExecutorService.invokeAll(SameThreadHierarchicalTestExecutorService.java:41)
	at org.junit.platform.engine.support.hierarchical.NodeTestTask.lambda$executeRecursively$6(NodeTestTask.java:155)
	at org.junit.platform.engine.support.hierarchical.ThrowableCollector.execute(ThrowableCollector.java:73)
	at org.junit.platform.engine.support.hierarchical.NodeTestTask.lambda$executeRecursively$8(NodeTestTask.java:141)
	at org.junit.platform.engine.support.hierarchical.Node.around(Node.java:137)
	at org.junit.platform.engine.support.hierarchical.NodeTestTask.lambda$executeRecursively$9(NodeTestTask.java:139)
	at org.junit.platform.engine.support.hierarchical.ThrowableCollector.execute(ThrowableCollector.java:73)
	at org.junit.platform.engine.support.hierarchical.NodeTestTask.executeRecursively(NodeTestTask.java:138)
	at org.junit.platform.engine.support.hierarchical.NodeTestTask.execute(NodeTestTask.java:95)
	at java.base/java.util.ArrayList.forEach(ArrayList.java:1604)
	at org.junit.platform.engine.support.hierarchical.SameThreadHierarchicalTestExecutorService.invokeAll(SameThreadHierarchicalTestExecutorService.java:41)
	at org.junit.platform.engine.support.hierarchical.NodeTestTask.lambda$executeRecursively$6(NodeTestTask.java:155)
	at org.junit.platform.engine.support.hierarchical.ThrowableCollector.execute(ThrowableCollector.java:73)
	at org.junit.platform.engine.support.hierarchical.NodeTestTask.lambda$executeRecursively$8(NodeTestTask.java:141)
	at org.junit.platform.engine.support.hierarchical.Node.around(Node.java:137)
	at org.junit.platform.engine.support.hierarchical.NodeTestTask.lambda$executeRecursively$9(NodeTestTask.java:139)
	at org.junit.platform.engine.support.hierarchical.ThrowableCollector.execute(ThrowableCollector.java:73)
	at org.junit.platform.engine.support.hierarchical.NodeTestTask.executeRecursively(NodeTestTask.java:138)
	at org.junit.platform.engine.support.hierarchical.NodeTestTask.execute(NodeTestTask.java:95)
	at org.junit.platform.engine.support.hierarchical.SameThreadHierarchicalTestExecutorService.submit(SameThreadHierarchicalTestExecutorService.java:35)
	at org.junit.platform.engine.support.hierarchical.HierarchicalTestExecutor.execute(HierarchicalTestExecutor.java:57)
	at org.junit.platform.engine.support.hierarchical.HierarchicalTestEngine.execute(HierarchicalTestEngine.java:54)
	at org.junit.platform.launcher.core.EngineExecutionOrchestrator.execute(EngineExecutionOrchestrator.java:107)
	at org.junit.platform.launcher.core.EngineExecutionOrchestrator.execute(EngineExecutionOrchestrator.java:88)
	at org.junit.platform.launcher.core.EngineExecutionOrchestrator.lambda$execute$0(EngineExecutionOrchestrator.java:54)
	at org.junit.platform.launcher.core.EngineExecutionOrchestrator.withInterceptedStreams(EngineExecutionOrchestrator.java:67)
	at org.junit.platform.launcher.core.EngineExecutionOrchestrator.execute(EngineExecutionOrchestrator.java:52)
	at org.junit.platform.launcher.core.DefaultLauncher.execute(DefaultLauncher.java:114)
	at org.junit.platform.launcher.core.DefaultLauncher.execute(DefaultLauncher.java:86)
	at org.junit.platform.launcher.core.DefaultLauncherSession$DelegatingLauncher.execute(DefaultLauncherSession.java:86)
	at org.junit.platform.launcher.core.SessionPerRequestLauncher.execute(SessionPerRequestLauncher.java:53)
	at com.intellij.junit5.JUnit5IdeaTestRunner.startRunnerWithArgs(JUnit5IdeaTestRunner.java:57)
	at com.intellij.rt.junit.IdeaTestRunner$Repeater$1.execute(IdeaTestRunner.java:38)
	at com.intellij.rt.execution.junit.TestsRepeater.repeat(TestsRepeater.java:11)
	at com.intellij.rt.junit.IdeaTestRunner$Repeater.startRunnerWithArgs(IdeaTestRunner.java:35)
	at com.intellij.rt.junit.JUnitStarter.prepareStreamsAndStart(JUnitStarter.java:231)
	at com.intellij.rt.junit.JUnitStarter.main(JUnitStarter.java:55)

Sep 10, 2025 6:41:57 PM vln.com.map.AreaMapTest setUp
INFO: [AreaMapTest] Setting up AreaMap instance
Sep 10, 2025 6:41:57 PM vln.com.map.AreaMapTest testMoveHero_offMap_noChange
INFO: [AreaMapTest] testMoveHero_offMap_noChange start
Sep 10, 2025 6:41:57 PM vln.com.map.AreaMapTest testMoveHero_offMap_noChange
INFO: [AreaMapTest] testMoveHero_offMap_noChange passed
Sep 10, 2025 6:41:57 PM vln.com.map.AreaMapTest setUp
INFO: [AreaMapTest] Setting up AreaMap instance
Sep 10, 2025 6:41:57 PM vln.com.map.AreaMapTest testApplySmoke_setsSmokeLayerWithinRadius
INFO: [AreaMapTest] testApplySmoke_setsSmokeLayerWithinRadius start
Sep 10, 2025 6:41:57 PM vln.com.map.AreaMapTest testApplySmoke_setsSmokeLayerWithinRadius
INFO: [AreaMapTest] testApplySmoke_setsSmokeLayerWithinRadius passed
Sep 10, 2025 6:41:57 PM vln.com.map.AreaMapTest setUp
INFO: [AreaMapTest] Setting up AreaMap instance
Sep 10, 2025 6:41:57 PM vln.com.map.AreaMapTest testMoveHero_trailMovement_reducesMovesAndMovesHero
INFO: [AreaMapTest] testMoveHero_trailMovement_reducesMovesAndMovesHero start
Sep 10, 2025 6:41:58 PM vln.com.map.AreaMapTest testMoveHero_trailMovement_reducesMovesAndMovesHero
INFO: [AreaMapTest] testMoveHero_trailMovement_reducesMovesAndMovesHero passed
Sep 10, 2025 6:41:58 PM vln.com.map.AreaMapTest setUp
INFO: [AreaMapTest] Setting up AreaMap instance
Sep 10, 2025 6:41:58 PM vln.com.map.AreaMapTest testRemoveSmoke_clearsSmokeLayerAndResetsDisplay
INFO: [AreaMapTest] testRemoveSmoke_clearsSmokeLayerAndResetsDisplay start
Sep 10, 2025 6:41:58 PM vln.com.map.AreaMapTest testRemoveSmoke_clearsSmokeLayerAndResetsDisplay
INFO: [AreaMapTest] testRemoveSmoke_clearsSmokeLayerAndResetsDisplay passed
Sep 10, 2025 6:41:58 PM vln.com.map.AreaMapTest setUp
INFO: [AreaMapTest] Setting up AreaMap instance
Sep 10, 2025 6:41:58 PM vln.com.map.AreaMapTest testEndGame_PlayerLosesWhenBotCapturesCastles
INFO: [AreaMapTest] testEndGame_PlayerLosesWhenBotCapturesCastles start
Sep 10, 2025 6:41:58 PM vln.com.map.AreaMapTest testEndGame_PlayerLosesWhenBotCapturesCastles
INFO: [AreaMapTest] testEndGame_PlayerLosesWhenBotCapturesCastles passed
Sep 10, 2025 6:41:58 PM vln.com.map.AreaMapTest setUp
INFO: [AreaMapTest] Setting up AreaMap instance
Sep 10, 2025 6:41:58 PM vln.com.map.AreaMapTest testMoveHero_obstacle_noMove
INFO: [AreaMapTest] testMoveHero_obstacle_noMove start
Sep 10, 2025 6:41:58 PM vln.com.map.AreaMapTest testMoveHero_obstacle_noMove
INFO: [AreaMapTest] testMoveHero_obstacle_noMove passed
Sep 10, 2025 6:41:58 PM vln.com.map.AreaMapTest setUp
INFO: [AreaMapTest] Setting up AreaMap instance
Sep 10, 2025 6:41:58 PM vln.com.map.AreaMapTest testMapEditingExistingMap
INFO: [AreaMapTest] testMapEditingExistingMap start
Sep 10, 2025 6:41:58 PM vln.com.map.AreaMapTest testMapEditingExistingMap
SEVERE: testMapEditingExistingMap failed
java.io.FileNotFoundException: src\main\resources\maps\testMap.map (The system cannot find the file specified)
	at java.base/java.io.FileInputStream.open0(Native Method)
	at java.base/java.io.FileInputStream.open(FileInputStream.java:185)
	at java.base/java.io.FileInputStream.<init>(FileInputStream.java:139)
	at java.base/java.io.FileInputStream.<init>(FileInputStream.java:109)
	at java.base/java.io.FileReader.<init>(FileReader.java:60)
	at vln.com.map.AreaMap.loadFromFile(AreaMap.java:568)
	at vln.com.map.AreaMap.<init>(AreaMap.java:59)
	at vln.com.map.AreaMapTest.testMapEditingExistingMap(AreaMapTest.java:219)
	at java.base/jdk.internal.reflect.DirectMethodHandleAccessor.invoke(DirectMethodHandleAccessor.java:104)
	at java.base/java.lang.reflect.Method.invoke(Method.java:565)
	at org.junit.platform.commons.util.ReflectionUtils.invokeMethod(ReflectionUtils.java:725)
	at org.junit.jupiter.engine.execution.MethodInvocation.proceed(MethodInvocation.java:60)
	at org.junit.jupiter.engine.execution.InvocationInterceptorChain$ValidatingInvocation.proceed(InvocationInterceptorChain.java:131)
	at org.junit.jupiter.engine.extension.TimeoutExtension.intercept(TimeoutExtension.java:149)
	at org.junit.jupiter.engine.extension.TimeoutExtension.interceptTestableMethod(TimeoutExtension.java:140)
	at org.junit.jupiter.engine.extension.TimeoutExtension.interceptTestMethod(TimeoutExtension.java:84)
	at org.junit.jupiter.engine.execution.ExecutableInvoker$ReflectiveInterceptorCall.lambda$ofVoidMethod$0(ExecutableInvoker.java:115)
	at org.junit.jupiter.engine.execution.ExecutableInvoker.lambda$invoke$0(ExecutableInvoker.java:105)
	at org.junit.jupiter.engine.execution.InvocationInterceptorChain$InterceptedInvocation.proceed(InvocationInterceptorChain.java:106)
	at org.junit.jupiter.engine.execution.InvocationInterceptorChain.proceed(InvocationInterceptorChain.java:64)
	at org.junit.jupiter.engine.execution.InvocationInterceptorChain.chainAndInvoke(InvocationInterceptorChain.java:45)
	at org.junit.jupiter.engine.execution.InvocationInterceptorChain.invoke(InvocationInterceptorChain.java:37)
	at org.junit.jupiter.engine.execution.ExecutableInvoker.invoke(ExecutableInvoker.java:104)
	at org.junit.jupiter.engine.execution.ExecutableInvoker.invoke(ExecutableInvoker.java:98)
	at org.junit.jupiter.engine.descriptor.TestMethodTestDescriptor.lambda$invokeTestMethod$7(TestMethodTestDescriptor.java:214)
	at org.junit.platform.engine.support.hierarchical.ThrowableCollector.execute(ThrowableCollector.java:73)
	at org.junit.jupiter.engine.descriptor.TestMethodTestDescriptor.invokeTestMethod(TestMethodTestDescriptor.java:210)
	at org.junit.jupiter.engine.descriptor.TestMethodTestDescriptor.execute(TestMethodTestDescriptor.java:135)
	at org.junit.jupiter.engine.descriptor.TestMethodTestDescriptor.execute(TestMethodTestDescriptor.java:66)
	at org.junit.platform.engine.support.hierarchical.NodeTestTask.lambda$executeRecursively$6(NodeTestTask.java:151)
	at org.junit.platform.engine.support.hierarchical.ThrowableCollector.execute(ThrowableCollector.java:73)
	at org.junit.platform.engine.support.hierarchical.NodeTestTask.lambda$executeRecursively$8(NodeTestTask.java:141)
	at org.junit.platform.engine.support.hierarchical.Node.around(Node.java:137)
	at org.junit.platform.engine.support.hierarchical.NodeTestTask.lambda$executeRecursively$9(NodeTestTask.java:139)
	at org.junit.platform.engine.support.hierarchical.ThrowableCollector.execute(ThrowableCollector.java:73)
	at org.junit.platform.engine.support.hierarchical.NodeTestTask.executeRecursively(NodeTestTask.java:138)
	at org.junit.platform.engine.support.hierarchical.NodeTestTask.execute(NodeTestTask.java:95)
	at java.base/java.util.ArrayList.forEach(ArrayList.java:1604)
	at org.junit.platform.engine.support.hierarchical.SameThreadHierarchicalTestExecutorService.invokeAll(SameThreadHierarchicalTestExecutorService.java:41)
	at org.junit.platform.engine.support.hierarchical.NodeTestTask.lambda$executeRecursively$6(NodeTestTask.java:155)
	at org.junit.platform.engine.support.hierarchical.ThrowableCollector.execute(ThrowableCollector.java:73)
	at org.junit.platform.engine.support.hierarchical.NodeTestTask.lambda$executeRecursively$8(NodeTestTask.java:141)
	at org.junit.platform.engine.support.hierarchical.Node.around(Node.java:137)
	at org.junit.platform.engine.support.hierarchical.NodeTestTask.lambda$executeRecursively$9(NodeTestTask.java:139)
	at org.junit.platform.engine.support.hierarchical.ThrowableCollector.execute(ThrowableCollector.java:73)
	at org.junit.platform.engine.support.hierarchical.NodeTestTask.executeRecursively(NodeTestTask.java:138)
	at org.junit.platform.engine.support.hierarchical.NodeTestTask.execute(NodeTestTask.java:95)
	at java.base/java.util.ArrayList.forEach(ArrayList.java:1604)
	at org.junit.platform.engine.support.hierarchical.SameThreadHierarchicalTestExecutorService.invokeAll(SameThreadHierarchicalTestExecutorService.java:41)
	at org.junit.platform.engine.support.hierarchical.NodeTestTask.lambda$executeRecursively$6(NodeTestTask.java:155)
	at org.junit.platform.engine.support.hierarchical.ThrowableCollector.execute(ThrowableCollector.java:73)
	at org.junit.platform.engine.support.hierarchical.NodeTestTask.lambda$executeRecursively$8(NodeTestTask.java:141)
	at org.junit.platform.engine.support.hierarchical.Node.around(Node.java:137)
	at org.junit.platform.engine.support.hierarchical.NodeTestTask.lambda$executeRecursively$9(NodeTestTask.java:139)
	at org.junit.platform.engine.support.hierarchical.ThrowableCollector.execute(ThrowableCollector.java:73)
	at org.junit.platform.engine.support.hierarchical.NodeTestTask.executeRecursively(NodeTestTask.java:138)
	at org.junit.platform.engine.support.hierarchical.NodeTestTask.execute(NodeTestTask.java:95)
	at org.junit.platform.engine.support.hierarchical.SameThreadHierarchicalTestExecutorService.submit(SameThreadHierarchicalTestExecutorService.java:35)
	at org.junit.platform.engine.support.hierarchical.HierarchicalTestExecutor.execute(HierarchicalTestExecutor.java:57)
	at org.junit.platform.engine.support.hierarchical.HierarchicalTestEngine.execute(HierarchicalTestEngine.java:54)
	at org.junit.platform.launcher.core.EngineExecutionOrchestrator.execute(EngineExecutionOrchestrator.java:107)
	at org.junit.platform.launcher.core.EngineExecutionOrchestrator.execute(EngineExecutionOrchestrator.java:88)
	at org.junit.platform.launcher.core.EngineExecutionOrchestrator.lambda$execute$0(EngineExecutionOrchestrator.java:54)
	at org.junit.platform.launcher.core.EngineExecutionOrchestrator.withInterceptedStreams(EngineExecutionOrchestrator.java:67)
	at org.junit.platform.launcher.core.EngineExecutionOrchestrator.execute(EngineExecutionOrchestrator.java:52)
	at org.junit.platform.launcher.core.DefaultLauncher.execute(DefaultLauncher.java:114)
	at org.junit.platform.launcher.core.DefaultLauncher.execute(DefaultLauncher.java:86)
	at org.junit.platform.launcher.core.DefaultLauncherSession$DelegatingLauncher.execute(DefaultLauncherSession.java:86)
	at org.junit.platform.launcher.core.SessionPerRequestLauncher.execute(SessionPerRequestLauncher.java:53)
	at com.intellij.junit5.JUnit5IdeaTestRunner.startRunnerWithArgs(JUnit5IdeaTestRunner.java:57)
	at com.intellij.rt.junit.IdeaTestRunner$Repeater$1.execute(IdeaTestRunner.java:38)
	at com.intellij.rt.execution.junit.TestsRepeater.repeat(TestsRepeater.java:11)
	at com.intellij.rt.junit.IdeaTestRunner$Repeater.startRunnerWithArgs(IdeaTestRunner.java:35)
	at com.intellij.rt.junit.JUnitStarter.prepareStreamsAndStart(JUnitStarter.java:231)
	at com.intellij.rt.junit.JUnitStarter.main(JUnitStarter.java:55)

Sep 10, 2025 6:41:58 PM vln.com.map.AreaMapTest setUp
INFO: [AreaMapTest] Setting up AreaMap instance
Sep 10, 2025 6:41:58 PM vln.com.map.AreaMapTest testMapLoading
INFO: [AreaMapTest] testMapLoading start
Sep 10, 2025 6:41:58 PM vln.com.map.AreaMapTest testMapLoading
SEVERE: testMapLoading failed
java.io.FileNotFoundException: src\main\resources\maps\testMap.map (The system cannot find the file specified)
	at java.base/java.io.FileInputStream.open0(Native Method)
	at java.base/java.io.FileInputStream.open(FileInputStream.java:185)
	at java.base/java.io.FileInputStream.<init>(FileInputStream.java:139)
	at java.base/java.io.FileInputStream.<init>(FileInputStream.java:109)
	at java.base/java.io.FileReader.<init>(FileReader.java:60)
	at vln.com.map.AreaMap.loadFromFile(AreaMap.java:568)
	at vln.com.map.AreaMap.<init>(AreaMap.java:59)
	at vln.com.map.AreaMapTest.testMapLoading(AreaMapTest.java:265)
	at java.base/jdk.internal.reflect.DirectMethodHandleAccessor.invoke(DirectMethodHandleAccessor.java:104)
	at java.base/java.lang.reflect.Method.invoke(Method.java:565)
	at org.junit.platform.commons.util.ReflectionUtils.invokeMethod(ReflectionUtils.java:725)
	at org.junit.jupiter.engine.execution.MethodInvocation.proceed(MethodInvocation.java:60)
	at org.junit.jupiter.engine.execution.InvocationInterceptorChain$ValidatingInvocation.proceed(InvocationInterceptorChain.java:131)
	at org.junit.jupiter.engine.extension.TimeoutExtension.intercept(TimeoutExtension.java:149)
	at org.junit.jupiter.engine.extension.TimeoutExtension.interceptTestableMethod(TimeoutExtension.java:140)
	at org.junit.jupiter.engine.extension.TimeoutExtension.interceptTestMethod(TimeoutExtension.java:84)
	at org.junit.jupiter.engine.execution.ExecutableInvoker$ReflectiveInterceptorCall.lambda$ofVoidMethod$0(ExecutableInvoker.java:115)
	at org.junit.jupiter.engine.execution.ExecutableInvoker.lambda$invoke$0(ExecutableInvoker.java:105)
	at org.junit.jupiter.engine.execution.InvocationInterceptorChain$InterceptedInvocation.proceed(InvocationInterceptorChain.java:106)
	at org.junit.jupiter.engine.execution.InvocationInterceptorChain.proceed(InvocationInterceptorChain.java:64)
	at org.junit.jupiter.engine.execution.InvocationInterceptorChain.chainAndInvoke(InvocationInterceptorChain.java:45)
	at org.junit.jupiter.engine.execution.InvocationInterceptorChain.invoke(InvocationInterceptorChain.java:37)
	at org.junit.jupiter.engine.execution.ExecutableInvoker.invoke(ExecutableInvoker.java:104)
	at org.junit.jupiter.engine.execution.ExecutableInvoker.invoke(ExecutableInvoker.java:98)
	at org.junit.jupiter.engine.descriptor.TestMethodTestDescriptor.lambda$invokeTestMethod$7(TestMethodTestDescriptor.java:214)
	at org.junit.platform.engine.support.hierarchical.ThrowableCollector.execute(ThrowableCollector.java:73)
	at org.junit.jupiter.engine.descriptor.TestMethodTestDescriptor.invokeTestMethod(TestMethodTestDescriptor.java:210)
	at org.junit.jupiter.engine.descriptor.TestMethodTestDescriptor.execute(TestMethodTestDescriptor.java:135)
	at org.junit.jupiter.engine.descriptor.TestMethodTestDescriptor.execute(TestMethodTestDescriptor.java:66)
	at org.junit.platform.engine.support.hierarchical.NodeTestTask.lambda$executeRecursively$6(NodeTestTask.java:151)
	at org.junit.platform.engine.support.hierarchical.ThrowableCollector.execute(ThrowableCollector.java:73)
	at org.junit.platform.engine.support.hierarchical.NodeTestTask.lambda$executeRecursively$8(NodeTestTask.java:141)
	at org.junit.platform.engine.support.hierarchical.Node.around(Node.java:137)
	at org.junit.platform.engine.support.hierarchical.NodeTestTask.lambda$executeRecursively$9(NodeTestTask.java:139)
	at org.junit.platform.engine.support.hierarchical.ThrowableCollector.execute(ThrowableCollector.java:73)
	at org.junit.platform.engine.support.hierarchical.NodeTestTask.executeRecursively(NodeTestTask.java:138)
	at org.junit.platform.engine.support.hierarchical.NodeTestTask.execute(NodeTestTask.java:95)
	at java.base/java.util.ArrayList.forEach(ArrayList.java:1604)
	at org.junit.platform.engine.support.hierarchical.SameThreadHierarchicalTestExecutorService.invokeAll(SameThreadHierarchicalTestExecutorService.java:41)
	at org.junit.platform.engine.support.hierarchical.NodeTestTask.lambda$executeRecursively$6(NodeTestTask.java:155)
	at org.junit.platform.engine.support.hierarchical.ThrowableCollector.execute(ThrowableCollector.java:73)
	at org.junit.platform.engine.support.hierarchical.NodeTestTask.lambda$executeRecursively$8(NodeTestTask.java:141)
	at org.junit.platform.engine.support.hierarchical.Node.around(Node.java:137)
	at org.junit.platform.engine.support.hierarchical.NodeTestTask.lambda$executeRecursively$9(NodeTestTask.java:139)
	at org.junit.platform.engine.support.hierarchical.ThrowableCollector.execute(ThrowableCollector.java:73)
	at org.junit.platform.engine.support.hierarchical.NodeTestTask.executeRecursively(NodeTestTask.java:138)
	at org.junit.platform.engine.support.hierarchical.NodeTestTask.execute(NodeTestTask.java:95)
	at java.base/java.util.ArrayList.forEach(ArrayList.java:1604)
	at org.junit.platform.engine.support.hierarchical.SameThreadHierarchicalTestExecutorService.invokeAll(SameThreadHierarchicalTestExecutorService.java:41)
	at org.junit.platform.engine.support.hierarchical.NodeTestTask.lambda$executeRecursively$6(NodeTestTask.java:155)
	at org.junit.platform.engine.support.hierarchical.ThrowableCollector.execute(ThrowableCollector.java:73)
	at org.junit.platform.engine.support.hierarchical.NodeTestTask.lambda$executeRecursively$8(NodeTestTask.java:141)
	at org.junit.platform.engine.support.hierarchical.Node.around(Node.java:137)
	at org.junit.platform.engine.support.hierarchical.NodeTestTask.lambda$executeRecursively$9(NodeTestTask.java:139)
	at org.junit.platform.engine.support.hierarchical.ThrowableCollector.execute(ThrowableCollector.java:73)
	at org.junit.platform.engine.support.hierarchical.NodeTestTask.executeRecursively(NodeTestTask.java:138)
	at org.junit.platform.engine.support.hierarchical.NodeTestTask.execute(NodeTestTask.java:95)
	at org.junit.platform.engine.support.hierarchical.SameThreadHierarchicalTestExecutorService.submit(SameThreadHierarchicalTestExecutorService.java:35)
	at org.junit.platform.engine.support.hierarchical.HierarchicalTestExecutor.execute(HierarchicalTestExecutor.java:57)
	at org.junit.platform.engine.support.hierarchical.HierarchicalTestEngine.execute(HierarchicalTestEngine.java:54)
	at org.junit.platform.launcher.core.EngineExecutionOrchestrator.execute(EngineExecutionOrchestrator.java:107)
	at org.junit.platform.launcher.core.EngineExecutionOrchestrator.execute(EngineExecutionOrchestrator.java:88)
	at org.junit.platform.launcher.core.EngineExecutionOrchestrator.lambda$execute$0(EngineExecutionOrchestrator.java:54)
	at org.junit.platform.launcher.core.EngineExecutionOrchestrator.withInterceptedStreams(EngineExecutionOrchestrator.java:67)
	at org.junit.platform.launcher.core.EngineExecutionOrchestrator.execute(EngineExecutionOrchestrator.java:52)
	at org.junit.platform.launcher.core.DefaultLauncher.execute(DefaultLauncher.java:114)
	at org.junit.platform.launcher.core.DefaultLauncher.execute(DefaultLauncher.java:86)
	at org.junit.platform.launcher.core.DefaultLauncherSession$DelegatingLauncher.execute(DefaultLauncherSession.java:86)
	at org.junit.platform.launcher.core.SessionPerRequestLauncher.execute(SessionPerRequestLauncher.java:53)
	at com.intellij.junit5.JUnit5IdeaTestRunner.startRunnerWithArgs(JUnit5IdeaTestRunner.java:57)
	at com.intellij.rt.junit.IdeaTestRunner$Repeater$1.execute(IdeaTestRunner.java:38)
	at com.intellij.rt.execution.junit.TestsRepeater.repeat(TestsRepeater.java:11)
	at com.intellij.rt.junit.IdeaTestRunner$Repeater.startRunnerWithArgs(IdeaTestRunner.java:35)
	at com.intellij.rt.junit.JUnitStarter.prepareStreamsAndStart(JUnitStarter.java:231)
	at com.intellij.rt.junit.JUnitStarter.main(JUnitStarter.java:55)

Sep 10, 2025 6:41:58 PM vln.com.map.AreaMapTest setUp
INFO: [AreaMapTest] Setting up AreaMap instance
Sep 10, 2025 6:41:58 PM vln.com.map.AreaMapTest testMapEditingInvalidCastlePosition
INFO: [AreaMapTest] testMapEditingInvalidCastlePosition start
Sep 10, 2025 6:41:59 PM vln.com.map.AreaMapTest testMapEditingInvalidCastlePosition
INFO: [AreaMapTest] testMapEditingInvalidCastlePosition passed
Sep 10, 2025 6:41:59 PM vln.com.map.AreaMapTest setUp
INFO: [AreaMapTest] Setting up AreaMap instance
Sep 10, 2025 6:41:59 PM vln.com.map.AreaMapTest testMoveThroughSmoke_reducesMovesCorrectly
INFO: [AreaMapTest] testMoveThroughSmoke_reducesMovesCorrectly start
Sep 10, 2025 6:42:00 PM vln.com.map.AreaMapTest testMoveThroughSmoke_reducesMovesCorrectly
INFO: [AreaMapTest] testMoveThroughSmoke_reducesMovesCorrectly passed
Sep 10, 2025 6:42:00 PM vln.com.map.AreaMapTest setUp
INFO: [AreaMapTest] Setting up AreaMap instance
Sep 10, 2025 6:42:00 PM vln.com.map.AreaMapTest testSmokeUnitSpawn_createsSmokeArea
INFO: [AreaMapTest] testSmokeUnitSpawn_createsSmokeArea start
Sep 10, 2025 6:42:00 PM vln.com.map.AreaMapTest testSmokeUnitSpawn_createsSmokeArea
INFO: [AreaMapTest] testSmokeUnitSpawn_createsSmokeArea passed
Sep 10, 2025 6:42:00 PM vln.com.map.AreaMapTest setUp
INFO: [AreaMapTest] Setting up AreaMap instance
Sep 10, 2025 6:42:00 PM vln.com.map.AreaMapTest testLoadUserSaveWrongUser
INFO: [AreaMapTest] testLoadUserSaveWrongUser start
Sep 10, 2025 6:42:00 PM vln.com.map.AreaMapTest testLoadUserSaveWrongUser
INFO: [AreaMapTest] testLoadUserSaveWrongUser passed
Sep 10, 2025 6:42:00 PM vln.com.map.AreaMapTest setUp
INFO: [AreaMapTest] Setting up AreaMap instance
Sep 10, 2025 6:42:00 PM vln.com.map.AreaMapTest testGetHeightWidth
INFO: [AreaMapTest] testGetHeightWidth start
Sep 10, 2025 6:42:00 PM vln.com.map.AreaMapTest testGetHeightWidth
INFO: [AreaMapTest] testGetHeightWidth passed
Sep 10, 2025 6:42:00 PM vln.com.map.AreaMapTest setUp
INFO: [AreaMapTest] Setting up AreaMap instance
Sep 10, 2025 6:42:00 PM vln.com.map.AreaMapTest testMapEditingValidCoordinates
INFO: [AreaMapTest] testMapEditingValidCoordinates start
Sep 10, 2025 6:42:00 PM vln.com.map.AreaMapTest testMapEditingValidCoordinates
INFO: Initial cursor position: (5,5)
Sep 10, 2025 6:42:04 PM vln.com.map.AreaMapTest testMapEditingValidCoordinates
INFO: Type at (5,6): Trail
Sep 10, 2025 6:42:04 PM vln.com.map.AreaMapTest testMapEditingValidCoordinates
INFO: Type at (6,6): Obstacle
Sep 10, 2025 6:42:04 PM vln.com.map.AreaMapTest testMapEditingValidCoordinates
INFO: Type at (6,5): Field
Sep 10, 2025 6:42:04 PM vln.com.map.AreaMapTest testMapEditingValidCoordinates
SEVERE: testMapEditingValidCoordinates failed
org.opentest4j.AssertionFailedError: Should place Field at (6,5) ==> Unexpected type ==> expected: <java.lang.reflect.Field> but was: <vln.com.map.Field>
	at org.junit.jupiter.api.AssertInstanceOf.assertInstanceOf(AssertInstanceOf.java:51)
	at org.junit.jupiter.api.AssertInstanceOf.assertInstanceOf(AssertInstanceOf.java:39)
	at org.junit.jupiter.api.Assertions.assertInstanceOf(Assertions.java:3555)
	at vln.com.map.AreaMapTest.testMapEditingValidCoordinates(AreaMapTest.java:115)
	at java.base/jdk.internal.reflect.DirectMethodHandleAccessor.invoke(DirectMethodHandleAccessor.java:104)
	at java.base/java.lang.reflect.Method.invoke(Method.java:565)
	at org.junit.platform.commons.util.ReflectionUtils.invokeMethod(ReflectionUtils.java:725)
	at org.junit.jupiter.engine.execution.MethodInvocation.proceed(MethodInvocation.java:60)
	at org.junit.jupiter.engine.execution.InvocationInterceptorChain$ValidatingInvocation.proceed(InvocationInterceptorChain.java:131)
	at org.junit.jupiter.engine.extension.TimeoutExtension.intercept(TimeoutExtension.java:149)
	at org.junit.jupiter.engine.extension.TimeoutExtension.interceptTestableMethod(TimeoutExtension.java:140)
	at org.junit.jupiter.engine.extension.TimeoutExtension.interceptTestMethod(TimeoutExtension.java:84)
	at org.junit.jupiter.engine.execution.ExecutableInvoker$ReflectiveInterceptorCall.lambda$ofVoidMethod$0(ExecutableInvoker.java:115)
	at org.junit.jupiter.engine.execution.ExecutableInvoker.lambda$invoke$0(ExecutableInvoker.java:105)
	at org.junit.jupiter.engine.execution.InvocationInterceptorChain$InterceptedInvocation.proceed(InvocationInterceptorChain.java:106)
	at org.junit.jupiter.engine.execution.InvocationInterceptorChain.proceed(InvocationInterceptorChain.java:64)
	at org.junit.jupiter.engine.execution.InvocationInterceptorChain.chainAndInvoke(InvocationInterceptorChain.java:45)
	at org.junit.jupiter.engine.execution.InvocationInterceptorChain.invoke(InvocationInterceptorChain.java:37)
	at org.junit.jupiter.engine.execution.ExecutableInvoker.invoke(ExecutableInvoker.java:104)
	at org.junit.jupiter.engine.execution.ExecutableInvoker.invoke(ExecutableInvoker.java:98)
	at org.junit.jupiter.engine.descriptor.TestMethodTestDescriptor.lambda$invokeTestMethod$7(TestMethodTestDescriptor.java:214)
	at org.junit.platform.engine.support.hierarchical.ThrowableCollector.execute(ThrowableCollector.java:73)
	at org.junit.jupiter.engine.descriptor.TestMethodTestDescriptor.invokeTestMethod(TestMethodTestDescriptor.java:210)
	at org.junit.jupiter.engine.descriptor.TestMethodTestDescriptor.execute(TestMethodTestDescriptor.java:135)
	at org.junit.jupiter.engine.descriptor.TestMethodTestDescriptor.execute(TestMethodTestDescriptor.java:66)
	at org.junit.platform.engine.support.hierarchical.NodeTestTask.lambda$executeRecursively$6(NodeTestTask.java:151)
	at org.junit.platform.engine.support.hierarchical.ThrowableCollector.execute(ThrowableCollector.java:73)
	at org.junit.platform.engine.support.hierarchical.NodeTestTask.lambda$executeRecursively$8(NodeTestTask.java:141)
	at org.junit.platform.engine.support.hierarchical.Node.around(Node.java:137)
	at org.junit.platform.engine.support.hierarchical.NodeTestTask.lambda$executeRecursively$9(NodeTestTask.java:139)
	at org.junit.platform.engine.support.hierarchical.ThrowableCollector.execute(ThrowableCollector.java:73)
	at org.junit.platform.engine.support.hierarchical.NodeTestTask.executeRecursively(NodeTestTask.java:138)
	at org.junit.platform.engine.support.hierarchical.NodeTestTask.execute(NodeTestTask.java:95)
	at java.base/java.util.ArrayList.forEach(ArrayList.java:1604)
	at org.junit.platform.engine.support.hierarchical.SameThreadHierarchicalTestExecutorService.invokeAll(SameThreadHierarchicalTestExecutorService.java:41)
	at org.junit.platform.engine.support.hierarchical.NodeTestTask.lambda$executeRecursively$6(NodeTestTask.java:155)
	at org.junit.platform.engine.support.hierarchical.ThrowableCollector.execute(ThrowableCollector.java:73)
	at org.junit.platform.engine.support.hierarchical.NodeTestTask.lambda$executeRecursively$8(NodeTestTask.java:141)
	at org.junit.platform.engine.support.hierarchical.Node.around(Node.java:137)
	at org.junit.platform.engine.support.hierarchical.NodeTestTask.lambda$executeRecursively$9(NodeTestTask.java:139)
	at org.junit.platform.engine.support.hierarchical.ThrowableCollector.execute(ThrowableCollector.java:73)
	at org.junit.platform.engine.support.hierarchical.NodeTestTask.executeRecursively(NodeTestTask.java:138)
	at org.junit.platform.engine.support.hierarchical.NodeTestTask.execute(NodeTestTask.java:95)
	at java.base/java.util.ArrayList.forEach(ArrayList.java:1604)
	at org.junit.platform.engine.support.hierarchical.SameThreadHierarchicalTestExecutorService.invokeAll(SameThreadHierarchicalTestExecutorService.java:41)
	at org.junit.platform.engine.support.hierarchical.NodeTestTask.lambda$executeRecursively$6(NodeTestTask.java:155)
	at org.junit.platform.engine.support.hierarchical.ThrowableCollector.execute(ThrowableCollector.java:73)
	at org.junit.platform.engine.support.hierarchical.NodeTestTask.lambda$executeRecursively$8(NodeTestTask.java:141)
	at org.junit.platform.engine.support.hierarchical.Node.around(Node.java:137)
	at org.junit.platform.engine.support.hierarchical.NodeTestTask.lambda$executeRecursively$9(NodeTestTask.java:139)
	at org.junit.platform.engine.support.hierarchical.ThrowableCollector.execute(ThrowableCollector.java:73)
	at org.junit.platform.engine.support.hierarchical.NodeTestTask.executeRecursively(NodeTestTask.java:138)
	at org.junit.platform.engine.support.hierarchical.NodeTestTask.execute(NodeTestTask.java:95)
	at org.junit.platform.engine.support.hierarchical.SameThreadHierarchicalTestExecutorService.submit(SameThreadHierarchicalTestExecutorService.java:35)
	at org.junit.platform.engine.support.hierarchical.HierarchicalTestExecutor.execute(HierarchicalTestExecutor.java:57)
	at org.junit.platform.engine.support.hierarchical.HierarchicalTestEngine.execute(HierarchicalTestEngine.java:54)
	at org.junit.platform.launcher.core.EngineExecutionOrchestrator.execute(EngineExecutionOrchestrator.java:107)
	at org.junit.platform.launcher.core.EngineExecutionOrchestrator.execute(EngineExecutionOrchestrator.java:88)
	at org.junit.platform.launcher.core.EngineExecutionOrchestrator.lambda$execute$0(EngineExecutionOrchestrator.java:54)
	at org.junit.platform.launcher.core.EngineExecutionOrchestrator.withInterceptedStreams(EngineExecutionOrchestrator.java:67)
	at org.junit.platform.launcher.core.EngineExecutionOrchestrator.execute(EngineExecutionOrchestrator.java:52)
	at org.junit.platform.launcher.core.DefaultLauncher.execute(DefaultLauncher.java:114)
	at org.junit.platform.launcher.core.DefaultLauncher.execute(DefaultLauncher.java:86)
	at org.junit.platform.launcher.core.DefaultLauncherSession$DelegatingLauncher.execute(DefaultLauncherSession.java:86)
	at org.junit.platform.launcher.core.SessionPerRequestLauncher.execute(SessionPerRequestLauncher.java:53)
	at com.intellij.junit5.JUnit5IdeaTestRunner.startRunnerWithArgs(JUnit5IdeaTestRunner.java:57)
	at com.intellij.rt.junit.IdeaTestRunner$Repeater$1.execute(IdeaTestRunner.java:38)
	at com.intellij.rt.execution.junit.TestsRepeater.repeat(TestsRepeater.java:11)
	at com.intellij.rt.junit.IdeaTestRunner$Repeater.startRunnerWithArgs(IdeaTestRunner.java:35)
	at com.intellij.rt.junit.JUnitStarter.prepareStreamsAndStart(JUnitStarter.java:231)
	at com.intellij.rt.junit.JUnitStarter.main(JUnitStarter.java:55)

Sep 10, 2025 6:42:04 PM vln.com.map.AreaMapTest setUp
INFO: [AreaMapTest] Setting up AreaMap instance
Sep 10, 2025 6:42:04 PM vln.com.map.AreaMapTest testMapSaving
INFO: [AreaMapTest] testMapSaving start
Sep 10, 2025 6:42:06 PM vln.com.map.AreaMapTest testMapSaving
SEVERE: testMapSaving failed
java.io.IOException: Unknown Props type at 5,0: PlayerCastle
	at vln.com.map.AreaMap.saveToFile(AreaMap.java:612)
	at vln.com.map.AreaMapTest.testMapSaving(AreaMapTest.java:182)
	at java.base/jdk.internal.reflect.DirectMethodHandleAccessor.invoke(DirectMethodHandleAccessor.java:104)
	at java.base/java.lang.reflect.Method.invoke(Method.java:565)
	at org.junit.platform.commons.util.ReflectionUtils.invokeMethod(ReflectionUtils.java:725)
	at org.junit.jupiter.engine.execution.MethodInvocation.proceed(MethodInvocation.java:60)
	at org.junit.jupiter.engine.execution.InvocationInterceptorChain$ValidatingInvocation.proceed(InvocationInterceptorChain.java:131)
	at org.junit.jupiter.engine.extension.TimeoutExtension.intercept(TimeoutExtension.java:149)
	at org.junit.jupiter.engine.extension.TimeoutExtension.interceptTestableMethod(TimeoutExtension.java:140)
	at org.junit.jupiter.engine.extension.TimeoutExtension.interceptTestMethod(TimeoutExtension.java:84)
	at org.junit.jupiter.engine.execution.ExecutableInvoker$ReflectiveInterceptorCall.lambda$ofVoidMethod$0(ExecutableInvoker.java:115)
	at org.junit.jupiter.engine.execution.ExecutableInvoker.lambda$invoke$0(ExecutableInvoker.java:105)
	at org.junit.jupiter.engine.execution.InvocationInterceptorChain$InterceptedInvocation.proceed(InvocationInterceptorChain.java:106)
	at org.junit.jupiter.engine.execution.InvocationInterceptorChain.proceed(InvocationInterceptorChain.java:64)
	at org.junit.jupiter.engine.execution.InvocationInterceptorChain.chainAndInvoke(InvocationInterceptorChain.java:45)
	at org.junit.jupiter.engine.execution.InvocationInterceptorChain.invoke(InvocationInterceptorChain.java:37)
	at org.junit.jupiter.engine.execution.ExecutableInvoker.invoke(ExecutableInvoker.java:104)
	at org.junit.jupiter.engine.execution.ExecutableInvoker.invoke(ExecutableInvoker.java:98)
	at org.junit.jupiter.engine.descriptor.TestMethodTestDescriptor.lambda$invokeTestMethod$7(TestMethodTestDescriptor.java:214)
	at org.junit.platform.engine.support.hierarchical.ThrowableCollector.execute(ThrowableCollector.java:73)
	at org.junit.jupiter.engine.descriptor.TestMethodTestDescriptor.invokeTestMethod(TestMethodTestDescriptor.java:210)
	at org.junit.jupiter.engine.descriptor.TestMethodTestDescriptor.execute(TestMethodTestDescriptor.java:135)
	at org.junit.jupiter.engine.descriptor.TestMethodTestDescriptor.execute(TestMethodTestDescriptor.java:66)
	at org.junit.platform.engine.support.hierarchical.NodeTestTask.lambda$executeRecursively$6(NodeTestTask.java:151)
	at org.junit.platform.engine.support.hierarchical.ThrowableCollector.execute(ThrowableCollector.java:73)
	at org.junit.platform.engine.support.hierarchical.NodeTestTask.lambda$executeRecursively$8(NodeTestTask.java:141)
	at org.junit.platform.engine.support.hierarchical.Node.around(Node.java:137)
	at org.junit.platform.engine.support.hierarchical.NodeTestTask.lambda$executeRecursively$9(NodeTestTask.java:139)
	at org.junit.platform.engine.support.hierarchical.ThrowableCollector.execute(ThrowableCollector.java:73)
	at org.junit.platform.engine.support.hierarchical.NodeTestTask.executeRecursively(NodeTestTask.java:138)
	at org.junit.platform.engine.support.hierarchical.NodeTestTask.execute(NodeTestTask.java:95)
	at java.base/java.util.ArrayList.forEach(ArrayList.java:1604)
	at org.junit.platform.engine.support.hierarchical.SameThreadHierarchicalTestExecutorService.invokeAll(SameThreadHierarchicalTestExecutorService.java:41)
	at org.junit.platform.engine.support.hierarchical.NodeTestTask.lambda$executeRecursively$6(NodeTestTask.java:155)
	at org.junit.platform.engine.support.hierarchical.ThrowableCollector.execute(ThrowableCollector.java:73)
	at org.junit.platform.engine.support.hierarchical.NodeTestTask.lambda$executeRecursively$8(NodeTestTask.java:141)
	at org.junit.platform.engine.support.hierarchical.Node.around(Node.java:137)
	at org.junit.platform.engine.support.hierarchical.NodeTestTask.lambda$executeRecursively$9(NodeTestTask.java:139)
	at org.junit.platform.engine.support.hierarchical.ThrowableCollector.execute(ThrowableCollector.java:73)
	at org.junit.platform.engine.support.hierarchical.NodeTestTask.executeRecursively(NodeTestTask.java:138)
	at org.junit.platform.engine.support.hierarchical.NodeTestTask.execute(NodeTestTask.java:95)
	at java.base/java.util.ArrayList.forEach(ArrayList.java:1604)
	at org.junit.platform.engine.support.hierarchical.SameThreadHierarchicalTestExecutorService.invokeAll(SameThreadHierarchicalTestExecutorService.java:41)
	at org.junit.platform.engine.support.hierarchical.NodeTestTask.lambda$executeRecursively$6(NodeTestTask.java:155)
	at org.junit.platform.engine.support.hierarchical.ThrowableCollector.execute(ThrowableCollector.java:73)
	at org.junit.platform.engine.support.hierarchical.NodeTestTask.lambda$executeRecursively$8(NodeTestTask.java:141)
	at org.junit.platform.engine.support.hierarchical.Node.around(Node.java:137)
	at org.junit.platform.engine.support.hierarchical.NodeTestTask.lambda$executeRecursively$9(NodeTestTask.java:139)
	at org.junit.platform.engine.support.hierarchical.ThrowableCollector.execute(ThrowableCollector.java:73)
	at org.junit.platform.engine.support.hierarchical.NodeTestTask.executeRecursively(NodeTestTask.java:138)
	at org.junit.platform.engine.support.hierarchical.NodeTestTask.execute(NodeTestTask.java:95)
	at org.junit.platform.engine.support.hierarchical.SameThreadHierarchicalTestExecutorService.submit(SameThreadHierarchicalTestExecutorService.java:35)
	at org.junit.platform.engine.support.hierarchical.HierarchicalTestExecutor.execute(HierarchicalTestExecutor.java:57)
	at org.junit.platform.engine.support.hierarchical.HierarchicalTestEngine.execute(HierarchicalTestEngine.java:54)
	at org.junit.platform.launcher.core.EngineExecutionOrchestrator.execute(EngineExecutionOrchestrator.java:107)
	at org.junit.platform.launcher.core.EngineExecutionOrchestrator.execute(EngineExecutionOrchestrator.java:88)
	at org.junit.platform.launcher.core.EngineExecutionOrchestrator.lambda$execute$0(EngineExecutionOrchestrator.java:54)
	at org.junit.platform.launcher.core.EngineExecutionOrchestrator.withInterceptedStreams(EngineExecutionOrchestrator.java:67)
	at org.junit.platform.launcher.core.EngineExecutionOrchestrator.execute(EngineExecutionOrchestrator.java:52)
	at org.junit.platform.launcher.core.DefaultLauncher.execute(DefaultLauncher.java:114)
	at org.junit.platform.launcher.core.DefaultLauncher.execute(DefaultLauncher.java:86)
	at org.junit.platform.launcher.core.DefaultLauncherSession$DelegatingLauncher.execute(DefaultLauncherSession.java:86)
	at org.junit.platform.launcher.core.SessionPerRequestLauncher.execute(SessionPerRequestLauncher.java:53)
	at com.intellij.junit5.JUnit5IdeaTestRunner.startRunnerWithArgs(JUnit5IdeaTestRunner.java:57)
	at com.intellij.rt.junit.IdeaTestRunner$Repeater$1.execute(IdeaTestRunner.java:38)
	at com.intellij.rt.execution.junit.TestsRepeater.repeat(TestsRepeater.java:11)
	at com.intellij.rt.junit.IdeaTestRunner$Repeater.startRunnerWithArgs(IdeaTestRunner.java:35)
	at com.intellij.rt.junit.JUnitStarter.prepareStreamsAndStart(JUnitStarter.java:231)
	at com.intellij.rt.junit.JUnitStarter.main(JUnitStarter.java:55)

Sep 10, 2025 6:42:06 PM vln.com.map.AreaMapTest setUp
INFO: [AreaMapTest] Setting up AreaMap instance
Sep 10, 2025 6:42:06 PM vln.com.map.AreaMapTest testHasAnyMoves_trailAndFieldCosts
INFO: [AreaMapTest] testHasAnyMoves_trailAndFieldCosts start
Sep 10, 2025 6:42:06 PM vln.com.map.AreaMapTest testHasAnyMoves_trailAndFieldCosts
SEVERE: testHasAnyMoves_trailAndFieldCosts failed
org.opentest4j.AssertionFailedError: expected: <false> but was: <true>
	at org.junit.jupiter.api.AssertionUtils.fail(AssertionUtils.java:55)
	at org.junit.jupiter.api.AssertFalse.assertFalse(AssertFalse.java:40)
	at org.junit.jupiter.api.AssertFalse.assertFalse(AssertFalse.java:35)
	at org.junit.jupiter.api.Assertions.assertFalse(Assertions.java:227)
	at vln.com.map.AreaMapTest.testHasAnyMoves_trailAndFieldCosts(AreaMapTest.java:523)
	at java.base/jdk.internal.reflect.DirectMethodHandleAccessor.invoke(DirectMethodHandleAccessor.java:104)
	at java.base/java.lang.reflect.Method.invoke(Method.java:565)
	at org.junit.platform.commons.util.ReflectionUtils.invokeMethod(ReflectionUtils.java:725)
	at org.junit.jupiter.engine.execution.MethodInvocation.proceed(MethodInvocation.java:60)
	at org.junit.jupiter.engine.execution.InvocationInterceptorChain$ValidatingInvocation.proceed(InvocationInterceptorChain.java:131)
	at org.junit.jupiter.engine.extension.TimeoutExtension.intercept(TimeoutExtension.java:149)
	at org.junit.jupiter.engine.extension.TimeoutExtension.interceptTestableMethod(TimeoutExtension.java:140)
	at org.junit.jupiter.engine.extension.TimeoutExtension.interceptTestMethod(TimeoutExtension.java:84)
	at org.junit.jupiter.engine.execution.ExecutableInvoker$ReflectiveInterceptorCall.lambda$ofVoidMethod$0(ExecutableInvoker.java:115)
	at org.junit.jupiter.engine.execution.ExecutableInvoker.lambda$invoke$0(ExecutableInvoker.java:105)
	at org.junit.jupiter.engine.execution.InvocationInterceptorChain$InterceptedInvocation.proceed(InvocationInterceptorChain.java:106)
	at org.junit.jupiter.engine.execution.InvocationInterceptorChain.proceed(InvocationInterceptorChain.java:64)
	at org.junit.jupiter.engine.execution.InvocationInterceptorChain.chainAndInvoke(InvocationInterceptorChain.java:45)
	at org.junit.jupiter.engine.execution.InvocationInterceptorChain.invoke(InvocationInterceptorChain.java:37)
	at org.junit.jupiter.engine.execution.ExecutableInvoker.invoke(ExecutableInvoker.java:104)
	at org.junit.jupiter.engine.execution.ExecutableInvoker.invoke(ExecutableInvoker.java:98)
	at org.junit.jupiter.engine.descriptor.TestMethodTestDescriptor.lambda$invokeTestMethod$7(TestMethodTestDescriptor.java:214)
	at org.junit.platform.engine.support.hierarchical.ThrowableCollector.execute(ThrowableCollector.java:73)
	at org.junit.jupiter.engine.descriptor.TestMethodTestDescriptor.invokeTestMethod(TestMethodTestDescriptor.java:210)
	at org.junit.jupiter.engine.descriptor.TestMethodTestDescriptor.execute(TestMethodTestDescriptor.java:135)
	at org.junit.jupiter.engine.descriptor.TestMethodTestDescriptor.execute(TestMethodTestDescriptor.java:66)
	at org.junit.platform.engine.support.hierarchical.NodeTestTask.lambda$executeRecursively$6(NodeTestTask.java:151)
	at org.junit.platform.engine.support.hierarchical.ThrowableCollector.execute(ThrowableCollector.java:73)
	at org.junit.platform.engine.support.hierarchical.NodeTestTask.lambda$executeRecursively$8(NodeTestTask.java:141)
	at org.junit.platform.engine.support.hierarchical.Node.around(Node.java:137)
	at org.junit.platform.engine.support.hierarchical.NodeTestTask.lambda$executeRecursively$9(NodeTestTask.java:139)
	at org.junit.platform.engine.support.hierarchical.ThrowableCollector.execute(ThrowableCollector.java:73)
	at org.junit.platform.engine.support.hierarchical.NodeTestTask.executeRecursively(NodeTestTask.java:138)
	at org.junit.platform.engine.support.hierarchical.NodeTestTask.execute(NodeTestTask.java:95)
	at java.base/java.util.ArrayList.forEach(ArrayList.java:1604)
	at org.junit.platform.engine.support.hierarchical.SameThreadHierarchicalTestExecutorService.invokeAll(SameThreadHierarchicalTestExecutorService.java:41)
	at org.junit.platform.engine.support.hierarchical.NodeTestTask.lambda$executeRecursively$6(NodeTestTask.java:155)
	at org.junit.platform.engine.support.hierarchical.ThrowableCollector.execute(ThrowableCollector.java:73)
	at org.junit.platform.engine.support.hierarchical.NodeTestTask.lambda$executeRecursively$8(NodeTestTask.java:141)
	at org.junit.platform.engine.support.hierarchical.Node.around(Node.java:137)
	at org.junit.platform.engine.support.hierarchical.NodeTestTask.lambda$executeRecursively$9(NodeTestTask.java:139)
	at org.junit.platform.engine.support.hierarchical.ThrowableCollector.execute(ThrowableCollector.java:73)
	at org.junit.platform.engine.support.hierarchical.NodeTestTask.executeRecursively(NodeTestTask.java:138)
	at org.junit.platform.engine.support.hierarchical.NodeTestTask.execute(NodeTestTask.java:95)
	at java.base/java.util.ArrayList.forEach(ArrayList.java:1604)
	at org.junit.platform.engine.support.hierarchical.SameThreadHierarchicalTestExecutorService.invokeAll(SameThreadHierarchicalTestExecutorService.java:41)
	at org.junit.platform.engine.support.hierarchical.NodeTestTask.lambda$executeRecursively$6(NodeTestTask.java:155)
	at org.junit.platform.engine.support.hierarchical.ThrowableCollector.execute(ThrowableCollector.java:73)
	at org.junit.platform.engine.support.hierarchical.NodeTestTask.lambda$executeRecursively$8(NodeTestTask.java:141)
	at org.junit.platform.engine.support.hierarchical.Node.around(Node.java:137)
	at org.junit.platform.engine.support.hierarchical.NodeTestTask.lambda$executeRecursively$9(NodeTestTask.java:139)
	at org.junit.platform.engine.support.hierarchical.ThrowableCollector.execute(ThrowableCollector.java:73)
	at org.junit.platform.engine.support.hierarchical.NodeTestTask.executeRecursively(NodeTestTask.java:138)
	at org.junit.platform.engine.support.hierarchical.NodeTestTask.execute(NodeTestTask.java:95)
	at org.junit.platform.engine.support.hierarchical.SameThreadHierarchicalTestExecutorService.submit(SameThreadHierarchicalTestExecutorService.java:35)
	at org.junit.platform.engine.support.hierarchical.HierarchicalTestExecutor.execute(HierarchicalTestExecutor.java:57)
	at org.junit.platform.engine.support.hierarchical.HierarchicalTestEngine.execute(HierarchicalTestEngine.java:54)
	at org.junit.platform.launcher.core.EngineExecutionOrchestrator.execute(EngineExecutionOrchestrator.java:107)
	at org.junit.platform.launcher.core.EngineExecutionOrchestrator.execute(EngineExecutionOrchestrator.java:88)
	at org.junit.platform.launcher.core.EngineExecutionOrchestrator.lambda$execute$0(EngineExecutionOrchestrator.java:54)
	at org.junit.platform.launcher.core.EngineExecutionOrchestrator.withInterceptedStreams(EngineExecutionOrchestrator.java:67)
	at org.junit.platform.launcher.core.EngineExecutionOrchestrator.execute(EngineExecutionOrchestrator.java:52)
	at org.junit.platform.launcher.core.DefaultLauncher.execute(DefaultLauncher.java:114)
	at org.junit.platform.launcher.core.DefaultLauncher.execute(DefaultLauncher.java:86)
	at org.junit.platform.launcher.core.DefaultLauncherSession$DelegatingLauncher.execute(DefaultLauncherSession.java:86)
	at org.junit.platform.launcher.core.SessionPerRequestLauncher.execute(SessionPerRequestLauncher.java:53)
	at com.intellij.junit5.JUnit5IdeaTestRunner.startRunnerWithArgs(JUnit5IdeaTestRunner.java:57)
	at com.intellij.rt.junit.IdeaTestRunner$Repeater$1.execute(IdeaTestRunner.java:38)
	at com.intellij.rt.execution.junit.TestsRepeater.repeat(TestsRepeater.java:11)
	at com.intellij.rt.junit.IdeaTestRunner$Repeater.startRunnerWithArgs(IdeaTestRunner.java:35)
	at com.intellij.rt.junit.JUnitStarter.prepareStreamsAndStart(JUnitStarter.java:231)
	at com.intellij.rt.junit.JUnitStarter.main(JUnitStarter.java:55)

Sep 10, 2025 6:42:06 PM vln.com.map.AreaMapTest setUp
INFO: [AreaMapTest] Setting up AreaMap instance
Sep 10, 2025 6:42:06 PM vln.com.map.AreaMapTest testLoadUserSave
INFO: [AreaMapTest] testLoadUserSave start
Sep 10, 2025 6:42:06 PM vln.com.map.AreaMapTest testLoadUserSave
INFO: [AreaMapTest] testLoadUserSave passed
Sep 10, 2025 6:43:00 PM vln.com.map.AreaMapTest setUp
INFO: [AreaMapTest] Setting up AreaMap instance
Sep 10, 2025 6:43:00 PM vln.com.map.AreaMapTest testMapEditingBoundaryCoordinates
INFO: [AreaMapTest] testMapEditingBoundaryCoordinates start
Sep 10, 2025 6:43:02 PM vln.com.map.AreaMapTest testMapEditingBoundaryCoordinates
SEVERE: testMapEditingBoundaryCoordinates failed
org.opentest4j.AssertionFailedError: Should place Trail at (4,1) ==> Unexpected type ==> expected: <vln.com.map.Trail> but was: <vln.com.map.Field>
	at org.junit.jupiter.api.AssertInstanceOf.assertInstanceOf(AssertInstanceOf.java:51)
	at org.junit.jupiter.api.AssertInstanceOf.assertInstanceOf(AssertInstanceOf.java:39)
	at org.junit.jupiter.api.Assertions.assertInstanceOf(Assertions.java:3555)
	at vln.com.map.AreaMapTest.testMapEditingBoundaryCoordinates(AreaMapTest.java:157)
	at java.base/jdk.internal.reflect.DirectMethodHandleAccessor.invoke(DirectMethodHandleAccessor.java:104)
	at java.base/java.lang.reflect.Method.invoke(Method.java:565)
	at org.junit.platform.commons.util.ReflectionUtils.invokeMethod(ReflectionUtils.java:725)
	at org.junit.jupiter.engine.execution.MethodInvocation.proceed(MethodInvocation.java:60)
	at org.junit.jupiter.engine.execution.InvocationInterceptorChain$ValidatingInvocation.proceed(InvocationInterceptorChain.java:131)
	at org.junit.jupiter.engine.extension.TimeoutExtension.intercept(TimeoutExtension.java:149)
	at org.junit.jupiter.engine.extension.TimeoutExtension.interceptTestableMethod(TimeoutExtension.java:140)
	at org.junit.jupiter.engine.extension.TimeoutExtension.interceptTestMethod(TimeoutExtension.java:84)
	at org.junit.jupiter.engine.execution.ExecutableInvoker$ReflectiveInterceptorCall.lambda$ofVoidMethod$0(ExecutableInvoker.java:115)
	at org.junit.jupiter.engine.execution.ExecutableInvoker.lambda$invoke$0(ExecutableInvoker.java:105)
	at org.junit.jupiter.engine.execution.InvocationInterceptorChain$InterceptedInvocation.proceed(InvocationInterceptorChain.java:106)
	at org.junit.jupiter.engine.execution.InvocationInterceptorChain.proceed(InvocationInterceptorChain.java:64)
	at org.junit.jupiter.engine.execution.InvocationInterceptorChain.chainAndInvoke(InvocationInterceptorChain.java:45)
	at org.junit.jupiter.engine.execution.InvocationInterceptorChain.invoke(InvocationInterceptorChain.java:37)
	at org.junit.jupiter.engine.execution.ExecutableInvoker.invoke(ExecutableInvoker.java:104)
	at org.junit.jupiter.engine.execution.ExecutableInvoker.invoke(ExecutableInvoker.java:98)
	at org.junit.jupiter.engine.descriptor.TestMethodTestDescriptor.lambda$invokeTestMethod$7(TestMethodTestDescriptor.java:214)
	at org.junit.platform.engine.support.hierarchical.ThrowableCollector.execute(ThrowableCollector.java:73)
	at org.junit.jupiter.engine.descriptor.TestMethodTestDescriptor.invokeTestMethod(TestMethodTestDescriptor.java:210)
	at org.junit.jupiter.engine.descriptor.TestMethodTestDescriptor.execute(TestMethodTestDescriptor.java:135)
	at org.junit.jupiter.engine.descriptor.TestMethodTestDescriptor.execute(TestMethodTestDescriptor.java:66)
	at org.junit.platform.engine.support.hierarchical.NodeTestTask.lambda$executeRecursively$6(NodeTestTask.java:151)
	at org.junit.platform.engine.support.hierarchical.ThrowableCollector.execute(ThrowableCollector.java:73)
	at org.junit.platform.engine.support.hierarchical.NodeTestTask.lambda$executeRecursively$8(NodeTestTask.java:141)
	at org.junit.platform.engine.support.hierarchical.Node.around(Node.java:137)
	at org.junit.platform.engine.support.hierarchical.NodeTestTask.lambda$executeRecursively$9(NodeTestTask.java:139)
	at org.junit.platform.engine.support.hierarchical.ThrowableCollector.execute(ThrowableCollector.java:73)
	at org.junit.platform.engine.support.hierarchical.NodeTestTask.executeRecursively(NodeTestTask.java:138)
	at org.junit.platform.engine.support.hierarchical.NodeTestTask.execute(NodeTestTask.java:95)
	at java.base/java.util.ArrayList.forEach(ArrayList.java:1604)
	at org.junit.platform.engine.support.hierarchical.SameThreadHierarchicalTestExecutorService.invokeAll(SameThreadHierarchicalTestExecutorService.java:41)
	at org.junit.platform.engine.support.hierarchical.NodeTestTask.lambda$executeRecursively$6(NodeTestTask.java:155)
	at org.junit.platform.engine.support.hierarchical.ThrowableCollector.execute(ThrowableCollector.java:73)
	at org.junit.platform.engine.support.hierarchical.NodeTestTask.lambda$executeRecursively$8(NodeTestTask.java:141)
	at org.junit.platform.engine.support.hierarchical.Node.around(Node.java:137)
	at org.junit.platform.engine.support.hierarchical.NodeTestTask.lambda$executeRecursively$9(NodeTestTask.java:139)
	at org.junit.platform.engine.support.hierarchical.ThrowableCollector.execute(ThrowableCollector.java:73)
	at org.junit.platform.engine.support.hierarchical.NodeTestTask.executeRecursively(NodeTestTask.java:138)
	at org.junit.platform.engine.support.hierarchical.NodeTestTask.execute(NodeTestTask.java:95)
	at java.base/java.util.ArrayList.forEach(ArrayList.java:1604)
	at org.junit.platform.engine.support.hierarchical.SameThreadHierarchicalTestExecutorService.invokeAll(SameThreadHierarchicalTestExecutorService.java:41)
	at org.junit.platform.engine.support.hierarchical.NodeTestTask.lambda$executeRecursively$6(NodeTestTask.java:155)
	at org.junit.platform.engine.support.hierarchical.ThrowableCollector.execute(ThrowableCollector.java:73)
	at org.junit.platform.engine.support.hierarchical.NodeTestTask.lambda$executeRecursively$8(NodeTestTask.java:141)
	at org.junit.platform.engine.support.hierarchical.Node.around(Node.java:137)
	at org.junit.platform.engine.support.hierarchical.NodeTestTask.lambda$executeRecursively$9(NodeTestTask.java:139)
	at org.junit.platform.engine.support.hierarchical.ThrowableCollector.execute(ThrowableCollector.java:73)
	at org.junit.platform.engine.support.hierarchical.NodeTestTask.executeRecursively(NodeTestTask.java:138)
	at org.junit.platform.engine.support.hierarchical.NodeTestTask.execute(NodeTestTask.java:95)
	at org.junit.platform.engine.support.hierarchical.SameThreadHierarchicalTestExecutorService.submit(SameThreadHierarchicalTestExecutorService.java:35)
	at org.junit.platform.engine.support.hierarchical.HierarchicalTestExecutor.execute(HierarchicalTestExecutor.java:57)
	at org.junit.platform.engine.support.hierarchical.HierarchicalTestEngine.execute(HierarchicalTestEngine.java:54)
	at org.junit.platform.launcher.core.EngineExecutionOrchestrator.execute(EngineExecutionOrchestrator.java:107)
	at org.junit.platform.launcher.core.EngineExecutionOrchestrator.execute(EngineExecutionOrchestrator.java:88)
	at org.junit.platform.launcher.core.EngineExecutionOrchestrator.lambda$execute$0(EngineExecutionOrchestrator.java:54)
	at org.junit.platform.launcher.core.EngineExecutionOrchestrator.withInterceptedStreams(EngineExecutionOrchestrator.java:67)
	at org.junit.platform.launcher.core.EngineExecutionOrchestrator.execute(EngineExecutionOrchestrator.java:52)
	at org.junit.platform.launcher.core.DefaultLauncher.execute(DefaultLauncher.java:114)
	at org.junit.platform.launcher.core.DefaultLauncher.execute(DefaultLauncher.java:86)
	at org.junit.platform.launcher.core.DefaultLauncherSession$DelegatingLauncher.execute(DefaultLauncherSession.java:86)
	at org.junit.platform.launcher.core.SessionPerRequestLauncher.execute(SessionPerRequestLauncher.java:53)
	at com.intellij.junit5.JUnit5IdeaTestRunner.startRunnerWithArgs(JUnit5IdeaTestRunner.java:57)
	at com.intellij.rt.junit.IdeaTestRunner$Repeater$1.execute(IdeaTestRunner.java:38)
	at com.intellij.rt.execution.junit.TestsRepeater.repeat(TestsRepeater.java:11)
	at com.intellij.rt.junit.IdeaTestRunner$Repeater.startRunnerWithArgs(IdeaTestRunner.java:35)
	at com.intellij.rt.junit.JUnitStarter.prepareStreamsAndStart(JUnitStarter.java:231)
	at com.intellij.rt.junit.JUnitStarter.main(JUnitStarter.java:55)

Sep 10, 2025 6:43:02 PM vln.com.map.AreaMapTest setUp
INFO: [AreaMapTest] Setting up AreaMap instance
Sep 10, 2025 6:43:02 PM vln.com.map.AreaMapTest testEndGame_PlayerWinsByCapturingCastles
INFO: [AreaMapTest] testEndGame_PlayerWinsByCapturingCastles start
Sep 10, 2025 6:43:02 PM vln.com.map.AreaMapTest testEndGame_PlayerWinsByCapturingCastles
INFO: [AreaMapTest] testEndGame_PlayerWinsByCapturingCastles passed
Sep 10, 2025 6:43:02 PM vln.com.map.AreaMapTest setUp
INFO: [AreaMapTest] Setting up AreaMap instance
Sep 10, 2025 6:43:02 PM vln.com.map.AreaMapTest testAutoSaveOnEndRound
INFO: [AreaMapTest] testAutoSaveOnEndRound start
Sep 10, 2025 6:43:02 PM vln.com.map.AreaMapTest testAutoSaveOnEndRound
SEVERE: testAutoSaveOnEndRound failed
org.opentest4j.AssertionFailedError: One autosave file should be created ==> expected: <1> but was: <0>
	at org.junit.jupiter.api.AssertionUtils.fail(AssertionUtils.java:55)
	at org.junit.jupiter.api.AssertionUtils.failNotEqual(AssertionUtils.java:62)
	at org.junit.jupiter.api.AssertEquals.assertEquals(AssertEquals.java:150)
	at org.junit.jupiter.api.Assertions.assertEquals(Assertions.java:559)
	at vln.com.map.AreaMapTest.testAutoSaveOnEndRound(AreaMapTest.java:352)
	at java.base/jdk.internal.reflect.DirectMethodHandleAccessor.invoke(DirectMethodHandleAccessor.java:104)
	at java.base/java.lang.reflect.Method.invoke(Method.java:565)
	at org.junit.platform.commons.util.ReflectionUtils.invokeMethod(ReflectionUtils.java:725)
	at org.junit.jupiter.engine.execution.MethodInvocation.proceed(MethodInvocation.java:60)
	at org.junit.jupiter.engine.execution.InvocationInterceptorChain$ValidatingInvocation.proceed(InvocationInterceptorChain.java:131)
	at org.junit.jupiter.engine.extension.TimeoutExtension.intercept(TimeoutExtension.java:149)
	at org.junit.jupiter.engine.extension.TimeoutExtension.interceptTestableMethod(TimeoutExtension.java:140)
	at org.junit.jupiter.engine.extension.TimeoutExtension.interceptTestMethod(TimeoutExtension.java:84)
	at org.junit.jupiter.engine.execution.ExecutableInvoker$ReflectiveInterceptorCall.lambda$ofVoidMethod$0(ExecutableInvoker.java:115)
	at org.junit.jupiter.engine.execution.ExecutableInvoker.lambda$invoke$0(ExecutableInvoker.java:105)
	at org.junit.jupiter.engine.execution.InvocationInterceptorChain$InterceptedInvocation.proceed(InvocationInterceptorChain.java:106)
	at org.junit.jupiter.engine.execution.InvocationInterceptorChain.proceed(InvocationInterceptorChain.java:64)
	at org.junit.jupiter.engine.execution.InvocationInterceptorChain.chainAndInvoke(InvocationInterceptorChain.java:45)
	at org.junit.jupiter.engine.execution.InvocationInterceptorChain.invoke(InvocationInterceptorChain.java:37)
	at org.junit.jupiter.engine.execution.ExecutableInvoker.invoke(ExecutableInvoker.java:104)
	at org.junit.jupiter.engine.execution.ExecutableInvoker.invoke(ExecutableInvoker.java:98)
	at org.junit.jupiter.engine.descriptor.TestMethodTestDescriptor.lambda$invokeTestMethod$7(TestMethodTestDescriptor.java:214)
	at org.junit.platform.engine.support.hierarchical.ThrowableCollector.execute(ThrowableCollector.java:73)
	at org.junit.jupiter.engine.descriptor.TestMethodTestDescriptor.invokeTestMethod(TestMethodTestDescriptor.java:210)
	at org.junit.jupiter.engine.descriptor.TestMethodTestDescriptor.execute(TestMethodTestDescriptor.java:135)
	at org.junit.jupiter.engine.descriptor.TestMethodTestDescriptor.execute(TestMethodTestDescriptor.java:66)
	at org.junit.platform.engine.support.hierarchical.NodeTestTask.lambda$executeRecursively$6(NodeTestTask.java:151)
	at org.junit.platform.engine.support.hierarchical.ThrowableCollector.execute(ThrowableCollector.java:73)
	at org.junit.platform.engine.support.hierarchical.NodeTestTask.lambda$executeRecursively$8(NodeTestTask.java:141)
	at org.junit.platform.engine.support.hierarchical.Node.around(Node.java:137)
	at org.junit.platform.engine.support.hierarchical.NodeTestTask.lambda$executeRecursively$9(NodeTestTask.java:139)
	at org.junit.platform.engine.support.hierarchical.ThrowableCollector.execute(ThrowableCollector.java:73)
	at org.junit.platform.engine.support.hierarchical.NodeTestTask.executeRecursively(NodeTestTask.java:138)
	at org.junit.platform.engine.support.hierarchical.NodeTestTask.execute(NodeTestTask.java:95)
	at java.base/java.util.ArrayList.forEach(ArrayList.java:1604)
	at org.junit.platform.engine.support.hierarchical.SameThreadHierarchicalTestExecutorService.invokeAll(SameThreadHierarchicalTestExecutorService.java:41)
	at org.junit.platform.engine.support.hierarchical.NodeTestTask.lambda$executeRecursively$6(NodeTestTask.java:155)
	at org.junit.platform.engine.support.hierarchical.ThrowableCollector.execute(ThrowableCollector.java:73)
	at org.junit.platform.engine.support.hierarchical.NodeTestTask.lambda$executeRecursively$8(NodeTestTask.java:141)
	at org.junit.platform.engine.support.hierarchical.Node.around(Node.java:137)
	at org.junit.platform.engine.support.hierarchical.NodeTestTask.lambda$executeRecursively$9(NodeTestTask.java:139)
	at org.junit.platform.engine.support.hierarchical.ThrowableCollector.execute(ThrowableCollector.java:73)
	at org.junit.platform.engine.support.hierarchical.NodeTestTask.executeRecursively(NodeTestTask.java:138)
	at org.junit.platform.engine.support.hierarchical.NodeTestTask.execute(NodeTestTask.java:95)
	at java.base/java.util.ArrayList.forEach(ArrayList.java:1604)
	at org.junit.platform.engine.support.hierarchical.SameThreadHierarchicalTestExecutorService.invokeAll(SameThreadHierarchicalTestExecutorService.java:41)
	at org.junit.platform.engine.support.hierarchical.NodeTestTask.lambda$executeRecursively$6(NodeTestTask.java:155)
	at org.junit.platform.engine.support.hierarchical.ThrowableCollector.execute(ThrowableCollector.java:73)
	at org.junit.platform.engine.support.hierarchical.NodeTestTask.lambda$executeRecursively$8(NodeTestTask.java:141)
	at org.junit.platform.engine.support.hierarchical.Node.around(Node.java:137)
	at org.junit.platform.engine.support.hierarchical.NodeTestTask.lambda$executeRecursively$9(NodeTestTask.java:139)
	at org.junit.platform.engine.support.hierarchical.ThrowableCollector.execute(ThrowableCollector.java:73)
	at org.junit.platform.engine.support.hierarchical.NodeTestTask.executeRecursively(NodeTestTask.java:138)
	at org.junit.platform.engine.support.hierarchical.NodeTestTask.execute(NodeTestTask.java:95)
	at org.junit.platform.engine.support.hierarchical.SameThreadHierarchicalTestExecutorService.submit(SameThreadHierarchicalTestExecutorService.java:35)
	at org.junit.platform.engine.support.hierarchical.HierarchicalTestExecutor.execute(HierarchicalTestExecutor.java:57)
	at org.junit.platform.engine.support.hierarchical.HierarchicalTestEngine.execute(HierarchicalTestEngine.java:54)
	at org.junit.platform.launcher.core.EngineExecutionOrchestrator.execute(EngineExecutionOrchestrator.java:107)
	at org.junit.platform.launcher.core.EngineExecutionOrchestrator.execute(EngineExecutionOrchestrator.java:88)
	at org.junit.platform.launcher.core.EngineExecutionOrchestrator.lambda$execute$0(EngineExecutionOrchestrator.java:54)
	at org.junit.platform.launcher.core.EngineExecutionOrchestrator.withInterceptedStreams(EngineExecutionOrchestrator.java:67)
	at org.junit.platform.launcher.core.EngineExecutionOrchestrator.execute(EngineExecutionOrchestrator.java:52)
	at org.junit.platform.launcher.core.DefaultLauncher.execute(DefaultLauncher.java:114)
	at org.junit.platform.launcher.core.DefaultLauncher.execute(DefaultLauncher.java:86)
	at org.junit.platform.launcher.core.DefaultLauncherSession$DelegatingLauncher.execute(DefaultLauncherSession.java:86)
	at org.junit.platform.launcher.core.SessionPerRequestLauncher.execute(SessionPerRequestLauncher.java:53)
	at com.intellij.junit5.JUnit5IdeaTestRunner.startRunnerWithArgs(JUnit5IdeaTestRunner.java:57)
	at com.intellij.rt.junit.IdeaTestRunner$Repeater$1.execute(IdeaTestRunner.java:38)
	at com.intellij.rt.execution.junit.TestsRepeater.repeat(TestsRepeater.java:11)
	at com.intellij.rt.junit.IdeaTestRunner$Repeater.startRunnerWithArgs(IdeaTestRunner.java:35)
	at com.intellij.rt.junit.JUnitStarter.prepareStreamsAndStart(JUnitStarter.java:231)
	at com.intellij.rt.junit.JUnitStarter.main(JUnitStarter.java:55)

Sep 10, 2025 6:43:02 PM vln.com.map.AreaMapTest setUp
INFO: [AreaMapTest] Setting up AreaMap instance
Sep 10, 2025 6:43:02 PM vln.com.map.AreaMapTest testMoveHero_offMap_noChange
INFO: [AreaMapTest] testMoveHero_offMap_noChange start
Sep 10, 2025 6:43:02 PM vln.com.map.AreaMapTest testMoveHero_offMap_noChange
INFO: [AreaMapTest] testMoveHero_offMap_noChange passed
Sep 10, 2025 6:43:02 PM vln.com.map.AreaMapTest setUp
INFO: [AreaMapTest] Setting up AreaMap instance
Sep 10, 2025 6:43:02 PM vln.com.map.AreaMapTest testApplySmoke_setsSmokeLayerWithinRadius
INFO: [AreaMapTest] testApplySmoke_setsSmokeLayerWithinRadius start
Sep 10, 2025 6:43:02 PM vln.com.map.AreaMapTest testApplySmoke_setsSmokeLayerWithinRadius
INFO: [AreaMapTest] testApplySmoke_setsSmokeLayerWithinRadius passed
Sep 10, 2025 6:43:02 PM vln.com.map.AreaMapTest setUp
INFO: [AreaMapTest] Setting up AreaMap instance
Sep 10, 2025 6:43:02 PM vln.com.map.AreaMapTest testMoveHero_trailMovement_reducesMovesAndMovesHero
INFO: [AreaMapTest] testMoveHero_trailMovement_reducesMovesAndMovesHero start
Sep 10, 2025 6:43:03 PM vln.com.map.AreaMapTest testMoveHero_trailMovement_reducesMovesAndMovesHero
INFO: [AreaMapTest] testMoveHero_trailMovement_reducesMovesAndMovesHero passed
Sep 10, 2025 6:43:03 PM vln.com.map.AreaMapTest setUp
INFO: [AreaMapTest] Setting up AreaMap instance
Sep 10, 2025 6:43:03 PM vln.com.map.AreaMapTest testRemoveSmoke_clearsSmokeLayerAndResetsDisplay
INFO: [AreaMapTest] testRemoveSmoke_clearsSmokeLayerAndResetsDisplay start
Sep 10, 2025 6:43:03 PM vln.com.map.AreaMapTest testRemoveSmoke_clearsSmokeLayerAndResetsDisplay
INFO: [AreaMapTest] testRemoveSmoke_clearsSmokeLayerAndResetsDisplay passed
Sep 10, 2025 6:43:03 PM vln.com.map.AreaMapTest setUp
INFO: [AreaMapTest] Setting up AreaMap instance
Sep 10, 2025 6:43:03 PM vln.com.map.AreaMapTest testEndGame_PlayerLosesWhenBotCapturesCastles
INFO: [AreaMapTest] testEndGame_PlayerLosesWhenBotCapturesCastles start
Sep 10, 2025 6:43:03 PM vln.com.map.AreaMapTest testEndGame_PlayerLosesWhenBotCapturesCastles
INFO: [AreaMapTest] testEndGame_PlayerLosesWhenBotCapturesCastles passed
Sep 10, 2025 6:43:03 PM vln.com.map.AreaMapTest setUp
INFO: [AreaMapTest] Setting up AreaMap instance
Sep 10, 2025 6:43:03 PM vln.com.map.AreaMapTest testMoveHero_obstacle_noMove
INFO: [AreaMapTest] testMoveHero_obstacle_noMove start
Sep 10, 2025 6:43:03 PM vln.com.map.AreaMapTest testMoveHero_obstacle_noMove
INFO: [AreaMapTest] testMoveHero_obstacle_noMove passed
Sep 10, 2025 6:43:03 PM vln.com.map.AreaMapTest setUp
INFO: [AreaMapTest] Setting up AreaMap instance
Sep 10, 2025 6:43:03 PM vln.com.map.AreaMapTest testMapEditingExistingMap
INFO: [AreaMapTest] testMapEditingExistingMap start
Sep 10, 2025 6:43:03 PM vln.com.map.AreaMapTest testMapEditingExistingMap
SEVERE: testMapEditingExistingMap failed
java.lang.NullPointerException: Cannot invoke "String.split(String)" because "line" is null
	at vln.com.map.AreaMap.loadFromFile(AreaMap.java:570)
	at vln.com.map.AreaMap.<init>(AreaMap.java:59)
	at vln.com.map.AreaMapTest.testMapEditingExistingMap(AreaMapTest.java:219)
	at java.base/jdk.internal.reflect.DirectMethodHandleAccessor.invoke(DirectMethodHandleAccessor.java:104)
	at java.base/java.lang.reflect.Method.invoke(Method.java:565)
	at org.junit.platform.commons.util.ReflectionUtils.invokeMethod(ReflectionUtils.java:725)
	at org.junit.jupiter.engine.execution.MethodInvocation.proceed(MethodInvocation.java:60)
	at org.junit.jupiter.engine.execution.InvocationInterceptorChain$ValidatingInvocation.proceed(InvocationInterceptorChain.java:131)
	at org.junit.jupiter.engine.extension.TimeoutExtension.intercept(TimeoutExtension.java:149)
	at org.junit.jupiter.engine.extension.TimeoutExtension.interceptTestableMethod(TimeoutExtension.java:140)
	at org.junit.jupiter.engine.extension.TimeoutExtension.interceptTestMethod(TimeoutExtension.java:84)
	at org.junit.jupiter.engine.execution.ExecutableInvoker$ReflectiveInterceptorCall.lambda$ofVoidMethod$0(ExecutableInvoker.java:115)
	at org.junit.jupiter.engine.execution.ExecutableInvoker.lambda$invoke$0(ExecutableInvoker.java:105)
	at org.junit.jupiter.engine.execution.InvocationInterceptorChain$InterceptedInvocation.proceed(InvocationInterceptorChain.java:106)
	at org.junit.jupiter.engine.execution.InvocationInterceptorChain.proceed(InvocationInterceptorChain.java:64)
	at org.junit.jupiter.engine.execution.InvocationInterceptorChain.chainAndInvoke(InvocationInterceptorChain.java:45)
	at org.junit.jupiter.engine.execution.InvocationInterceptorChain.invoke(InvocationInterceptorChain.java:37)
	at org.junit.jupiter.engine.execution.ExecutableInvoker.invoke(ExecutableInvoker.java:104)
	at org.junit.jupiter.engine.execution.ExecutableInvoker.invoke(ExecutableInvoker.java:98)
	at org.junit.jupiter.engine.descriptor.TestMethodTestDescriptor.lambda$invokeTestMethod$7(TestMethodTestDescriptor.java:214)
	at org.junit.platform.engine.support.hierarchical.ThrowableCollector.execute(ThrowableCollector.java:73)
	at org.junit.jupiter.engine.descriptor.TestMethodTestDescriptor.invokeTestMethod(TestMethodTestDescriptor.java:210)
	at org.junit.jupiter.engine.descriptor.TestMethodTestDescriptor.execute(TestMethodTestDescriptor.java:135)
	at org.junit.jupiter.engine.descriptor.TestMethodTestDescriptor.execute(TestMethodTestDescriptor.java:66)
	at org.junit.platform.engine.support.hierarchical.NodeTestTask.lambda$executeRecursively$6(NodeTestTask.java:151)
	at org.junit.platform.engine.support.hierarchical.ThrowableCollector.execute(ThrowableCollector.java:73)
	at org.junit.platform.engine.support.hierarchical.NodeTestTask.lambda$executeRecursively$8(NodeTestTask.java:141)
	at org.junit.platform.engine.support.hierarchical.Node.around(Node.java:137)
	at org.junit.platform.engine.support.hierarchical.NodeTestTask.lambda$executeRecursively$9(NodeTestTask.java:139)
	at org.junit.platform.engine.support.hierarchical.ThrowableCollector.execute(ThrowableCollector.java:73)
	at org.junit.platform.engine.support.hierarchical.NodeTestTask.executeRecursively(NodeTestTask.java:138)
	at org.junit.platform.engine.support.hierarchical.NodeTestTask.execute(NodeTestTask.java:95)
	at java.base/java.util.ArrayList.forEach(ArrayList.java:1604)
	at org.junit.platform.engine.support.hierarchical.SameThreadHierarchicalTestExecutorService.invokeAll(SameThreadHierarchicalTestExecutorService.java:41)
	at org.junit.platform.engine.support.hierarchical.NodeTestTask.lambda$executeRecursively$6(NodeTestTask.java:155)
	at org.junit.platform.engine.support.hierarchical.ThrowableCollector.execute(ThrowableCollector.java:73)
	at org.junit.platform.engine.support.hierarchical.NodeTestTask.lambda$executeRecursively$8(NodeTestTask.java:141)
	at org.junit.platform.engine.support.hierarchical.Node.around(Node.java:137)
	at org.junit.platform.engine.support.hierarchical.NodeTestTask.lambda$executeRecursively$9(NodeTestTask.java:139)
	at org.junit.platform.engine.support.hierarchical.ThrowableCollector.execute(ThrowableCollector.java:73)
	at org.junit.platform.engine.support.hierarchical.NodeTestTask.executeRecursively(NodeTestTask.java:138)
	at org.junit.platform.engine.support.hierarchical.NodeTestTask.execute(NodeTestTask.java:95)
	at java.base/java.util.ArrayList.forEach(ArrayList.java:1604)
	at org.junit.platform.engine.support.hierarchical.SameThreadHierarchicalTestExecutorService.invokeAll(SameThreadHierarchicalTestExecutorService.java:41)
	at org.junit.platform.engine.support.hierarchical.NodeTestTask.lambda$executeRecursively$6(NodeTestTask.java:155)
	at org.junit.platform.engine.support.hierarchical.ThrowableCollector.execute(ThrowableCollector.java:73)
	at org.junit.platform.engine.support.hierarchical.NodeTestTask.lambda$executeRecursively$8(NodeTestTask.java:141)
	at org.junit.platform.engine.support.hierarchical.Node.around(Node.java:137)
	at org.junit.platform.engine.support.hierarchical.NodeTestTask.lambda$executeRecursively$9(NodeTestTask.java:139)
	at org.junit.platform.engine.support.hierarchical.ThrowableCollector.execute(ThrowableCollector.java:73)
	at org.junit.platform.engine.support.hierarchical.NodeTestTask.executeRecursively(NodeTestTask.java:138)
	at org.junit.platform.engine.support.hierarchical.NodeTestTask.execute(NodeTestTask.java:95)
	at org.junit.platform.engine.support.hierarchical.SameThreadHierarchicalTestExecutorService.submit(SameThreadHierarchicalTestExecutorService.java:35)
	at org.junit.platform.engine.support.hierarchical.HierarchicalTestExecutor.execute(HierarchicalTestExecutor.java:57)
	at org.junit.platform.engine.support.hierarchical.HierarchicalTestEngine.execute(HierarchicalTestEngine.java:54)
	at org.junit.platform.launcher.core.EngineExecutionOrchestrator.execute(EngineExecutionOrchestrator.java:107)
	at org.junit.platform.launcher.core.EngineExecutionOrchestrator.execute(EngineExecutionOrchestrator.java:88)
	at org.junit.platform.launcher.core.EngineExecutionOrchestrator.lambda$execute$0(EngineExecutionOrchestrator.java:54)
	at org.junit.platform.launcher.core.EngineExecutionOrchestrator.withInterceptedStreams(EngineExecutionOrchestrator.java:67)
	at org.junit.platform.launcher.core.EngineExecutionOrchestrator.execute(EngineExecutionOrchestrator.java:52)
	at org.junit.platform.launcher.core.DefaultLauncher.execute(DefaultLauncher.java:114)
	at org.junit.platform.launcher.core.DefaultLauncher.execute(DefaultLauncher.java:86)
	at org.junit.platform.launcher.core.DefaultLauncherSession$DelegatingLauncher.execute(DefaultLauncherSession.java:86)
	at org.junit.platform.launcher.core.SessionPerRequestLauncher.execute(SessionPerRequestLauncher.java:53)
	at com.intellij.junit5.JUnit5IdeaTestRunner.startRunnerWithArgs(JUnit5IdeaTestRunner.java:57)
	at com.intellij.rt.junit.IdeaTestRunner$Repeater$1.execute(IdeaTestRunner.java:38)
	at com.intellij.rt.execution.junit.TestsRepeater.repeat(TestsRepeater.java:11)
	at com.intellij.rt.junit.IdeaTestRunner$Repeater.startRunnerWithArgs(IdeaTestRunner.java:35)
	at com.intellij.rt.junit.JUnitStarter.prepareStreamsAndStart(JUnitStarter.java:231)
	at com.intellij.rt.junit.JUnitStarter.main(JUnitStarter.java:55)

Sep 10, 2025 6:43:03 PM vln.com.map.AreaMapTest setUp
INFO: [AreaMapTest] Setting up AreaMap instance
Sep 10, 2025 6:43:03 PM vln.com.map.AreaMapTest testMapLoading
INFO: [AreaMapTest] testMapLoading start
Sep 10, 2025 6:43:03 PM vln.com.map.AreaMapTest testMapLoading
SEVERE: testMapLoading failed
java.lang.NullPointerException: Cannot invoke "String.split(String)" because "line" is null
	at vln.com.map.AreaMap.loadFromFile(AreaMap.java:570)
	at vln.com.map.AreaMap.<init>(AreaMap.java:59)
	at vln.com.map.AreaMapTest.testMapLoading(AreaMapTest.java:265)
	at java.base/jdk.internal.reflect.DirectMethodHandleAccessor.invoke(DirectMethodHandleAccessor.java:104)
	at java.base/java.lang.reflect.Method.invoke(Method.java:565)
	at org.junit.platform.commons.util.ReflectionUtils.invokeMethod(ReflectionUtils.java:725)
	at org.junit.jupiter.engine.execution.MethodInvocation.proceed(MethodInvocation.java:60)
	at org.junit.jupiter.engine.execution.InvocationInterceptorChain$ValidatingInvocation.proceed(InvocationInterceptorChain.java:131)
	at org.junit.jupiter.engine.extension.TimeoutExtension.intercept(TimeoutExtension.java:149)
	at org.junit.jupiter.engine.extension.TimeoutExtension.interceptTestableMethod(TimeoutExtension.java:140)
	at org.junit.jupiter.engine.extension.TimeoutExtension.interceptTestMethod(TimeoutExtension.java:84)
	at org.junit.jupiter.engine.execution.ExecutableInvoker$ReflectiveInterceptorCall.lambda$ofVoidMethod$0(ExecutableInvoker.java:115)
	at org.junit.jupiter.engine.execution.ExecutableInvoker.lambda$invoke$0(ExecutableInvoker.java:105)
	at org.junit.jupiter.engine.execution.InvocationInterceptorChain$InterceptedInvocation.proceed(InvocationInterceptorChain.java:106)
	at org.junit.jupiter.engine.execution.InvocationInterceptorChain.proceed(InvocationInterceptorChain.java:64)
	at org.junit.jupiter.engine.execution.InvocationInterceptorChain.chainAndInvoke(InvocationInterceptorChain.java:45)
	at org.junit.jupiter.engine.execution.InvocationInterceptorChain.invoke(InvocationInterceptorChain.java:37)
	at org.junit.jupiter.engine.execution.ExecutableInvoker.invoke(ExecutableInvoker.java:104)
	at org.junit.jupiter.engine.execution.ExecutableInvoker.invoke(ExecutableInvoker.java:98)
	at org.junit.jupiter.engine.descriptor.TestMethodTestDescriptor.lambda$invokeTestMethod$7(TestMethodTestDescriptor.java:214)
	at org.junit.platform.engine.support.hierarchical.ThrowableCollector.execute(ThrowableCollector.java:73)
	at org.junit.jupiter.engine.descriptor.TestMethodTestDescriptor.invokeTestMethod(TestMethodTestDescriptor.java:210)
	at org.junit.jupiter.engine.descriptor.TestMethodTestDescriptor.execute(TestMethodTestDescriptor.java:135)
	at org.junit.jupiter.engine.descriptor.TestMethodTestDescriptor.execute(TestMethodTestDescriptor.java:66)
	at org.junit.platform.engine.support.hierarchical.NodeTestTask.lambda$executeRecursively$6(NodeTestTask.java:151)
	at org.junit.platform.engine.support.hierarchical.ThrowableCollector.execute(ThrowableCollector.java:73)
	at org.junit.platform.engine.support.hierarchical.NodeTestTask.lambda$executeRecursively$8(NodeTestTask.java:141)
	at org.junit.platform.engine.support.hierarchical.Node.around(Node.java:137)
	at org.junit.platform.engine.support.hierarchical.NodeTestTask.lambda$executeRecursively$9(NodeTestTask.java:139)
	at org.junit.platform.engine.support.hierarchical.ThrowableCollector.execute(ThrowableCollector.java:73)
	at org.junit.platform.engine.support.hierarchical.NodeTestTask.executeRecursively(NodeTestTask.java:138)
	at org.junit.platform.engine.support.hierarchical.NodeTestTask.execute(NodeTestTask.java:95)
	at java.base/java.util.ArrayList.forEach(ArrayList.java:1604)
	at org.junit.platform.engine.support.hierarchical.SameThreadHierarchicalTestExecutorService.invokeAll(SameThreadHierarchicalTestExecutorService.java:41)
	at org.junit.platform.engine.support.hierarchical.NodeTestTask.lambda$executeRecursively$6(NodeTestTask.java:155)
	at org.junit.platform.engine.support.hierarchical.ThrowableCollector.execute(ThrowableCollector.java:73)
	at org.junit.platform.engine.support.hierarchical.NodeTestTask.lambda$executeRecursively$8(NodeTestTask.java:141)
	at org.junit.platform.engine.support.hierarchical.Node.around(Node.java:137)
	at org.junit.platform.engine.support.hierarchical.NodeTestTask.lambda$executeRecursively$9(NodeTestTask.java:139)
	at org.junit.platform.engine.support.hierarchical.ThrowableCollector.execute(ThrowableCollector.java:73)
	at org.junit.platform.engine.support.hierarchical.NodeTestTask.executeRecursively(NodeTestTask.java:138)
	at org.junit.platform.engine.support.hierarchical.NodeTestTask.execute(NodeTestTask.java:95)
	at java.base/java.util.ArrayList.forEach(ArrayList.java:1604)
	at org.junit.platform.engine.support.hierarchical.SameThreadHierarchicalTestExecutorService.invokeAll(SameThreadHierarchicalTestExecutorService.java:41)
	at org.junit.platform.engine.support.hierarchical.NodeTestTask.lambda$executeRecursively$6(NodeTestTask.java:155)
	at org.junit.platform.engine.support.hierarchical.ThrowableCollector.execute(ThrowableCollector.java:73)
	at org.junit.platform.engine.support.hierarchical.NodeTestTask.lambda$executeRecursively$8(NodeTestTask.java:141)
	at org.junit.platform.engine.support.hierarchical.Node.around(Node.java:137)
	at org.junit.platform.engine.support.hierarchical.NodeTestTask.lambda$executeRecursively$9(NodeTestTask.java:139)
	at org.junit.platform.engine.support.hierarchical.ThrowableCollector.execute(ThrowableCollector.java:73)
	at org.junit.platform.engine.support.hierarchical.NodeTestTask.executeRecursively(NodeTestTask.java:138)
	at org.junit.platform.engine.support.hierarchical.NodeTestTask.execute(NodeTestTask.java:95)
	at org.junit.platform.engine.support.hierarchical.SameThreadHierarchicalTestExecutorService.submit(SameThreadHierarchicalTestExecutorService.java:35)
	at org.junit.platform.engine.support.hierarchical.HierarchicalTestExecutor.execute(HierarchicalTestExecutor.java:57)
	at org.junit.platform.engine.support.hierarchical.HierarchicalTestEngine.execute(HierarchicalTestEngine.java:54)
	at org.junit.platform.launcher.core.EngineExecutionOrchestrator.execute(EngineExecutionOrchestrator.java:107)
	at org.junit.platform.launcher.core.EngineExecutionOrchestrator.execute(EngineExecutionOrchestrator.java:88)
	at org.junit.platform.launcher.core.EngineExecutionOrchestrator.lambda$execute$0(EngineExecutionOrchestrator.java:54)
	at org.junit.platform.launcher.core.EngineExecutionOrchestrator.withInterceptedStreams(EngineExecutionOrchestrator.java:67)
	at org.junit.platform.launcher.core.EngineExecutionOrchestrator.execute(EngineExecutionOrchestrator.java:52)
	at org.junit.platform.launcher.core.DefaultLauncher.execute(DefaultLauncher.java:114)
	at org.junit.platform.launcher.core.DefaultLauncher.execute(DefaultLauncher.java:86)
	at org.junit.platform.launcher.core.DefaultLauncherSession$DelegatingLauncher.execute(DefaultLauncherSession.java:86)
	at org.junit.platform.launcher.core.SessionPerRequestLauncher.execute(SessionPerRequestLauncher.java:53)
	at com.intellij.junit5.JUnit5IdeaTestRunner.startRunnerWithArgs(JUnit5IdeaTestRunner.java:57)
	at com.intellij.rt.junit.IdeaTestRunner$Repeater$1.execute(IdeaTestRunner.java:38)
	at com.intellij.rt.execution.junit.TestsRepeater.repeat(TestsRepeater.java:11)
	at com.intellij.rt.junit.IdeaTestRunner$Repeater.startRunnerWithArgs(IdeaTestRunner.java:35)
	at com.intellij.rt.junit.JUnitStarter.prepareStreamsAndStart(JUnitStarter.java:231)
	at com.intellij.rt.junit.JUnitStarter.main(JUnitStarter.java:55)

Sep 10, 2025 6:43:03 PM vln.com.map.AreaMapTest setUp
INFO: [AreaMapTest] Setting up AreaMap instance
Sep 10, 2025 6:43:03 PM vln.com.map.AreaMapTest testMapEditingInvalidCastlePosition
INFO: [AreaMapTest] testMapEditingInvalidCastlePosition start
Sep 10, 2025 6:43:05 PM vln.com.map.AreaMapTest testMapEditingInvalidCastlePosition
INFO: [AreaMapTest] testMapEditingInvalidCastlePosition passed
Sep 10, 2025 6:43:05 PM vln.com.map.AreaMapTest setUp
INFO: [AreaMapTest] Setting up AreaMap instance
Sep 10, 2025 6:43:05 PM vln.com.map.AreaMapTest testMoveThroughSmoke_reducesMovesCorrectly
INFO: [AreaMapTest] testMoveThroughSmoke_reducesMovesCorrectly start
Sep 10, 2025 6:43:06 PM vln.com.map.AreaMapTest testMoveThroughSmoke_reducesMovesCorrectly
INFO: [AreaMapTest] testMoveThroughSmoke_reducesMovesCorrectly passed
Sep 10, 2025 6:43:06 PM vln.com.map.AreaMapTest setUp
INFO: [AreaMapTest] Setting up AreaMap instance
Sep 10, 2025 6:43:06 PM vln.com.map.AreaMapTest testSmokeUnitSpawn_createsSmokeArea
INFO: [AreaMapTest] testSmokeUnitSpawn_createsSmokeArea start
Sep 10, 2025 6:43:06 PM vln.com.map.AreaMapTest testSmokeUnitSpawn_createsSmokeArea
INFO: [AreaMapTest] testSmokeUnitSpawn_createsSmokeArea passed
Sep 10, 2025 6:43:06 PM vln.com.map.AreaMapTest setUp
INFO: [AreaMapTest] Setting up AreaMap instance
Sep 10, 2025 6:43:06 PM vln.com.map.AreaMapTest testLoadUserSaveWrongUser
INFO: [AreaMapTest] testLoadUserSaveWrongUser start
Sep 10, 2025 6:43:06 PM vln.com.map.AreaMapTest testLoadUserSaveWrongUser
INFO: [AreaMapTest] testLoadUserSaveWrongUser passed
Sep 10, 2025 6:43:06 PM vln.com.map.AreaMapTest setUp
INFO: [AreaMapTest] Setting up AreaMap instance
Sep 10, 2025 6:43:06 PM vln.com.map.AreaMapTest testGetHeightWidth
INFO: [AreaMapTest] testGetHeightWidth start
Sep 10, 2025 6:43:06 PM vln.com.map.AreaMapTest testGetHeightWidth
INFO: [AreaMapTest] testGetHeightWidth passed
Sep 10, 2025 6:43:06 PM vln.com.map.AreaMapTest setUp
INFO: [AreaMapTest] Setting up AreaMap instance
Sep 10, 2025 6:43:06 PM vln.com.map.AreaMapTest testMapEditingValidCoordinates
INFO: [AreaMapTest] testMapEditingValidCoordinates start
Sep 10, 2025 6:43:06 PM vln.com.map.AreaMapTest testMapEditingValidCoordinates
INFO: Initial cursor position: (5,5)
Sep 10, 2025 6:43:09 PM vln.com.map.AreaMapTest testMapEditingValidCoordinates
INFO: Type at (5,6): Trail
Sep 10, 2025 6:43:09 PM vln.com.map.AreaMapTest testMapEditingValidCoordinates
INFO: Type at (6,6): Obstacle
Sep 10, 2025 6:43:09 PM vln.com.map.AreaMapTest testMapEditingValidCoordinates
INFO: Type at (6,5): Field
Sep 10, 2025 6:43:09 PM vln.com.map.AreaMapTest testMapEditingValidCoordinates
SEVERE: testMapEditingValidCoordinates failed
org.opentest4j.AssertionFailedError: Should place Field at (6,5) ==> Unexpected type ==> expected: <java.lang.reflect.Field> but was: <vln.com.map.Field>
	at org.junit.jupiter.api.AssertInstanceOf.assertInstanceOf(AssertInstanceOf.java:51)
	at org.junit.jupiter.api.AssertInstanceOf.assertInstanceOf(AssertInstanceOf.java:39)
	at org.junit.jupiter.api.Assertions.assertInstanceOf(Assertions.java:3555)
	at vln.com.map.AreaMapTest.testMapEditingValidCoordinates(AreaMapTest.java:115)
	at java.base/jdk.internal.reflect.DirectMethodHandleAccessor.invoke(DirectMethodHandleAccessor.java:104)
	at java.base/java.lang.reflect.Method.invoke(Method.java:565)
	at org.junit.platform.commons.util.ReflectionUtils.invokeMethod(ReflectionUtils.java:725)
	at org.junit.jupiter.engine.execution.MethodInvocation.proceed(MethodInvocation.java:60)
	at org.junit.jupiter.engine.execution.InvocationInterceptorChain$ValidatingInvocation.proceed(InvocationInterceptorChain.java:131)
	at org.junit.jupiter.engine.extension.TimeoutExtension.intercept(TimeoutExtension.java:149)
	at org.junit.jupiter.engine.extension.TimeoutExtension.interceptTestableMethod(TimeoutExtension.java:140)
	at org.junit.jupiter.engine.extension.TimeoutExtension.interceptTestMethod(TimeoutExtension.java:84)
	at org.junit.jupiter.engine.execution.ExecutableInvoker$ReflectiveInterceptorCall.lambda$ofVoidMethod$0(ExecutableInvoker.java:115)
	at org.junit.jupiter.engine.execution.ExecutableInvoker.lambda$invoke$0(ExecutableInvoker.java:105)
	at org.junit.jupiter.engine.execution.InvocationInterceptorChain$InterceptedInvocation.proceed(InvocationInterceptorChain.java:106)
	at org.junit.jupiter.engine.execution.InvocationInterceptorChain.proceed(InvocationInterceptorChain.java:64)
	at org.junit.jupiter.engine.execution.InvocationInterceptorChain.chainAndInvoke(InvocationInterceptorChain.java:45)
	at org.junit.jupiter.engine.execution.InvocationInterceptorChain.invoke(InvocationInterceptorChain.java:37)
	at org.junit.jupiter.engine.execution.ExecutableInvoker.invoke(ExecutableInvoker.java:104)
	at org.junit.jupiter.engine.execution.ExecutableInvoker.invoke(ExecutableInvoker.java:98)
	at org.junit.jupiter.engine.descriptor.TestMethodTestDescriptor.lambda$invokeTestMethod$7(TestMethodTestDescriptor.java:214)
	at org.junit.platform.engine.support.hierarchical.ThrowableCollector.execute(ThrowableCollector.java:73)
	at org.junit.jupiter.engine.descriptor.TestMethodTestDescriptor.invokeTestMethod(TestMethodTestDescriptor.java:210)
	at org.junit.jupiter.engine.descriptor.TestMethodTestDescriptor.execute(TestMethodTestDescriptor.java:135)
	at org.junit.jupiter.engine.descriptor.TestMethodTestDescriptor.execute(TestMethodTestDescriptor.java:66)
	at org.junit.platform.engine.support.hierarchical.NodeTestTask.lambda$executeRecursively$6(NodeTestTask.java:151)
	at org.junit.platform.engine.support.hierarchical.ThrowableCollector.execute(ThrowableCollector.java:73)
	at org.junit.platform.engine.support.hierarchical.NodeTestTask.lambda$executeRecursively$8(NodeTestTask.java:141)
	at org.junit.platform.engine.support.hierarchical.Node.around(Node.java:137)
	at org.junit.platform.engine.support.hierarchical.NodeTestTask.lambda$executeRecursively$9(NodeTestTask.java:139)
	at org.junit.platform.engine.support.hierarchical.ThrowableCollector.execute(ThrowableCollector.java:73)
	at org.junit.platform.engine.support.hierarchical.NodeTestTask.executeRecursively(NodeTestTask.java:138)
	at org.junit.platform.engine.support.hierarchical.NodeTestTask.execute(NodeTestTask.java:95)
	at java.base/java.util.ArrayList.forEach(ArrayList.java:1604)
	at org.junit.platform.engine.support.hierarchical.SameThreadHierarchicalTestExecutorService.invokeAll(SameThreadHierarchicalTestExecutorService.java:41)
	at org.junit.platform.engine.support.hierarchical.NodeTestTask.lambda$executeRecursively$6(NodeTestTask.java:155)
	at org.junit.platform.engine.support.hierarchical.ThrowableCollector.execute(ThrowableCollector.java:73)
	at org.junit.platform.engine.support.hierarchical.NodeTestTask.lambda$executeRecursively$8(NodeTestTask.java:141)
	at org.junit.platform.engine.support.hierarchical.Node.around(Node.java:137)
	at org.junit.platform.engine.support.hierarchical.NodeTestTask.lambda$executeRecursively$9(NodeTestTask.java:139)
	at org.junit.platform.engine.support.hierarchical.ThrowableCollector.execute(ThrowableCollector.java:73)
	at org.junit.platform.engine.support.hierarchical.NodeTestTask.executeRecursively(NodeTestTask.java:138)
	at org.junit.platform.engine.support.hierarchical.NodeTestTask.execute(NodeTestTask.java:95)
	at java.base/java.util.ArrayList.forEach(ArrayList.java:1604)
	at org.junit.platform.engine.support.hierarchical.SameThreadHierarchicalTestExecutorService.invokeAll(SameThreadHierarchicalTestExecutorService.java:41)
	at org.junit.platform.engine.support.hierarchical.NodeTestTask.lambda$executeRecursively$6(NodeTestTask.java:155)
	at org.junit.platform.engine.support.hierarchical.ThrowableCollector.execute(ThrowableCollector.java:73)
	at org.junit.platform.engine.support.hierarchical.NodeTestTask.lambda$executeRecursively$8(NodeTestTask.java:141)
	at org.junit.platform.engine.support.hierarchical.Node.around(Node.java:137)
	at org.junit.platform.engine.support.hierarchical.NodeTestTask.lambda$executeRecursively$9(NodeTestTask.java:139)
	at org.junit.platform.engine.support.hierarchical.ThrowableCollector.execute(ThrowableCollector.java:73)
	at org.junit.platform.engine.support.hierarchical.NodeTestTask.executeRecursively(NodeTestTask.java:138)
	at org.junit.platform.engine.support.hierarchical.NodeTestTask.execute(NodeTestTask.java:95)
	at org.junit.platform.engine.support.hierarchical.SameThreadHierarchicalTestExecutorService.submit(SameThreadHierarchicalTestExecutorService.java:35)
	at org.junit.platform.engine.support.hierarchical.HierarchicalTestExecutor.execute(HierarchicalTestExecutor.java:57)
	at org.junit.platform.engine.support.hierarchical.HierarchicalTestEngine.execute(HierarchicalTestEngine.java:54)
	at org.junit.platform.launcher.core.EngineExecutionOrchestrator.execute(EngineExecutionOrchestrator.java:107)
	at org.junit.platform.launcher.core.EngineExecutionOrchestrator.execute(EngineExecutionOrchestrator.java:88)
	at org.junit.platform.launcher.core.EngineExecutionOrchestrator.lambda$execute$0(EngineExecutionOrchestrator.java:54)
	at org.junit.platform.launcher.core.EngineExecutionOrchestrator.withInterceptedStreams(EngineExecutionOrchestrator.java:67)
	at org.junit.platform.launcher.core.EngineExecutionOrchestrator.execute(EngineExecutionOrchestrator.java:52)
	at org.junit.platform.launcher.core.DefaultLauncher.execute(DefaultLauncher.java:114)
	at org.junit.platform.launcher.core.DefaultLauncher.execute(DefaultLauncher.java:86)
	at org.junit.platform.launcher.core.DefaultLauncherSession$DelegatingLauncher.execute(DefaultLauncherSession.java:86)
	at org.junit.platform.launcher.core.SessionPerRequestLauncher.execute(SessionPerRequestLauncher.java:53)
	at com.intellij.junit5.JUnit5IdeaTestRunner.startRunnerWithArgs(JUnit5IdeaTestRunner.java:57)
	at com.intellij.rt.junit.IdeaTestRunner$Repeater$1.execute(IdeaTestRunner.java:38)
	at com.intellij.rt.execution.junit.TestsRepeater.repeat(TestsRepeater.java:11)
	at com.intellij.rt.junit.IdeaTestRunner$Repeater.startRunnerWithArgs(IdeaTestRunner.java:35)
	at com.intellij.rt.junit.JUnitStarter.prepareStreamsAndStart(JUnitStarter.java:231)
	at com.intellij.rt.junit.JUnitStarter.main(JUnitStarter.java:55)

Sep 10, 2025 6:43:09 PM vln.com.map.AreaMapTest setUp
INFO: [AreaMapTest] Setting up AreaMap instance
Sep 10, 2025 6:43:09 PM vln.com.map.AreaMapTest testMapSaving
INFO: [AreaMapTest] testMapSaving start
Sep 10, 2025 6:43:11 PM vln.com.map.AreaMapTest testMapSaving
SEVERE: testMapSaving failed
java.io.IOException: Unknown Props type at 5,0: PlayerCastle
	at vln.com.map.AreaMap.saveToFile(AreaMap.java:612)
	at vln.com.map.AreaMapTest.testMapSaving(AreaMapTest.java:182)
	at java.base/jdk.internal.reflect.DirectMethodHandleAccessor.invoke(DirectMethodHandleAccessor.java:104)
	at java.base/java.lang.reflect.Method.invoke(Method.java:565)
	at org.junit.platform.commons.util.ReflectionUtils.invokeMethod(ReflectionUtils.java:725)
	at org.junit.jupiter.engine.execution.MethodInvocation.proceed(MethodInvocation.java:60)
	at org.junit.jupiter.engine.execution.InvocationInterceptorChain$ValidatingInvocation.proceed(InvocationInterceptorChain.java:131)
	at org.junit.jupiter.engine.extension.TimeoutExtension.intercept(TimeoutExtension.java:149)
	at org.junit.jupiter.engine.extension.TimeoutExtension.interceptTestableMethod(TimeoutExtension.java:140)
	at org.junit.jupiter.engine.extension.TimeoutExtension.interceptTestMethod(TimeoutExtension.java:84)
	at org.junit.jupiter.engine.execution.ExecutableInvoker$ReflectiveInterceptorCall.lambda$ofVoidMethod$0(ExecutableInvoker.java:115)
	at org.junit.jupiter.engine.execution.ExecutableInvoker.lambda$invoke$0(ExecutableInvoker.java:105)
	at org.junit.jupiter.engine.execution.InvocationInterceptorChain$InterceptedInvocation.proceed(InvocationInterceptorChain.java:106)
	at org.junit.jupiter.engine.execution.InvocationInterceptorChain.proceed(InvocationInterceptorChain.java:64)
	at org.junit.jupiter.engine.execution.InvocationInterceptorChain.chainAndInvoke(InvocationInterceptorChain.java:45)
	at org.junit.jupiter.engine.execution.InvocationInterceptorChain.invoke(InvocationInterceptorChain.java:37)
	at org.junit.jupiter.engine.execution.ExecutableInvoker.invoke(ExecutableInvoker.java:104)
	at org.junit.jupiter.engine.execution.ExecutableInvoker.invoke(ExecutableInvoker.java:98)
	at org.junit.jupiter.engine.descriptor.TestMethodTestDescriptor.lambda$invokeTestMethod$7(TestMethodTestDescriptor.java:214)
	at org.junit.platform.engine.support.hierarchical.ThrowableCollector.execute(ThrowableCollector.java:73)
	at org.junit.jupiter.engine.descriptor.TestMethodTestDescriptor.invokeTestMethod(TestMethodTestDescriptor.java:210)
	at org.junit.jupiter.engine.descriptor.TestMethodTestDescriptor.execute(TestMethodTestDescriptor.java:135)
	at org.junit.jupiter.engine.descriptor.TestMethodTestDescriptor.execute(TestMethodTestDescriptor.java:66)
	at org.junit.platform.engine.support.hierarchical.NodeTestTask.lambda$executeRecursively$6(NodeTestTask.java:151)
	at org.junit.platform.engine.support.hierarchical.ThrowableCollector.execute(ThrowableCollector.java:73)
	at org.junit.platform.engine.support.hierarchical.NodeTestTask.lambda$executeRecursively$8(NodeTestTask.java:141)
	at org.junit.platform.engine.support.hierarchical.Node.around(Node.java:137)
	at org.junit.platform.engine.support.hierarchical.NodeTestTask.lambda$executeRecursively$9(NodeTestTask.java:139)
	at org.junit.platform.engine.support.hierarchical.ThrowableCollector.execute(ThrowableCollector.java:73)
	at org.junit.platform.engine.support.hierarchical.NodeTestTask.executeRecursively(NodeTestTask.java:138)
	at org.junit.platform.engine.support.hierarchical.NodeTestTask.execute(NodeTestTask.java:95)
	at java.base/java.util.ArrayList.forEach(ArrayList.java:1604)
	at org.junit.platform.engine.support.hierarchical.SameThreadHierarchicalTestExecutorService.invokeAll(SameThreadHierarchicalTestExecutorService.java:41)
	at org.junit.platform.engine.support.hierarchical.NodeTestTask.lambda$executeRecursively$6(NodeTestTask.java:155)
	at org.junit.platform.engine.support.hierarchical.ThrowableCollector.execute(ThrowableCollector.java:73)
	at org.junit.platform.engine.support.hierarchical.NodeTestTask.lambda$executeRecursively$8(NodeTestTask.java:141)
	at org.junit.platform.engine.support.hierarchical.Node.around(Node.java:137)
	at org.junit.platform.engine.support.hierarchical.NodeTestTask.lambda$executeRecursively$9(NodeTestTask.java:139)
	at org.junit.platform.engine.support.hierarchical.ThrowableCollector.execute(ThrowableCollector.java:73)
	at org.junit.platform.engine.support.hierarchical.NodeTestTask.executeRecursively(NodeTestTask.java:138)
	at org.junit.platform.engine.support.hierarchical.NodeTestTask.execute(NodeTestTask.java:95)
	at java.base/java.util.ArrayList.forEach(ArrayList.java:1604)
	at org.junit.platform.engine.support.hierarchical.SameThreadHierarchicalTestExecutorService.invokeAll(SameThreadHierarchicalTestExecutorService.java:41)
	at org.junit.platform.engine.support.hierarchical.NodeTestTask.lambda$executeRecursively$6(NodeTestTask.java:155)
	at org.junit.platform.engine.support.hierarchical.ThrowableCollector.execute(ThrowableCollector.java:73)
	at org.junit.platform.engine.support.hierarchical.NodeTestTask.lambda$executeRecursively$8(NodeTestTask.java:141)
	at org.junit.platform.engine.support.hierarchical.Node.around(Node.java:137)
	at org.junit.platform.engine.support.hierarchical.NodeTestTask.lambda$executeRecursively$9(NodeTestTask.java:139)
	at org.junit.platform.engine.support.hierarchical.ThrowableCollector.execute(ThrowableCollector.java:73)
	at org.junit.platform.engine.support.hierarchical.NodeTestTask.executeRecursively(NodeTestTask.java:138)
	at org.junit.platform.engine.support.hierarchical.NodeTestTask.execute(NodeTestTask.java:95)
	at org.junit.platform.engine.support.hierarchical.SameThreadHierarchicalTestExecutorService.submit(SameThreadHierarchicalTestExecutorService.java:35)
	at org.junit.platform.engine.support.hierarchical.HierarchicalTestExecutor.execute(HierarchicalTestExecutor.java:57)
	at org.junit.platform.engine.support.hierarchical.HierarchicalTestEngine.execute(HierarchicalTestEngine.java:54)
	at org.junit.platform.launcher.core.EngineExecutionOrchestrator.execute(EngineExecutionOrchestrator.java:107)
	at org.junit.platform.launcher.core.EngineExecutionOrchestrator.execute(EngineExecutionOrchestrator.java:88)
	at org.junit.platform.launcher.core.EngineExecutionOrchestrator.lambda$execute$0(EngineExecutionOrchestrator.java:54)
	at org.junit.platform.launcher.core.EngineExecutionOrchestrator.withInterceptedStreams(EngineExecutionOrchestrator.java:67)
	at org.junit.platform.launcher.core.EngineExecutionOrchestrator.execute(EngineExecutionOrchestrator.java:52)
	at org.junit.platform.launcher.core.DefaultLauncher.execute(DefaultLauncher.java:114)
	at org.junit.platform.launcher.core.DefaultLauncher.execute(DefaultLauncher.java:86)
	at org.junit.platform.launcher.core.DefaultLauncherSession$DelegatingLauncher.execute(DefaultLauncherSession.java:86)
	at org.junit.platform.launcher.core.SessionPerRequestLauncher.execute(SessionPerRequestLauncher.java:53)
	at com.intellij.junit5.JUnit5IdeaTestRunner.startRunnerWithArgs(JUnit5IdeaTestRunner.java:57)
	at com.intellij.rt.junit.IdeaTestRunner$Repeater$1.execute(IdeaTestRunner.java:38)
	at com.intellij.rt.execution.junit.TestsRepeater.repeat(TestsRepeater.java:11)
	at com.intellij.rt.junit.IdeaTestRunner$Repeater.startRunnerWithArgs(IdeaTestRunner.java:35)
	at com.intellij.rt.junit.JUnitStarter.prepareStreamsAndStart(JUnitStarter.java:231)
	at com.intellij.rt.junit.JUnitStarter.main(JUnitStarter.java:55)

Sep 10, 2025 6:43:11 PM vln.com.map.AreaMapTest setUp
INFO: [AreaMapTest] Setting up AreaMap instance
Sep 10, 2025 6:43:11 PM vln.com.map.AreaMapTest testHasAnyMoves_trailAndFieldCosts
INFO: [AreaMapTest] testHasAnyMoves_trailAndFieldCosts start
Sep 10, 2025 6:43:11 PM vln.com.map.AreaMapTest testHasAnyMoves_trailAndFieldCosts
SEVERE: testHasAnyMoves_trailAndFieldCosts failed
org.opentest4j.AssertionFailedError: expected: <false> but was: <true>
	at org.junit.jupiter.api.AssertionUtils.fail(AssertionUtils.java:55)
	at org.junit.jupiter.api.AssertFalse.assertFalse(AssertFalse.java:40)
	at org.junit.jupiter.api.AssertFalse.assertFalse(AssertFalse.java:35)
	at org.junit.jupiter.api.Assertions.assertFalse(Assertions.java:227)
	at vln.com.map.AreaMapTest.testHasAnyMoves_trailAndFieldCosts(AreaMapTest.java:523)
	at java.base/jdk.internal.reflect.DirectMethodHandleAccessor.invoke(DirectMethodHandleAccessor.java:104)
	at java.base/java.lang.reflect.Method.invoke(Method.java:565)
	at org.junit.platform.commons.util.ReflectionUtils.invokeMethod(ReflectionUtils.java:725)
	at org.junit.jupiter.engine.execution.MethodInvocation.proceed(MethodInvocation.java:60)
	at org.junit.jupiter.engine.execution.InvocationInterceptorChain$ValidatingInvocation.proceed(InvocationInterceptorChain.java:131)
	at org.junit.jupiter.engine.extension.TimeoutExtension.intercept(TimeoutExtension.java:149)
	at org.junit.jupiter.engine.extension.TimeoutExtension.interceptTestableMethod(TimeoutExtension.java:140)
	at org.junit.jupiter.engine.extension.TimeoutExtension.interceptTestMethod(TimeoutExtension.java:84)
	at org.junit.jupiter.engine.execution.ExecutableInvoker$ReflectiveInterceptorCall.lambda$ofVoidMethod$0(ExecutableInvoker.java:115)
	at org.junit.jupiter.engine.execution.ExecutableInvoker.lambda$invoke$0(ExecutableInvoker.java:105)
	at org.junit.jupiter.engine.execution.InvocationInterceptorChain$InterceptedInvocation.proceed(InvocationInterceptorChain.java:106)
	at org.junit.jupiter.engine.execution.InvocationInterceptorChain.proceed(InvocationInterceptorChain.java:64)
	at org.junit.jupiter.engine.execution.InvocationInterceptorChain.chainAndInvoke(InvocationInterceptorChain.java:45)
	at org.junit.jupiter.engine.execution.InvocationInterceptorChain.invoke(InvocationInterceptorChain.java:37)
	at org.junit.jupiter.engine.execution.ExecutableInvoker.invoke(ExecutableInvoker.java:104)
	at org.junit.jupiter.engine.execution.ExecutableInvoker.invoke(ExecutableInvoker.java:98)
	at org.junit.jupiter.engine.descriptor.TestMethodTestDescriptor.lambda$invokeTestMethod$7(TestMethodTestDescriptor.java:214)
	at org.junit.platform.engine.support.hierarchical.ThrowableCollector.execute(ThrowableCollector.java:73)
	at org.junit.jupiter.engine.descriptor.TestMethodTestDescriptor.invokeTestMethod(TestMethodTestDescriptor.java:210)
	at org.junit.jupiter.engine.descriptor.TestMethodTestDescriptor.execute(TestMethodTestDescriptor.java:135)
	at org.junit.jupiter.engine.descriptor.TestMethodTestDescriptor.execute(TestMethodTestDescriptor.java:66)
	at org.junit.platform.engine.support.hierarchical.NodeTestTask.lambda$executeRecursively$6(NodeTestTask.java:151)
	at org.junit.platform.engine.support.hierarchical.ThrowableCollector.execute(ThrowableCollector.java:73)
	at org.junit.platform.engine.support.hierarchical.NodeTestTask.lambda$executeRecursively$8(NodeTestTask.java:141)
	at org.junit.platform.engine.support.hierarchical.Node.around(Node.java:137)
	at org.junit.platform.engine.support.hierarchical.NodeTestTask.lambda$executeRecursively$9(NodeTestTask.java:139)
	at org.junit.platform.engine.support.hierarchical.ThrowableCollector.execute(ThrowableCollector.java:73)
	at org.junit.platform.engine.support.hierarchical.NodeTestTask.executeRecursively(NodeTestTask.java:138)
	at org.junit.platform.engine.support.hierarchical.NodeTestTask.execute(NodeTestTask.java:95)
	at java.base/java.util.ArrayList.forEach(ArrayList.java:1604)
	at org.junit.platform.engine.support.hierarchical.SameThreadHierarchicalTestExecutorService.invokeAll(SameThreadHierarchicalTestExecutorService.java:41)
	at org.junit.platform.engine.support.hierarchical.NodeTestTask.lambda$executeRecursively$6(NodeTestTask.java:155)
	at org.junit.platform.engine.support.hierarchical.ThrowableCollector.execute(ThrowableCollector.java:73)
	at org.junit.platform.engine.support.hierarchical.NodeTestTask.lambda$executeRecursively$8(NodeTestTask.java:141)
	at org.junit.platform.engine.support.hierarchical.Node.around(Node.java:137)
	at org.junit.platform.engine.support.hierarchical.NodeTestTask.lambda$executeRecursively$9(NodeTestTask.java:139)
	at org.junit.platform.engine.support.hierarchical.ThrowableCollector.execute(ThrowableCollector.java:73)
	at org.junit.platform.engine.support.hierarchical.NodeTestTask.executeRecursively(NodeTestTask.java:138)
	at org.junit.platform.engine.support.hierarchical.NodeTestTask.execute(NodeTestTask.java:95)
	at java.base/java.util.ArrayList.forEach(ArrayList.java:1604)
	at org.junit.platform.engine.support.hierarchical.SameThreadHierarchicalTestExecutorService.invokeAll(SameThreadHierarchicalTestExecutorService.java:41)
	at org.junit.platform.engine.support.hierarchical.NodeTestTask.lambda$executeRecursively$6(NodeTestTask.java:155)
	at org.junit.platform.engine.support.hierarchical.ThrowableCollector.execute(ThrowableCollector.java:73)
	at org.junit.platform.engine.support.hierarchical.NodeTestTask.lambda$executeRecursively$8(NodeTestTask.java:141)
	at org.junit.platform.engine.support.hierarchical.Node.around(Node.java:137)
	at org.junit.platform.engine.support.hierarchical.NodeTestTask.lambda$executeRecursively$9(NodeTestTask.java:139)
	at org.junit.platform.engine.support.hierarchical.ThrowableCollector.execute(ThrowableCollector.java:73)
	at org.junit.platform.engine.support.hierarchical.NodeTestTask.executeRecursively(NodeTestTask.java:138)
	at org.junit.platform.engine.support.hierarchical.NodeTestTask.execute(NodeTestTask.java:95)
	at org.junit.platform.engine.support.hierarchical.SameThreadHierarchicalTestExecutorService.submit(SameThreadHierarchicalTestExecutorService.java:35)
	at org.junit.platform.engine.support.hierarchical.HierarchicalTestExecutor.execute(HierarchicalTestExecutor.java:57)
	at org.junit.platform.engine.support.hierarchical.HierarchicalTestEngine.execute(HierarchicalTestEngine.java:54)
	at org.junit.platform.launcher.core.EngineExecutionOrchestrator.execute(EngineExecutionOrchestrator.java:107)
	at org.junit.platform.launcher.core.EngineExecutionOrchestrator.execute(EngineExecutionOrchestrator.java:88)
	at org.junit.platform.launcher.core.EngineExecutionOrchestrator.lambda$execute$0(EngineExecutionOrchestrator.java:54)
	at org.junit.platform.launcher.core.EngineExecutionOrchestrator.withInterceptedStreams(EngineExecutionOrchestrator.java:67)
	at org.junit.platform.launcher.core.EngineExecutionOrchestrator.execute(EngineExecutionOrchestrator.java:52)
	at org.junit.platform.launcher.core.DefaultLauncher.execute(DefaultLauncher.java:114)
	at org.junit.platform.launcher.core.DefaultLauncher.execute(DefaultLauncher.java:86)
	at org.junit.platform.launcher.core.DefaultLauncherSession$DelegatingLauncher.execute(DefaultLauncherSession.java:86)
	at org.junit.platform.launcher.core.SessionPerRequestLauncher.execute(SessionPerRequestLauncher.java:53)
	at com.intellij.junit5.JUnit5IdeaTestRunner.startRunnerWithArgs(JUnit5IdeaTestRunner.java:57)
	at com.intellij.rt.junit.IdeaTestRunner$Repeater$1.execute(IdeaTestRunner.java:38)
	at com.intellij.rt.execution.junit.TestsRepeater.repeat(TestsRepeater.java:11)
	at com.intellij.rt.junit.IdeaTestRunner$Repeater.startRunnerWithArgs(IdeaTestRunner.java:35)
	at com.intellij.rt.junit.JUnitStarter.prepareStreamsAndStart(JUnitStarter.java:231)
	at com.intellij.rt.junit.JUnitStarter.main(JUnitStarter.java:55)

Sep 10, 2025 6:43:11 PM vln.com.map.AreaMapTest setUp
INFO: [AreaMapTest] Setting up AreaMap instance
Sep 10, 2025 6:43:11 PM vln.com.map.AreaMapTest testLoadUserSave
INFO: [AreaMapTest] testLoadUserSave start
Sep 10, 2025 6:43:11 PM vln.com.map.AreaMapTest testLoadUserSave
INFO: [AreaMapTest] testLoadUserSave passed
Sep 10, 2025 6:57:04 PM vln.com.map.AreaMapTest setUp
INFO: [AreaMapTest] Setting up AreaMap instance
Sep 10, 2025 6:57:06 PM vln.com.map.AreaMapTest setUp
INFO: [AreaMapTest] Setting up AreaMap instance
Sep 10, 2025 6:57:06 PM vln.com.map.AreaMapTest testEndGame_PlayerWinsByCapturingCastles
INFO: [AreaMapTest] testEndGame_PlayerWinsByCapturingCastles start
Sep 10, 2025 6:57:06 PM vln.com.map.AreaMapTest testEndGame_PlayerWinsByCapturingCastles
INFO: [AreaMapTest] testEndGame_PlayerWinsByCapturingCastles passed
Sep 10, 2025 6:57:06 PM vln.com.map.AreaMapTest setUp
INFO: [AreaMapTest] Setting up AreaMap instance
Sep 10, 2025 6:57:06 PM vln.com.map.AreaMapTest setUp
INFO: [AreaMapTest] Setting up AreaMap instance
Sep 10, 2025 6:57:06 PM vln.com.map.AreaMapTest testMoveHero_offMap_noChange
INFO: [AreaMapTest] testMoveHero_offMap_noChange start
Sep 10, 2025 6:57:06 PM vln.com.map.AreaMapTest testMoveHero_offMap_noChange
INFO: [AreaMapTest] testMoveHero_offMap_noChange passed
Sep 10, 2025 6:57:06 PM vln.com.map.AreaMapTest setUp
INFO: [AreaMapTest] Setting up AreaMap instance
Sep 10, 2025 6:57:06 PM vln.com.map.AreaMapTest testApplySmoke_setsSmokeLayerWithinRadius
INFO: [AreaMapTest] testApplySmoke_setsSmokeLayerWithinRadius start
Sep 10, 2025 6:57:06 PM vln.com.map.AreaMapTest testApplySmoke_setsSmokeLayerWithinRadius
INFO: [AreaMapTest] testApplySmoke_setsSmokeLayerWithinRadius passed
Sep 10, 2025 6:57:06 PM vln.com.map.AreaMapTest setUp
INFO: [AreaMapTest] Setting up AreaMap instance
Sep 10, 2025 6:57:06 PM vln.com.map.AreaMapTest testMoveHero_trailMovement_reducesMovesAndMovesHero
INFO: [AreaMapTest] testMoveHero_trailMovement_reducesMovesAndMovesHero start
Sep 10, 2025 6:57:07 PM vln.com.map.AreaMapTest testMoveHero_trailMovement_reducesMovesAndMovesHero
INFO: [AreaMapTest] testMoveHero_trailMovement_reducesMovesAndMovesHero passed
Sep 10, 2025 6:57:07 PM vln.com.map.AreaMapTest setUp
INFO: [AreaMapTest] Setting up AreaMap instance
Sep 10, 2025 6:57:07 PM vln.com.map.AreaMapTest testRemoveSmoke_clearsSmokeLayerAndResetsDisplay
INFO: [AreaMapTest] testRemoveSmoke_clearsSmokeLayerAndResetsDisplay start
Sep 10, 2025 6:57:07 PM vln.com.map.AreaMapTest testRemoveSmoke_clearsSmokeLayerAndResetsDisplay
INFO: [AreaMapTest] testRemoveSmoke_clearsSmokeLayerAndResetsDisplay passed
Sep 10, 2025 6:57:07 PM vln.com.map.AreaMapTest setUp
INFO: [AreaMapTest] Setting up AreaMap instance
Sep 10, 2025 6:57:07 PM vln.com.map.AreaMapTest testEndGame_PlayerLosesWhenBotCapturesCastles
INFO: [AreaMapTest] testEndGame_PlayerLosesWhenBotCapturesCastles start
Sep 10, 2025 6:57:07 PM vln.com.map.AreaMapTest testEndGame_PlayerLosesWhenBotCapturesCastles
INFO: [AreaMapTest] testEndGame_PlayerLosesWhenBotCapturesCastles passed
Sep 10, 2025 6:57:07 PM vln.com.map.AreaMapTest setUp
INFO: [AreaMapTest] Setting up AreaMap instance
Sep 10, 2025 6:57:07 PM vln.com.map.AreaMapTest testMoveHero_obstacle_noMove
INFO: [AreaMapTest] testMoveHero_obstacle_noMove start
Sep 10, 2025 6:57:07 PM vln.com.map.AreaMapTest testMoveHero_obstacle_noMove
INFO: [AreaMapTest] testMoveHero_obstacle_noMove passed
Sep 10, 2025 6:57:07 PM vln.com.map.AreaMapTest setUp
INFO: [AreaMapTest] Setting up AreaMap instance
Sep 10, 2025 6:57:07 PM vln.com.map.AreaMapTest setUp
INFO: [AreaMapTest] Setting up AreaMap instance
Sep 10, 2025 6:57:07 PM vln.com.map.AreaMapTest setUp
INFO: [AreaMapTest] Setting up AreaMap instance
Sep 10, 2025 6:57:09 PM vln.com.map.AreaMapTest setUp
INFO: [AreaMapTest] Setting up AreaMap instance
Sep 10, 2025 6:57:09 PM vln.com.map.AreaMapTest testMoveThroughSmoke_reducesMovesCorrectly
INFO: [AreaMapTest] testMoveThroughSmoke_reducesMovesCorrectly start
Sep 10, 2025 6:57:10 PM vln.com.map.AreaMapTest testMoveThroughSmoke_reducesMovesCorrectly
INFO: [AreaMapTest] testMoveThroughSmoke_reducesMovesCorrectly passed
Sep 10, 2025 6:57:10 PM vln.com.map.AreaMapTest setUp
INFO: [AreaMapTest] Setting up AreaMap instance
Sep 10, 2025 6:57:10 PM vln.com.map.AreaMapTest testSmokeUnitSpawn_createsSmokeArea
INFO: [AreaMapTest] testSmokeUnitSpawn_createsSmokeArea start
Sep 10, 2025 6:57:10 PM vln.com.map.AreaMapTest testSmokeUnitSpawn_createsSmokeArea
INFO: [AreaMapTest] testSmokeUnitSpawn_createsSmokeArea passed
Sep 10, 2025 6:57:10 PM vln.com.map.AreaMapTest setUp
INFO: [AreaMapTest] Setting up AreaMap instance
Sep 10, 2025 6:57:10 PM vln.com.map.AreaMapTest setUp
INFO: [AreaMapTest] Setting up AreaMap instance
Sep 10, 2025 6:57:10 PM vln.com.map.AreaMapTest testGetHeightWidth
INFO: [AreaMapTest] testGetHeightWidth start
Sep 10, 2025 6:57:10 PM vln.com.map.AreaMapTest testGetHeightWidth
INFO: [AreaMapTest] testGetHeightWidth passed
Sep 10, 2025 6:57:10 PM vln.com.map.AreaMapTest setUp
INFO: [AreaMapTest] Setting up AreaMap instance
Sep 10, 2025 6:57:10 PM vln.com.map.AreaMapTest testMapEditingValidCoordinates
INFO: [AreaMapTest] testMapEditingValidCoordinates start
Sep 10, 2025 6:57:10 PM vln.com.map.AreaMapTest testMapEditingValidCoordinates
INFO: Initial cursor position: (5,5)
Sep 10, 2025 6:57:13 PM vln.com.map.AreaMapTest testMapEditingValidCoordinates
INFO: Type at (5,6): Trail
Sep 10, 2025 6:57:13 PM vln.com.map.AreaMapTest testMapEditingValidCoordinates
INFO: Type at (6,6): Obstacle
Sep 10, 2025 6:57:13 PM vln.com.map.AreaMapTest testMapEditingValidCoordinates
INFO: Type at (6,5): Field
Sep 10, 2025 6:57:13 PM vln.com.map.AreaMapTest testMapEditingValidCoordinates
INFO: [AreaMapTest] testMapEditingValidCoordinates passed
Sep 10, 2025 6:57:13 PM vln.com.map.AreaMapTest setUp
INFO: [AreaMapTest] Setting up AreaMap instance
Sep 10, 2025 6:57:15 PM vln.com.map.AreaMapTest setUp
INFO: [AreaMapTest] Setting up AreaMap instance
Sep 10, 2025 7:48:01 PM vln.com.map.AreaMapTest setUp
INFO: [AreaMapTest] Setting up AreaMap instance
Sep 10, 2025 7:48:01 PM vln.com.map.AreaMapTest testMapEditingBoundaryCoordinates
INFO: [AreaMapTest] testMapEditingBoundaryCoordinates start
Sep 10, 2025 7:48:03 PM vln.com.map.AreaMapTest testMapEditingBoundaryCoordinates
INFO: Type at (4,5): Trail
Sep 10, 2025 7:48:03 PM vln.com.map.AreaMapTest testMapEditingBoundaryCoordinates
INFO: Type at (4,4): Obstacle
Sep 10, 2025 7:48:03 PM vln.com.map.AreaMapTest testMapEditingBoundaryCoordinates
INFO: [AreaMapTest] testMapEditingBoundaryCoordinates passed
Sep 10, 2025 7:48:03 PM vln.com.map.AreaMapTest setUp
INFO: [AreaMapTest] Setting up AreaMap instance
Sep 10, 2025 7:48:03 PM vln.com.map.AreaMapTest testEndGame_PlayerWinsByCapturingCastles
INFO: [AreaMapTest] testEndGame_PlayerWinsByCapturingCastles start
Sep 10, 2025 7:48:03 PM vln.com.map.AreaMapTest testEndGame_PlayerWinsByCapturingCastles
INFO: [AreaMapTest] testEndGame_PlayerWinsByCapturingCastles passed
Sep 10, 2025 7:48:03 PM vln.com.map.AreaMapTest setUp
INFO: [AreaMapTest] Setting up AreaMap instance
Sep 10, 2025 7:48:03 PM vln.com.map.AreaMapTest testAutoSaveOnEndRound
INFO: [AreaMapTest] testAutoSaveOnEndRound start
Sep 10, 2025 7:48:03 PM vln.com.map.AreaMapTest testAutoSaveOnEndRound
SEVERE: testAutoSaveOnEndRound failed
org.opentest4j.AssertionFailedError: One autosave file should be created ==> expected: <1> but was: <0>
	at org.junit.jupiter.api.AssertionUtils.fail(AssertionUtils.java:55)
	at org.junit.jupiter.api.AssertionUtils.failNotEqual(AssertionUtils.java:62)
	at org.junit.jupiter.api.AssertEquals.assertEquals(AssertEquals.java:150)
	at org.junit.jupiter.api.Assertions.assertEquals(Assertions.java:559)
	at vln.com.map.AreaMapTest.testAutoSaveOnEndRound(AreaMapTest.java:323)
	at java.base/jdk.internal.reflect.DirectMethodHandleAccessor.invoke(DirectMethodHandleAccessor.java:104)
	at java.base/java.lang.reflect.Method.invoke(Method.java:565)
	at org.junit.platform.commons.util.ReflectionUtils.invokeMethod(ReflectionUtils.java:725)
	at org.junit.jupiter.engine.execution.MethodInvocation.proceed(MethodInvocation.java:60)
	at org.junit.jupiter.engine.execution.InvocationInterceptorChain$ValidatingInvocation.proceed(InvocationInterceptorChain.java:131)
	at org.junit.jupiter.engine.extension.TimeoutExtension.intercept(TimeoutExtension.java:149)
	at org.junit.jupiter.engine.extension.TimeoutExtension.interceptTestableMethod(TimeoutExtension.java:140)
	at org.junit.jupiter.engine.extension.TimeoutExtension.interceptTestMethod(TimeoutExtension.java:84)
	at org.junit.jupiter.engine.execution.ExecutableInvoker$ReflectiveInterceptorCall.lambda$ofVoidMethod$0(ExecutableInvoker.java:115)
	at org.junit.jupiter.engine.execution.ExecutableInvoker.lambda$invoke$0(ExecutableInvoker.java:105)
	at org.junit.jupiter.engine.execution.InvocationInterceptorChain$InterceptedInvocation.proceed(InvocationInterceptorChain.java:106)
	at org.junit.jupiter.engine.execution.InvocationInterceptorChain.proceed(InvocationInterceptorChain.java:64)
	at org.junit.jupiter.engine.execution.InvocationInterceptorChain.chainAndInvoke(InvocationInterceptorChain.java:45)
	at org.junit.jupiter.engine.execution.InvocationInterceptorChain.invoke(InvocationInterceptorChain.java:37)
	at org.junit.jupiter.engine.execution.ExecutableInvoker.invoke(ExecutableInvoker.java:104)
	at org.junit.jupiter.engine.execution.ExecutableInvoker.invoke(ExecutableInvoker.java:98)
	at org.junit.jupiter.engine.descriptor.TestMethodTestDescriptor.lambda$invokeTestMethod$7(TestMethodTestDescriptor.java:214)
	at org.junit.platform.engine.support.hierarchical.ThrowableCollector.execute(ThrowableCollector.java:73)
	at org.junit.jupiter.engine.descriptor.TestMethodTestDescriptor.invokeTestMethod(TestMethodTestDescriptor.java:210)
	at org.junit.jupiter.engine.descriptor.TestMethodTestDescriptor.execute(TestMethodTestDescriptor.java:135)
	at org.junit.jupiter.engine.descriptor.TestMethodTestDescriptor.execute(TestMethodTestDescriptor.java:66)
	at org.junit.platform.engine.support.hierarchical.NodeTestTask.lambda$executeRecursively$6(NodeTestTask.java:151)
	at org.junit.platform.engine.support.hierarchical.ThrowableCollector.execute(ThrowableCollector.java:73)
	at org.junit.platform.engine.support.hierarchical.NodeTestTask.lambda$executeRecursively$8(NodeTestTask.java:141)
	at org.junit.platform.engine.support.hierarchical.Node.around(Node.java:137)
	at org.junit.platform.engine.support.hierarchical.NodeTestTask.lambda$executeRecursively$9(NodeTestTask.java:139)
	at org.junit.platform.engine.support.hierarchical.ThrowableCollector.execute(ThrowableCollector.java:73)
	at org.junit.platform.engine.support.hierarchical.NodeTestTask.executeRecursively(NodeTestTask.java:138)
	at org.junit.platform.engine.support.hierarchical.NodeTestTask.execute(NodeTestTask.java:95)
	at java.base/java.util.ArrayList.forEach(ArrayList.java:1604)
	at org.junit.platform.engine.support.hierarchical.SameThreadHierarchicalTestExecutorService.invokeAll(SameThreadHierarchicalTestExecutorService.java:41)
	at org.junit.platform.engine.support.hierarchical.NodeTestTask.lambda$executeRecursively$6(NodeTestTask.java:155)
	at org.junit.platform.engine.support.hierarchical.ThrowableCollector.execute(ThrowableCollector.java:73)
	at org.junit.platform.engine.support.hierarchical.NodeTestTask.lambda$executeRecursively$8(NodeTestTask.java:141)
	at org.junit.platform.engine.support.hierarchical.Node.around(Node.java:137)
	at org.junit.platform.engine.support.hierarchical.NodeTestTask.lambda$executeRecursively$9(NodeTestTask.java:139)
	at org.junit.platform.engine.support.hierarchical.ThrowableCollector.execute(ThrowableCollector.java:73)
	at org.junit.platform.engine.support.hierarchical.NodeTestTask.executeRecursively(NodeTestTask.java:138)
	at org.junit.platform.engine.support.hierarchical.NodeTestTask.execute(NodeTestTask.java:95)
	at java.base/java.util.ArrayList.forEach(ArrayList.java:1604)
	at org.junit.platform.engine.support.hierarchical.SameThreadHierarchicalTestExecutorService.invokeAll(SameThreadHierarchicalTestExecutorService.java:41)
	at org.junit.platform.engine.support.hierarchical.NodeTestTask.lambda$executeRecursively$6(NodeTestTask.java:155)
	at org.junit.platform.engine.support.hierarchical.ThrowableCollector.execute(ThrowableCollector.java:73)
	at org.junit.platform.engine.support.hierarchical.NodeTestTask.lambda$executeRecursively$8(NodeTestTask.java:141)
	at org.junit.platform.engine.support.hierarchical.Node.around(Node.java:137)
	at org.junit.platform.engine.support.hierarchical.NodeTestTask.lambda$executeRecursively$9(NodeTestTask.java:139)
	at org.junit.platform.engine.support.hierarchical.ThrowableCollector.execute(ThrowableCollector.java:73)
	at org.junit.platform.engine.support.hierarchical.NodeTestTask.executeRecursively(NodeTestTask.java:138)
	at org.junit.platform.engine.support.hierarchical.NodeTestTask.execute(NodeTestTask.java:95)
	at org.junit.platform.engine.support.hierarchical.SameThreadHierarchicalTestExecutorService.submit(SameThreadHierarchicalTestExecutorService.java:35)
	at org.junit.platform.engine.support.hierarchical.HierarchicalTestExecutor.execute(HierarchicalTestExecutor.java:57)
	at org.junit.platform.engine.support.hierarchical.HierarchicalTestEngine.execute(HierarchicalTestEngine.java:54)
	at org.junit.platform.launcher.core.EngineExecutionOrchestrator.execute(EngineExecutionOrchestrator.java:107)
	at org.junit.platform.launcher.core.EngineExecutionOrchestrator.execute(EngineExecutionOrchestrator.java:88)
	at org.junit.platform.launcher.core.EngineExecutionOrchestrator.lambda$execute$0(EngineExecutionOrchestrator.java:54)
	at org.junit.platform.launcher.core.EngineExecutionOrchestrator.withInterceptedStreams(EngineExecutionOrchestrator.java:67)
	at org.junit.platform.launcher.core.EngineExecutionOrchestrator.execute(EngineExecutionOrchestrator.java:52)
	at org.junit.platform.launcher.core.DefaultLauncher.execute(DefaultLauncher.java:114)
	at org.junit.platform.launcher.core.DefaultLauncher.execute(DefaultLauncher.java:86)
	at org.junit.platform.launcher.core.DefaultLauncherSession$DelegatingLauncher.execute(DefaultLauncherSession.java:86)
	at org.junit.platform.launcher.core.SessionPerRequestLauncher.execute(SessionPerRequestLauncher.java:53)
	at com.intellij.junit5.JUnit5IdeaTestRunner.startRunnerWithArgs(JUnit5IdeaTestRunner.java:57)
	at com.intellij.rt.junit.IdeaTestRunner$Repeater$1.execute(IdeaTestRunner.java:38)
	at com.intellij.rt.execution.junit.TestsRepeater.repeat(TestsRepeater.java:11)
	at com.intellij.rt.junit.IdeaTestRunner$Repeater.startRunnerWithArgs(IdeaTestRunner.java:35)
	at com.intellij.rt.junit.JUnitStarter.prepareStreamsAndStart(JUnitStarter.java:231)
	at com.intellij.rt.junit.JUnitStarter.main(JUnitStarter.java:55)

Sep 10, 2025 7:48:03 PM vln.com.map.AreaMapTest setUp
INFO: [AreaMapTest] Setting up AreaMap instance
Sep 10, 2025 7:48:03 PM vln.com.map.AreaMapTest testMoveHero_offMap_noChange
INFO: [AreaMapTest] testMoveHero_offMap_noChange start
Sep 10, 2025 7:48:03 PM vln.com.map.AreaMapTest testMoveHero_offMap_noChange
INFO: [AreaMapTest] testMoveHero_offMap_noChange passed
Sep 10, 2025 7:48:03 PM vln.com.map.AreaMapTest setUp
INFO: [AreaMapTest] Setting up AreaMap instance
Sep 10, 2025 7:48:03 PM vln.com.map.AreaMapTest testApplySmoke_setsSmokeLayerWithinRadius
INFO: [AreaMapTest] testApplySmoke_setsSmokeLayerWithinRadius start
Sep 10, 2025 7:48:03 PM vln.com.map.AreaMapTest testApplySmoke_setsSmokeLayerWithinRadius
INFO: [AreaMapTest] testApplySmoke_setsSmokeLayerWithinRadius passed
Sep 10, 2025 7:48:03 PM vln.com.map.AreaMapTest setUp
INFO: [AreaMapTest] Setting up AreaMap instance
Sep 10, 2025 7:48:03 PM vln.com.map.AreaMapTest testMoveHero_trailMovement_reducesMovesAndMovesHero
INFO: [AreaMapTest] testMoveHero_trailMovement_reducesMovesAndMovesHero start
Sep 10, 2025 7:48:04 PM vln.com.map.AreaMapTest testMoveHero_trailMovement_reducesMovesAndMovesHero
INFO: [AreaMapTest] testMoveHero_trailMovement_reducesMovesAndMovesHero passed
Sep 10, 2025 7:48:04 PM vln.com.map.AreaMapTest setUp
INFO: [AreaMapTest] Setting up AreaMap instance
Sep 10, 2025 7:48:04 PM vln.com.map.AreaMapTest testRemoveSmoke_clearsSmokeLayerAndResetsDisplay
INFO: [AreaMapTest] testRemoveSmoke_clearsSmokeLayerAndResetsDisplay start
Sep 10, 2025 7:48:04 PM vln.com.map.AreaMapTest testRemoveSmoke_clearsSmokeLayerAndResetsDisplay
INFO: [AreaMapTest] testRemoveSmoke_clearsSmokeLayerAndResetsDisplay passed
Sep 10, 2025 7:48:04 PM vln.com.map.AreaMapTest setUp
INFO: [AreaMapTest] Setting up AreaMap instance
Sep 10, 2025 7:48:04 PM vln.com.map.AreaMapTest testEndGame_PlayerLosesWhenBotCapturesCastles
INFO: [AreaMapTest] testEndGame_PlayerLosesWhenBotCapturesCastles start
Sep 10, 2025 7:48:04 PM vln.com.map.AreaMapTest testEndGame_PlayerLosesWhenBotCapturesCastles
INFO: [AreaMapTest] testEndGame_PlayerLosesWhenBotCapturesCastles passed
Sep 10, 2025 7:48:04 PM vln.com.map.AreaMapTest setUp
INFO: [AreaMapTest] Setting up AreaMap instance
Sep 10, 2025 7:48:04 PM vln.com.map.AreaMapTest testMoveHero_obstacle_noMove
INFO: [AreaMapTest] testMoveHero_obstacle_noMove start
Sep 10, 2025 7:48:04 PM vln.com.map.AreaMapTest testMoveHero_obstacle_noMove
INFO: [AreaMapTest] testMoveHero_obstacle_noMove passed
Sep 10, 2025 7:48:04 PM vln.com.map.AreaMapTest setUp
INFO: [AreaMapTest] Setting up AreaMap instance
Sep 10, 2025 7:48:04 PM vln.com.map.AreaMapTest setUp
INFO: [AreaMapTest] Setting up AreaMap instance
Sep 10, 2025 7:48:04 PM vln.com.map.AreaMapTest setUp
INFO: [AreaMapTest] Setting up AreaMap instance
Sep 10, 2025 7:48:06 PM vln.com.map.AreaMapTest setUp
INFO: [AreaMapTest] Setting up AreaMap instance
Sep 10, 2025 7:48:06 PM vln.com.map.AreaMapTest testMoveThroughSmoke_reducesMovesCorrectly
INFO: [AreaMapTest] testMoveThroughSmoke_reducesMovesCorrectly start
Sep 10, 2025 7:48:07 PM vln.com.map.AreaMapTest testMoveThroughSmoke_reducesMovesCorrectly
INFO: [AreaMapTest] testMoveThroughSmoke_reducesMovesCorrectly passed
Sep 10, 2025 7:48:07 PM vln.com.map.AreaMapTest setUp
INFO: [AreaMapTest] Setting up AreaMap instance
Sep 10, 2025 7:48:07 PM vln.com.map.AreaMapTest testSmokeUnitSpawn_createsSmokeArea
INFO: [AreaMapTest] testSmokeUnitSpawn_createsSmokeArea start
Sep 10, 2025 7:48:07 PM vln.com.map.AreaMapTest testSmokeUnitSpawn_createsSmokeArea
INFO: [AreaMapTest] testSmokeUnitSpawn_createsSmokeArea passed
Sep 10, 2025 7:48:07 PM vln.com.map.AreaMapTest setUp
INFO: [AreaMapTest] Setting up AreaMap instance
Sep 10, 2025 7:48:07 PM vln.com.map.AreaMapTest setUp
INFO: [AreaMapTest] Setting up AreaMap instance
Sep 10, 2025 7:48:07 PM vln.com.map.AreaMapTest testGetHeightWidth
INFO: [AreaMapTest] testGetHeightWidth start
Sep 10, 2025 7:48:07 PM vln.com.map.AreaMapTest testGetHeightWidth
INFO: [AreaMapTest] testGetHeightWidth passed
Sep 10, 2025 7:48:07 PM vln.com.map.AreaMapTest setUp
INFO: [AreaMapTest] Setting up AreaMap instance
Sep 10, 2025 7:48:07 PM vln.com.map.AreaMapTest testMapEditingValidCoordinates
INFO: [AreaMapTest] testMapEditingValidCoordinates start
Sep 10, 2025 7:48:07 PM vln.com.map.AreaMapTest testMapEditingValidCoordinates
INFO: Initial cursor position: (5,5)
Sep 10, 2025 7:48:10 PM vln.com.map.AreaMapTest testMapEditingValidCoordinates
INFO: Type at (5,6): Trail
Sep 10, 2025 7:48:10 PM vln.com.map.AreaMapTest testMapEditingValidCoordinates
INFO: Type at (6,6): Obstacle
Sep 10, 2025 7:48:10 PM vln.com.map.AreaMapTest testMapEditingValidCoordinates
INFO: Type at (6,5): Field
Sep 10, 2025 7:48:10 PM vln.com.map.AreaMapTest testMapEditingValidCoordinates
INFO: [AreaMapTest] testMapEditingValidCoordinates passed
Sep 10, 2025 7:48:10 PM vln.com.map.AreaMapTest setUp
INFO: [AreaMapTest] Setting up AreaMap instance
Sep 10, 2025 7:48:10 PM vln.com.map.AreaMapTest testMapSaving
INFO: [AreaMapTest] testMapSaving start
Sep 10, 2025 7:48:12 PM vln.com.map.AreaMapTest testMapSaving
SEVERE: testMapSaving failed
org.opentest4j.AssertionFailedError: Map file should be created ==> expected: <true> but was: <false>
	at org.junit.jupiter.api.AssertionUtils.fail(AssertionUtils.java:55)
	at org.junit.jupiter.api.AssertTrue.assertTrue(AssertTrue.java:40)
	at org.junit.jupiter.api.Assertions.assertTrue(Assertions.java:210)
	at vln.com.map.AreaMapTest.testMapSaving(AreaMapTest.java:184)
	at java.base/jdk.internal.reflect.DirectMethodHandleAccessor.invoke(DirectMethodHandleAccessor.java:104)
	at java.base/java.lang.reflect.Method.invoke(Method.java:565)
	at org.junit.platform.commons.util.ReflectionUtils.invokeMethod(ReflectionUtils.java:725)
	at org.junit.jupiter.engine.execution.MethodInvocation.proceed(MethodInvocation.java:60)
	at org.junit.jupiter.engine.execution.InvocationInterceptorChain$ValidatingInvocation.proceed(InvocationInterceptorChain.java:131)
	at org.junit.jupiter.engine.extension.TimeoutExtension.intercept(TimeoutExtension.java:149)
	at org.junit.jupiter.engine.extension.TimeoutExtension.interceptTestableMethod(TimeoutExtension.java:140)
	at org.junit.jupiter.engine.extension.TimeoutExtension.interceptTestMethod(TimeoutExtension.java:84)
	at org.junit.jupiter.engine.execution.ExecutableInvoker$ReflectiveInterceptorCall.lambda$ofVoidMethod$0(ExecutableInvoker.java:115)
	at org.junit.jupiter.engine.execution.ExecutableInvoker.lambda$invoke$0(ExecutableInvoker.java:105)
	at org.junit.jupiter.engine.execution.InvocationInterceptorChain$InterceptedInvocation.proceed(InvocationInterceptorChain.java:106)
	at org.junit.jupiter.engine.execution.InvocationInterceptorChain.proceed(InvocationInterceptorChain.java:64)
	at org.junit.jupiter.engine.execution.InvocationInterceptorChain.chainAndInvoke(InvocationInterceptorChain.java:45)
	at org.junit.jupiter.engine.execution.InvocationInterceptorChain.invoke(InvocationInterceptorChain.java:37)
	at org.junit.jupiter.engine.execution.ExecutableInvoker.invoke(ExecutableInvoker.java:104)
	at org.junit.jupiter.engine.execution.ExecutableInvoker.invoke(ExecutableInvoker.java:98)
	at org.junit.jupiter.engine.descriptor.TestMethodTestDescriptor.lambda$invokeTestMethod$7(TestMethodTestDescriptor.java:214)
	at org.junit.platform.engine.support.hierarchical.ThrowableCollector.execute(ThrowableCollector.java:73)
	at org.junit.jupiter.engine.descriptor.TestMethodTestDescriptor.invokeTestMethod(TestMethodTestDescriptor.java:210)
	at org.junit.jupiter.engine.descriptor.TestMethodTestDescriptor.execute(TestMethodTestDescriptor.java:135)
	at org.junit.jupiter.engine.descriptor.TestMethodTestDescriptor.execute(TestMethodTestDescriptor.java:66)
	at org.junit.platform.engine.support.hierarchical.NodeTestTask.lambda$executeRecursively$6(NodeTestTask.java:151)
	at org.junit.platform.engine.support.hierarchical.ThrowableCollector.execute(ThrowableCollector.java:73)
	at org.junit.platform.engine.support.hierarchical.NodeTestTask.lambda$executeRecursively$8(NodeTestTask.java:141)
	at org.junit.platform.engine.support.hierarchical.Node.around(Node.java:137)
	at org.junit.platform.engine.support.hierarchical.NodeTestTask.lambda$executeRecursively$9(NodeTestTask.java:139)
	at org.junit.platform.engine.support.hierarchical.ThrowableCollector.execute(ThrowableCollector.java:73)
	at org.junit.platform.engine.support.hierarchical.NodeTestTask.executeRecursively(NodeTestTask.java:138)
	at org.junit.platform.engine.support.hierarchical.NodeTestTask.execute(NodeTestTask.java:95)
	at java.base/java.util.ArrayList.forEach(ArrayList.java:1604)
	at org.junit.platform.engine.support.hierarchical.SameThreadHierarchicalTestExecutorService.invokeAll(SameThreadHierarchicalTestExecutorService.java:41)
	at org.junit.platform.engine.support.hierarchical.NodeTestTask.lambda$executeRecursively$6(NodeTestTask.java:155)
	at org.junit.platform.engine.support.hierarchical.ThrowableCollector.execute(ThrowableCollector.java:73)
	at org.junit.platform.engine.support.hierarchical.NodeTestTask.lambda$executeRecursively$8(NodeTestTask.java:141)
	at org.junit.platform.engine.support.hierarchical.Node.around(Node.java:137)
	at org.junit.platform.engine.support.hierarchical.NodeTestTask.lambda$executeRecursively$9(NodeTestTask.java:139)
	at org.junit.platform.engine.support.hierarchical.ThrowableCollector.execute(ThrowableCollector.java:73)
	at org.junit.platform.engine.support.hierarchical.NodeTestTask.executeRecursively(NodeTestTask.java:138)
	at org.junit.platform.engine.support.hierarchical.NodeTestTask.execute(NodeTestTask.java:95)
	at java.base/java.util.ArrayList.forEach(ArrayList.java:1604)
	at org.junit.platform.engine.support.hierarchical.SameThreadHierarchicalTestExecutorService.invokeAll(SameThreadHierarchicalTestExecutorService.java:41)
	at org.junit.platform.engine.support.hierarchical.NodeTestTask.lambda$executeRecursively$6(NodeTestTask.java:155)
	at org.junit.platform.engine.support.hierarchical.ThrowableCollector.execute(ThrowableCollector.java:73)
	at org.junit.platform.engine.support.hierarchical.NodeTestTask.lambda$executeRecursively$8(NodeTestTask.java:141)
	at org.junit.platform.engine.support.hierarchical.Node.around(Node.java:137)
	at org.junit.platform.engine.support.hierarchical.NodeTestTask.lambda$executeRecursively$9(NodeTestTask.java:139)
	at org.junit.platform.engine.support.hierarchical.ThrowableCollector.execute(ThrowableCollector.java:73)
	at org.junit.platform.engine.support.hierarchical.NodeTestTask.executeRecursively(NodeTestTask.java:138)
	at org.junit.platform.engine.support.hierarchical.NodeTestTask.execute(NodeTestTask.java:95)
	at org.junit.platform.engine.support.hierarchical.SameThreadHierarchicalTestExecutorService.submit(SameThreadHierarchicalTestExecutorService.java:35)
	at org.junit.platform.engine.support.hierarchical.HierarchicalTestExecutor.execute(HierarchicalTestExecutor.java:57)
	at org.junit.platform.engine.support.hierarchical.HierarchicalTestEngine.execute(HierarchicalTestEngine.java:54)
	at org.junit.platform.launcher.core.EngineExecutionOrchestrator.execute(EngineExecutionOrchestrator.java:107)
	at org.junit.platform.launcher.core.EngineExecutionOrchestrator.execute(EngineExecutionOrchestrator.java:88)
	at org.junit.platform.launcher.core.EngineExecutionOrchestrator.lambda$execute$0(EngineExecutionOrchestrator.java:54)
	at org.junit.platform.launcher.core.EngineExecutionOrchestrator.withInterceptedStreams(EngineExecutionOrchestrator.java:67)
	at org.junit.platform.launcher.core.EngineExecutionOrchestrator.execute(EngineExecutionOrchestrator.java:52)
	at org.junit.platform.launcher.core.DefaultLauncher.execute(DefaultLauncher.java:114)
	at org.junit.platform.launcher.core.DefaultLauncher.execute(DefaultLauncher.java:86)
	at org.junit.platform.launcher.core.DefaultLauncherSession$DelegatingLauncher.execute(DefaultLauncherSession.java:86)
	at org.junit.platform.launcher.core.SessionPerRequestLauncher.execute(SessionPerRequestLauncher.java:53)
	at com.intellij.junit5.JUnit5IdeaTestRunner.startRunnerWithArgs(JUnit5IdeaTestRunner.java:57)
	at com.intellij.rt.junit.IdeaTestRunner$Repeater$1.execute(IdeaTestRunner.java:38)
	at com.intellij.rt.execution.junit.TestsRepeater.repeat(TestsRepeater.java:11)
	at com.intellij.rt.junit.IdeaTestRunner$Repeater.startRunnerWithArgs(IdeaTestRunner.java:35)
	at com.intellij.rt.junit.JUnitStarter.prepareStreamsAndStart(JUnitStarter.java:231)
	at com.intellij.rt.junit.JUnitStarter.main(JUnitStarter.java:55)

Sep 10, 2025 7:48:12 PM vln.com.map.AreaMapTest setUp
INFO: [AreaMapTest] Setting up AreaMap instance
Sep 10, 2025 7:54:19 PM vln.com.map.AreaMapTest setUp
INFO: [AreaMapTest] Setting up AreaMap instance
Sep 10, 2025 7:54:19 PM vln.com.map.AreaMapTest testMapEditingBoundaryCoordinates
INFO: [AreaMapTest] testMapEditingBoundaryCoordinates start
Sep 10, 2025 7:54:22 PM vln.com.map.AreaMapTest testMapEditingBoundaryCoordinates
INFO: Type at (4,5): Trail
Sep 10, 2025 7:54:22 PM vln.com.map.AreaMapTest testMapEditingBoundaryCoordinates
INFO: Type at (4,4): Obstacle
Sep 10, 2025 7:54:22 PM vln.com.map.AreaMapTest testMapEditingBoundaryCoordinates
INFO: [AreaMapTest] testMapEditingBoundaryCoordinates passed
Sep 10, 2025 7:54:22 PM vln.com.map.AreaMapTest setUp
INFO: [AreaMapTest] Setting up AreaMap instance
Sep 10, 2025 7:54:22 PM vln.com.map.AreaMapTest testEndGame_PlayerWinsByCapturingCastles
INFO: [AreaMapTest] testEndGame_PlayerWinsByCapturingCastles start
Sep 10, 2025 7:54:22 PM vln.com.map.AreaMapTest testEndGame_PlayerWinsByCapturingCastles
INFO: [AreaMapTest] testEndGame_PlayerWinsByCapturingCastles passed
Sep 10, 2025 7:54:22 PM vln.com.map.AreaMapTest setUp
INFO: [AreaMapTest] Setting up AreaMap instance
Sep 10, 2025 7:54:22 PM vln.com.map.AreaMapTest testAutoSaveOnEndRound
INFO: [AreaMapTest] testAutoSaveOnEndRound start
Sep 10, 2025 7:54:22 PM vln.com.map.AreaMapTest testAutoSaveOnEndRound
SEVERE: testAutoSaveOnEndRound failed
org.opentest4j.AssertionFailedError: One autosave file should be created ==> expected: <1> but was: <0>
	at org.junit.jupiter.api.AssertionUtils.fail(AssertionUtils.java:55)
	at org.junit.jupiter.api.AssertionUtils.failNotEqual(AssertionUtils.java:62)
	at org.junit.jupiter.api.AssertEquals.assertEquals(AssertEquals.java:150)
	at org.junit.jupiter.api.Assertions.assertEquals(Assertions.java:559)
	at vln.com.map.AreaMapTest.testAutoSaveOnEndRound(AreaMapTest.java:323)
	at java.base/jdk.internal.reflect.DirectMethodHandleAccessor.invoke(DirectMethodHandleAccessor.java:104)
	at java.base/java.lang.reflect.Method.invoke(Method.java:565)
	at org.junit.platform.commons.util.ReflectionUtils.invokeMethod(ReflectionUtils.java:725)
	at org.junit.jupiter.engine.execution.MethodInvocation.proceed(MethodInvocation.java:60)
	at org.junit.jupiter.engine.execution.InvocationInterceptorChain$ValidatingInvocation.proceed(InvocationInterceptorChain.java:131)
	at org.junit.jupiter.engine.extension.TimeoutExtension.intercept(TimeoutExtension.java:149)
	at org.junit.jupiter.engine.extension.TimeoutExtension.interceptTestableMethod(TimeoutExtension.java:140)
	at org.junit.jupiter.engine.extension.TimeoutExtension.interceptTestMethod(TimeoutExtension.java:84)
	at org.junit.jupiter.engine.execution.ExecutableInvoker$ReflectiveInterceptorCall.lambda$ofVoidMethod$0(ExecutableInvoker.java:115)
	at org.junit.jupiter.engine.execution.ExecutableInvoker.lambda$invoke$0(ExecutableInvoker.java:105)
	at org.junit.jupiter.engine.execution.InvocationInterceptorChain$InterceptedInvocation.proceed(InvocationInterceptorChain.java:106)
	at org.junit.jupiter.engine.execution.InvocationInterceptorChain.proceed(InvocationInterceptorChain.java:64)
	at org.junit.jupiter.engine.execution.InvocationInterceptorChain.chainAndInvoke(InvocationInterceptorChain.java:45)
	at org.junit.jupiter.engine.execution.InvocationInterceptorChain.invoke(InvocationInterceptorChain.java:37)
	at org.junit.jupiter.engine.execution.ExecutableInvoker.invoke(ExecutableInvoker.java:104)
	at org.junit.jupiter.engine.execution.ExecutableInvoker.invoke(ExecutableInvoker.java:98)
	at org.junit.jupiter.engine.descriptor.TestMethodTestDescriptor.lambda$invokeTestMethod$7(TestMethodTestDescriptor.java:214)
	at org.junit.platform.engine.support.hierarchical.ThrowableCollector.execute(ThrowableCollector.java:73)
	at org.junit.jupiter.engine.descriptor.TestMethodTestDescriptor.invokeTestMethod(TestMethodTestDescriptor.java:210)
	at org.junit.jupiter.engine.descriptor.TestMethodTestDescriptor.execute(TestMethodTestDescriptor.java:135)
	at org.junit.jupiter.engine.descriptor.TestMethodTestDescriptor.execute(TestMethodTestDescriptor.java:66)
	at org.junit.platform.engine.support.hierarchical.NodeTestTask.lambda$executeRecursively$6(NodeTestTask.java:151)
	at org.junit.platform.engine.support.hierarchical.ThrowableCollector.execute(ThrowableCollector.java:73)
	at org.junit.platform.engine.support.hierarchical.NodeTestTask.lambda$executeRecursively$8(NodeTestTask.java:141)
	at org.junit.platform.engine.support.hierarchical.Node.around(Node.java:137)
	at org.junit.platform.engine.support.hierarchical.NodeTestTask.lambda$executeRecursively$9(NodeTestTask.java:139)
	at org.junit.platform.engine.support.hierarchical.ThrowableCollector.execute(ThrowableCollector.java:73)
	at org.junit.platform.engine.support.hierarchical.NodeTestTask.executeRecursively(NodeTestTask.java:138)
	at org.junit.platform.engine.support.hierarchical.NodeTestTask.execute(NodeTestTask.java:95)
	at java.base/java.util.ArrayList.forEach(ArrayList.java:1604)
	at org.junit.platform.engine.support.hierarchical.SameThreadHierarchicalTestExecutorService.invokeAll(SameThreadHierarchicalTestExecutorService.java:41)
	at org.junit.platform.engine.support.hierarchical.NodeTestTask.lambda$executeRecursively$6(NodeTestTask.java:155)
	at org.junit.platform.engine.support.hierarchical.ThrowableCollector.execute(ThrowableCollector.java:73)
	at org.junit.platform.engine.support.hierarchical.NodeTestTask.lambda$executeRecursively$8(NodeTestTask.java:141)
	at org.junit.platform.engine.support.hierarchical.Node.around(Node.java:137)
	at org.junit.platform.engine.support.hierarchical.NodeTestTask.lambda$executeRecursively$9(NodeTestTask.java:139)
	at org.junit.platform.engine.support.hierarchical.ThrowableCollector.execute(ThrowableCollector.java:73)
	at org.junit.platform.engine.support.hierarchical.NodeTestTask.executeRecursively(NodeTestTask.java:138)
	at org.junit.platform.engine.support.hierarchical.NodeTestTask.execute(NodeTestTask.java:95)
	at java.base/java.util.ArrayList.forEach(ArrayList.java:1604)
	at org.junit.platform.engine.support.hierarchical.SameThreadHierarchicalTestExecutorService.invokeAll(SameThreadHierarchicalTestExecutorService.java:41)
	at org.junit.platform.engine.support.hierarchical.NodeTestTask.lambda$executeRecursively$6(NodeTestTask.java:155)
	at org.junit.platform.engine.support.hierarchical.ThrowableCollector.execute(ThrowableCollector.java:73)
	at org.junit.platform.engine.support.hierarchical.NodeTestTask.lambda$executeRecursively$8(NodeTestTask.java:141)
	at org.junit.platform.engine.support.hierarchical.Node.around(Node.java:137)
	at org.junit.platform.engine.support.hierarchical.NodeTestTask.lambda$executeRecursively$9(NodeTestTask.java:139)
	at org.junit.platform.engine.support.hierarchical.ThrowableCollector.execute(ThrowableCollector.java:73)
	at org.junit.platform.engine.support.hierarchical.NodeTestTask.executeRecursively(NodeTestTask.java:138)
	at org.junit.platform.engine.support.hierarchical.NodeTestTask.execute(NodeTestTask.java:95)
	at org.junit.platform.engine.support.hierarchical.SameThreadHierarchicalTestExecutorService.submit(SameThreadHierarchicalTestExecutorService.java:35)
	at org.junit.platform.engine.support.hierarchical.HierarchicalTestExecutor.execute(HierarchicalTestExecutor.java:57)
	at org.junit.platform.engine.support.hierarchical.HierarchicalTestEngine.execute(HierarchicalTestEngine.java:54)
	at org.junit.platform.launcher.core.EngineExecutionOrchestrator.execute(EngineExecutionOrchestrator.java:107)
	at org.junit.platform.launcher.core.EngineExecutionOrchestrator.execute(EngineExecutionOrchestrator.java:88)
	at org.junit.platform.launcher.core.EngineExecutionOrchestrator.lambda$execute$0(EngineExecutionOrchestrator.java:54)
	at org.junit.platform.launcher.core.EngineExecutionOrchestrator.withInterceptedStreams(EngineExecutionOrchestrator.java:67)
	at org.junit.platform.launcher.core.EngineExecutionOrchestrator.execute(EngineExecutionOrchestrator.java:52)
	at org.junit.platform.launcher.core.DefaultLauncher.execute(DefaultLauncher.java:114)
	at org.junit.platform.launcher.core.DefaultLauncher.execute(DefaultLauncher.java:86)
	at org.junit.platform.launcher.core.DefaultLauncherSession$DelegatingLauncher.execute(DefaultLauncherSession.java:86)
	at org.junit.platform.launcher.core.SessionPerRequestLauncher.execute(SessionPerRequestLauncher.java:53)
	at com.intellij.junit5.JUnit5IdeaTestRunner.startRunnerWithArgs(JUnit5IdeaTestRunner.java:57)
	at com.intellij.rt.junit.IdeaTestRunner$Repeater$1.execute(IdeaTestRunner.java:38)
	at com.intellij.rt.execution.junit.TestsRepeater.repeat(TestsRepeater.java:11)
	at com.intellij.rt.junit.IdeaTestRunner$Repeater.startRunnerWithArgs(IdeaTestRunner.java:35)
	at com.intellij.rt.junit.JUnitStarter.prepareStreamsAndStart(JUnitStarter.java:231)
	at com.intellij.rt.junit.JUnitStarter.main(JUnitStarter.java:55)

Sep 10, 2025 7:54:22 PM vln.com.map.AreaMapTest setUp
INFO: [AreaMapTest] Setting up AreaMap instance
Sep 10, 2025 7:54:22 PM vln.com.map.AreaMapTest testMoveHero_offMap_noChange
INFO: [AreaMapTest] testMoveHero_offMap_noChange start
Sep 10, 2025 7:54:22 PM vln.com.map.AreaMapTest testMoveHero_offMap_noChange
INFO: [AreaMapTest] testMoveHero_offMap_noChange passed
Sep 10, 2025 7:54:22 PM vln.com.map.AreaMapTest setUp
INFO: [AreaMapTest] Setting up AreaMap instance
Sep 10, 2025 7:54:22 PM vln.com.map.AreaMapTest testApplySmoke_setsSmokeLayerWithinRadius
INFO: [AreaMapTest] testApplySmoke_setsSmokeLayerWithinRadius start
Sep 10, 2025 7:54:22 PM vln.com.map.AreaMapTest testApplySmoke_setsSmokeLayerWithinRadius
INFO: [AreaMapTest] testApplySmoke_setsSmokeLayerWithinRadius passed
Sep 10, 2025 7:54:22 PM vln.com.map.AreaMapTest setUp
INFO: [AreaMapTest] Setting up AreaMap instance
Sep 10, 2025 7:54:22 PM vln.com.map.AreaMapTest testMoveHero_trailMovement_reducesMovesAndMovesHero
INFO: [AreaMapTest] testMoveHero_trailMovement_reducesMovesAndMovesHero start
Sep 10, 2025 7:54:23 PM vln.com.map.AreaMapTest testMoveHero_trailMovement_reducesMovesAndMovesHero
INFO: [AreaMapTest] testMoveHero_trailMovement_reducesMovesAndMovesHero passed
Sep 10, 2025 7:54:23 PM vln.com.map.AreaMapTest setUp
INFO: [AreaMapTest] Setting up AreaMap instance
Sep 10, 2025 7:54:23 PM vln.com.map.AreaMapTest testRemoveSmoke_clearsSmokeLayerAndResetsDisplay
INFO: [AreaMapTest] testRemoveSmoke_clearsSmokeLayerAndResetsDisplay start
Sep 10, 2025 7:54:23 PM vln.com.map.AreaMapTest testRemoveSmoke_clearsSmokeLayerAndResetsDisplay
INFO: [AreaMapTest] testRemoveSmoke_clearsSmokeLayerAndResetsDisplay passed
Sep 10, 2025 7:54:23 PM vln.com.map.AreaMapTest setUp
INFO: [AreaMapTest] Setting up AreaMap instance
Sep 10, 2025 7:54:23 PM vln.com.map.AreaMapTest testEndGame_PlayerLosesWhenBotCapturesCastles
INFO: [AreaMapTest] testEndGame_PlayerLosesWhenBotCapturesCastles start
Sep 10, 2025 7:54:23 PM vln.com.map.AreaMapTest testEndGame_PlayerLosesWhenBotCapturesCastles
INFO: [AreaMapTest] testEndGame_PlayerLosesWhenBotCapturesCastles passed
Sep 10, 2025 7:54:23 PM vln.com.map.AreaMapTest setUp
INFO: [AreaMapTest] Setting up AreaMap instance
Sep 10, 2025 7:54:23 PM vln.com.map.AreaMapTest testMoveHero_obstacle_noMove
INFO: [AreaMapTest] testMoveHero_obstacle_noMove start
Sep 10, 2025 7:54:23 PM vln.com.map.AreaMapTest testMoveHero_obstacle_noMove
INFO: [AreaMapTest] testMoveHero_obstacle_noMove passed
Sep 10, 2025 7:54:23 PM vln.com.map.AreaMapTest setUp
INFO: [AreaMapTest] Setting up AreaMap instance
Sep 10, 2025 7:54:23 PM vln.com.map.AreaMapTest setUp
INFO: [AreaMapTest] Setting up AreaMap instance
Sep 10, 2025 7:54:23 PM vln.com.map.AreaMapTest setUp
INFO: [AreaMapTest] Setting up AreaMap instance
Sep 10, 2025 7:54:24 PM vln.com.map.AreaMapTest setUp
INFO: [AreaMapTest] Setting up AreaMap instance
Sep 10, 2025 7:54:24 PM vln.com.map.AreaMapTest testMoveThroughSmoke_reducesMovesCorrectly
INFO: [AreaMapTest] testMoveThroughSmoke_reducesMovesCorrectly start
Sep 10, 2025 7:54:25 PM vln.com.map.AreaMapTest testMoveThroughSmoke_reducesMovesCorrectly
INFO: [AreaMapTest] testMoveThroughSmoke_reducesMovesCorrectly passed
Sep 10, 2025 7:54:25 PM vln.com.map.AreaMapTest setUp
INFO: [AreaMapTest] Setting up AreaMap instance
Sep 10, 2025 7:54:25 PM vln.com.map.AreaMapTest testSmokeUnitSpawn_createsSmokeArea
INFO: [AreaMapTest] testSmokeUnitSpawn_createsSmokeArea start
Sep 10, 2025 7:54:25 PM vln.com.map.AreaMapTest testSmokeUnitSpawn_createsSmokeArea
INFO: [AreaMapTest] testSmokeUnitSpawn_createsSmokeArea passed
Sep 10, 2025 7:54:25 PM vln.com.map.AreaMapTest setUp
INFO: [AreaMapTest] Setting up AreaMap instance
Sep 10, 2025 7:54:25 PM vln.com.map.AreaMapTest setUp
INFO: [AreaMapTest] Setting up AreaMap instance
Sep 10, 2025 7:54:25 PM vln.com.map.AreaMapTest testGetHeightWidth
INFO: [AreaMapTest] testGetHeightWidth start
Sep 10, 2025 7:54:25 PM vln.com.map.AreaMapTest testGetHeightWidth
INFO: [AreaMapTest] testGetHeightWidth passed
Sep 10, 2025 7:54:25 PM vln.com.map.AreaMapTest setUp
INFO: [AreaMapTest] Setting up AreaMap instance
Sep 10, 2025 7:54:25 PM vln.com.map.AreaMapTest testMapEditingValidCoordinates
INFO: [AreaMapTest] testMapEditingValidCoordinates start
Sep 10, 2025 7:54:25 PM vln.com.map.AreaMapTest testMapEditingValidCoordinates
INFO: Initial cursor position: (5,5)
Sep 10, 2025 7:54:29 PM vln.com.map.AreaMapTest testMapEditingValidCoordinates
INFO: Type at (5,6): Trail
Sep 10, 2025 7:54:29 PM vln.com.map.AreaMapTest testMapEditingValidCoordinates
INFO: Type at (6,6): Obstacle
Sep 10, 2025 7:54:29 PM vln.com.map.AreaMapTest testMapEditingValidCoordinates
INFO: Type at (6,5): Field
Sep 10, 2025 7:54:29 PM vln.com.map.AreaMapTest testMapEditingValidCoordinates
INFO: [AreaMapTest] testMapEditingValidCoordinates passed
Sep 10, 2025 7:54:29 PM vln.com.map.AreaMapTest setUp
INFO: [AreaMapTest] Setting up AreaMap instance
Sep 10, 2025 7:54:29 PM vln.com.map.AreaMapTest testMapSaving
INFO: [AreaMapTest] testMapSaving start
Sep 10, 2025 7:54:31 PM vln.com.map.AreaMapTest testMapSaving
INFO: [AreaMapTest] testMapSaving passed
Sep 10, 2025 7:54:31 PM vln.com.map.AreaMapTest setUp
INFO: [AreaMapTest] Setting up AreaMap instance
Sep 10, 2025 8:01:47 PM vln.com.map.AreaMapTest setUp
INFO: [AreaMapTest] Setting up AreaMap instance
Sep 10, 2025 8:01:47 PM vln.com.map.AreaMapTest testMapEditingBoundaryCoordinates
INFO: [AreaMapTest] testMapEditingBoundaryCoordinates start
Sep 10, 2025 8:01:49 PM vln.com.map.AreaMapTest testMapEditingBoundaryCoordinates
INFO: Type at (4,5): Trail
Sep 10, 2025 8:01:49 PM vln.com.map.AreaMapTest testMapEditingBoundaryCoordinates
INFO: Type at (4,4): Obstacle
Sep 10, 2025 8:01:49 PM vln.com.map.AreaMapTest testMapEditingBoundaryCoordinates
INFO: [AreaMapTest] testMapEditingBoundaryCoordinates passed
Sep 10, 2025 8:01:49 PM vln.com.map.AreaMapTest setUp
INFO: [AreaMapTest] Setting up AreaMap instance
Sep 10, 2025 8:01:49 PM vln.com.map.AreaMapTest testEndGame_PlayerWinsByCapturingCastles
INFO: [AreaMapTest] testEndGame_PlayerWinsByCapturingCastles start
Sep 10, 2025 8:01:49 PM vln.com.map.AreaMapTest testEndGame_PlayerWinsByCapturingCastles
INFO: [AreaMapTest] testEndGame_PlayerWinsByCapturingCastles passed
Sep 10, 2025 8:01:49 PM vln.com.map.AreaMapTest setUp
INFO: [AreaMapTest] Setting up AreaMap instance
Sep 10, 2025 8:01:49 PM vln.com.map.AreaMapTest testAutoSaveOnEndRound
INFO: [AreaMapTest] testAutoSaveOnEndRound start
Sep 10, 2025 8:01:49 PM vln.com.map.AreaMapTest testAutoSaveOnEndRound
INFO: [AreaMapTest] testAutoSaveOnEndRound passed
Sep 10, 2025 8:01:49 PM vln.com.map.AreaMapTest setUp
INFO: [AreaMapTest] Setting up AreaMap instance
Sep 10, 2025 8:01:49 PM vln.com.map.AreaMapTest testMoveHero_offMap_noChange
INFO: [AreaMapTest] testMoveHero_offMap_noChange start
Sep 10, 2025 8:01:49 PM vln.com.map.AreaMapTest testMoveHero_offMap_noChange
INFO: [AreaMapTest] testMoveHero_offMap_noChange passed
Sep 10, 2025 8:01:49 PM vln.com.map.AreaMapTest setUp
INFO: [AreaMapTest] Setting up AreaMap instance
Sep 10, 2025 8:01:49 PM vln.com.map.AreaMapTest testApplySmoke_setsSmokeLayerWithinRadius
INFO: [AreaMapTest] testApplySmoke_setsSmokeLayerWithinRadius start
Sep 10, 2025 8:01:49 PM vln.com.map.AreaMapTest testApplySmoke_setsSmokeLayerWithinRadius
INFO: [AreaMapTest] testApplySmoke_setsSmokeLayerWithinRadius passed
Sep 10, 2025 8:01:49 PM vln.com.map.AreaMapTest setUp
INFO: [AreaMapTest] Setting up AreaMap instance
Sep 10, 2025 8:01:49 PM vln.com.map.AreaMapTest testMoveHero_trailMovement_reducesMovesAndMovesHero
INFO: [AreaMapTest] testMoveHero_trailMovement_reducesMovesAndMovesHero start
Sep 10, 2025 8:01:50 PM vln.com.map.AreaMapTest testMoveHero_trailMovement_reducesMovesAndMovesHero
INFO: [AreaMapTest] testMoveHero_trailMovement_reducesMovesAndMovesHero passed
Sep 10, 2025 8:01:50 PM vln.com.map.AreaMapTest setUp
INFO: [AreaMapTest] Setting up AreaMap instance
Sep 10, 2025 8:01:50 PM vln.com.map.AreaMapTest testRemoveSmoke_clearsSmokeLayerAndResetsDisplay
INFO: [AreaMapTest] testRemoveSmoke_clearsSmokeLayerAndResetsDisplay start
Sep 10, 2025 8:01:50 PM vln.com.map.AreaMapTest testRemoveSmoke_clearsSmokeLayerAndResetsDisplay
INFO: [AreaMapTest] testRemoveSmoke_clearsSmokeLayerAndResetsDisplay passed
Sep 10, 2025 8:01:50 PM vln.com.map.AreaMapTest setUp
INFO: [AreaMapTest] Setting up AreaMap instance
Sep 10, 2025 8:01:50 PM vln.com.map.AreaMapTest testEndGame_PlayerLosesWhenBotCapturesCastles
INFO: [AreaMapTest] testEndGame_PlayerLosesWhenBotCapturesCastles start
Sep 10, 2025 8:01:50 PM vln.com.map.AreaMapTest testEndGame_PlayerLosesWhenBotCapturesCastles
INFO: [AreaMapTest] testEndGame_PlayerLosesWhenBotCapturesCastles passed
Sep 10, 2025 8:01:50 PM vln.com.map.AreaMapTest setUp
INFO: [AreaMapTest] Setting up AreaMap instance
Sep 10, 2025 8:01:50 PM vln.com.map.AreaMapTest testMoveHero_obstacle_noMove
INFO: [AreaMapTest] testMoveHero_obstacle_noMove start
Sep 10, 2025 8:01:50 PM vln.com.map.AreaMapTest testMoveHero_obstacle_noMove
INFO: [AreaMapTest] testMoveHero_obstacle_noMove passed
Sep 10, 2025 8:01:50 PM vln.com.map.AreaMapTest setUp
INFO: [AreaMapTest] Setting up AreaMap instance
Sep 10, 2025 8:01:50 PM vln.com.map.AreaMapTest setUp
INFO: [AreaMapTest] Setting up AreaMap instance
Sep 10, 2025 8:01:50 PM vln.com.map.AreaMapTest setUp
INFO: [AreaMapTest] Setting up AreaMap instance
Sep 10, 2025 8:01:52 PM vln.com.map.AreaMapTest setUp
INFO: [AreaMapTest] Setting up AreaMap instance
Sep 10, 2025 8:01:52 PM vln.com.map.AreaMapTest testMoveThroughSmoke_reducesMovesCorrectly
INFO: [AreaMapTest] testMoveThroughSmoke_reducesMovesCorrectly start
Sep 10, 2025 8:01:53 PM vln.com.map.AreaMapTest testMoveThroughSmoke_reducesMovesCorrectly
INFO: [AreaMapTest] testMoveThroughSmoke_reducesMovesCorrectly passed
Sep 10, 2025 8:01:53 PM vln.com.map.AreaMapTest setUp
INFO: [AreaMapTest] Setting up AreaMap instance
Sep 10, 2025 8:01:53 PM vln.com.map.AreaMapTest testSmokeUnitSpawn_createsSmokeArea
INFO: [AreaMapTest] testSmokeUnitSpawn_createsSmokeArea start
Sep 10, 2025 8:01:53 PM vln.com.map.AreaMapTest testSmokeUnitSpawn_createsSmokeArea
INFO: [AreaMapTest] testSmokeUnitSpawn_createsSmokeArea passed
Sep 10, 2025 8:01:53 PM vln.com.map.AreaMapTest setUp
INFO: [AreaMapTest] Setting up AreaMap instance
Sep 10, 2025 8:01:53 PM vln.com.map.AreaMapTest setUp
INFO: [AreaMapTest] Setting up AreaMap instance
Sep 10, 2025 8:01:53 PM vln.com.map.AreaMapTest testGetHeightWidth
INFO: [AreaMapTest] testGetHeightWidth start
Sep 10, 2025 8:01:53 PM vln.com.map.AreaMapTest testGetHeightWidth
INFO: [AreaMapTest] testGetHeightWidth passed
Sep 10, 2025 8:01:53 PM vln.com.map.AreaMapTest setUp
INFO: [AreaMapTest] Setting up AreaMap instance
Sep 10, 2025 8:01:53 PM vln.com.map.AreaMapTest testMapEditingValidCoordinates
INFO: [AreaMapTest] testMapEditingValidCoordinates start
Sep 10, 2025 8:01:53 PM vln.com.map.AreaMapTest testMapEditingValidCoordinates
INFO: Initial cursor position: (5,5)
Sep 10, 2025 8:01:56 PM vln.com.map.AreaMapTest testMapEditingValidCoordinates
INFO: Type at (5,6): Trail
Sep 10, 2025 8:01:56 PM vln.com.map.AreaMapTest testMapEditingValidCoordinates
INFO: Type at (6,6): Obstacle
Sep 10, 2025 8:01:56 PM vln.com.map.AreaMapTest testMapEditingValidCoordinates
INFO: Type at (6,5): Field
Sep 10, 2025 8:01:56 PM vln.com.map.AreaMapTest testMapEditingValidCoordinates
INFO: [AreaMapTest] testMapEditingValidCoordinates passed
Sep 10, 2025 8:01:56 PM vln.com.map.AreaMapTest setUp
INFO: [AreaMapTest] Setting up AreaMap instance
Sep 10, 2025 8:01:56 PM vln.com.map.AreaMapTest testMapSaving
INFO: [AreaMapTest] testMapSaving start
Sep 10, 2025 8:01:58 PM vln.com.map.AreaMapTest testMapSaving
INFO: [AreaMapTest] testMapSaving passed
Sep 10, 2025 8:01:58 PM vln.com.map.AreaMapTest setUp
INFO: [AreaMapTest] Setting up AreaMap instance
Sep 10, 2025 8:07:08 PM vln.com.map.AreaMapTest setUp
INFO: [AreaMapTest] Setting up AreaMap instance
Sep 10, 2025 8:07:08 PM vln.com.map.AreaMapTest testMapEditingBoundaryCoordinates
INFO: [AreaMapTest] testMapEditingBoundaryCoordinates start
Sep 10, 2025 8:07:10 PM vln.com.map.AreaMapTest testMapEditingBoundaryCoordinates
INFO: Type at (4,5): Trail
Sep 10, 2025 8:07:10 PM vln.com.map.AreaMapTest testMapEditingBoundaryCoordinates
INFO: Type at (4,4): Obstacle
Sep 10, 2025 8:07:10 PM vln.com.map.AreaMapTest testMapEditingBoundaryCoordinates
INFO: [AreaMapTest] testMapEditingBoundaryCoordinates passed
Sep 10, 2025 8:07:10 PM vln.com.map.AreaMapTest setUp
INFO: [AreaMapTest] Setting up AreaMap instance
Sep 10, 2025 8:07:10 PM vln.com.map.AreaMapTest testEndGame_PlayerWinsByCapturingCastles
INFO: [AreaMapTest] testEndGame_PlayerWinsByCapturingCastles start
Sep 10, 2025 8:07:10 PM vln.com.map.AreaMapTest testEndGame_PlayerWinsByCapturingCastles
INFO: [AreaMapTest] testEndGame_PlayerWinsByCapturingCastles passed
Sep 10, 2025 8:07:10 PM vln.com.map.AreaMapTest setUp
INFO: [AreaMapTest] Setting up AreaMap instance
Sep 10, 2025 8:07:10 PM vln.com.map.AreaMapTest testAutoSaveOnEndRound
INFO: [AreaMapTest] testAutoSaveOnEndRound start
Sep 10, 2025 8:07:10 PM vln.com.map.AreaMapTest testAutoSaveOnEndRound
INFO: [AreaMapTest] testAutoSaveOnEndRound passed
Sep 10, 2025 8:07:10 PM vln.com.map.AreaMapTest setUp
INFO: [AreaMapTest] Setting up AreaMap instance
Sep 10, 2025 8:07:10 PM vln.com.map.AreaMapTest testMoveHero_offMap_noChange
INFO: [AreaMapTest] testMoveHero_offMap_noChange start
Sep 10, 2025 8:07:10 PM vln.com.map.AreaMapTest testMoveHero_offMap_noChange
INFO: [AreaMapTest] testMoveHero_offMap_noChange passed
Sep 10, 2025 8:07:10 PM vln.com.map.AreaMapTest setUp
INFO: [AreaMapTest] Setting up AreaMap instance
Sep 10, 2025 8:07:10 PM vln.com.map.AreaMapTest testApplySmoke_setsSmokeLayerWithinRadius
INFO: [AreaMapTest] testApplySmoke_setsSmokeLayerWithinRadius start
Sep 10, 2025 8:07:10 PM vln.com.map.AreaMapTest testApplySmoke_setsSmokeLayerWithinRadius
INFO: [AreaMapTest] testApplySmoke_setsSmokeLayerWithinRadius passed
Sep 10, 2025 8:07:10 PM vln.com.map.AreaMapTest setUp
INFO: [AreaMapTest] Setting up AreaMap instance
Sep 10, 2025 8:07:10 PM vln.com.map.AreaMapTest testMoveHero_trailMovement_reducesMovesAndMovesHero
INFO: [AreaMapTest] testMoveHero_trailMovement_reducesMovesAndMovesHero start
Sep 10, 2025 8:07:11 PM vln.com.map.AreaMapTest testMoveHero_trailMovement_reducesMovesAndMovesHero
INFO: [AreaMapTest] testMoveHero_trailMovement_reducesMovesAndMovesHero passed
Sep 10, 2025 8:07:11 PM vln.com.map.AreaMapTest setUp
INFO: [AreaMapTest] Setting up AreaMap instance
Sep 10, 2025 8:07:11 PM vln.com.map.AreaMapTest testRemoveSmoke_clearsSmokeLayerAndResetsDisplay
INFO: [AreaMapTest] testRemoveSmoke_clearsSmokeLayerAndResetsDisplay start
Sep 10, 2025 8:07:11 PM vln.com.map.AreaMapTest testRemoveSmoke_clearsSmokeLayerAndResetsDisplay
INFO: [AreaMapTest] testRemoveSmoke_clearsSmokeLayerAndResetsDisplay passed
Sep 10, 2025 8:07:11 PM vln.com.map.AreaMapTest setUp
INFO: [AreaMapTest] Setting up AreaMap instance
Sep 10, 2025 8:07:11 PM vln.com.map.AreaMapTest testEndGame_PlayerLosesWhenBotCapturesCastles
INFO: [AreaMapTest] testEndGame_PlayerLosesWhenBotCapturesCastles start
Sep 10, 2025 8:07:11 PM vln.com.map.AreaMapTest testEndGame_PlayerLosesWhenBotCapturesCastles
INFO: [AreaMapTest] testEndGame_PlayerLosesWhenBotCapturesCastles passed
Sep 10, 2025 8:07:11 PM vln.com.map.AreaMapTest setUp
INFO: [AreaMapTest] Setting up AreaMap instance
Sep 10, 2025 8:07:11 PM vln.com.map.AreaMapTest testMoveHero_obstacle_noMove
INFO: [AreaMapTest] testMoveHero_obstacle_noMove start
Sep 10, 2025 8:07:11 PM vln.com.map.AreaMapTest testMoveHero_obstacle_noMove
INFO: [AreaMapTest] testMoveHero_obstacle_noMove passed
Sep 10, 2025 8:07:11 PM vln.com.map.AreaMapTest setUp
INFO: [AreaMapTest] Setting up AreaMap instance
Sep 10, 2025 8:07:14 PM vln.com.map.AreaMapTest setUp
INFO: [AreaMapTest] Setting up AreaMap instance
Sep 10, 2025 8:07:14 PM vln.com.map.AreaMapTest setUp
INFO: [AreaMapTest] Setting up AreaMap instance
Sep 10, 2025 8:07:16 PM vln.com.map.AreaMapTest setUp
INFO: [AreaMapTest] Setting up AreaMap instance
Sep 10, 2025 8:07:16 PM vln.com.map.AreaMapTest testMoveThroughSmoke_reducesMovesCorrectly
INFO: [AreaMapTest] testMoveThroughSmoke_reducesMovesCorrectly start
Sep 10, 2025 8:07:17 PM vln.com.map.AreaMapTest testMoveThroughSmoke_reducesMovesCorrectly
INFO: [AreaMapTest] testMoveThroughSmoke_reducesMovesCorrectly passed
Sep 10, 2025 8:07:17 PM vln.com.map.AreaMapTest setUp
INFO: [AreaMapTest] Setting up AreaMap instance
Sep 10, 2025 8:07:17 PM vln.com.map.AreaMapTest testSmokeUnitSpawn_createsSmokeArea
INFO: [AreaMapTest] testSmokeUnitSpawn_createsSmokeArea start
Sep 10, 2025 8:07:17 PM vln.com.map.AreaMapTest testSmokeUnitSpawn_createsSmokeArea
INFO: [AreaMapTest] testSmokeUnitSpawn_createsSmokeArea passed
Sep 10, 2025 8:07:17 PM vln.com.map.AreaMapTest setUp
INFO: [AreaMapTest] Setting up AreaMap instance
Sep 10, 2025 8:07:17 PM vln.com.map.AreaMapTest setUp
INFO: [AreaMapTest] Setting up AreaMap instance
Sep 10, 2025 8:07:17 PM vln.com.map.AreaMapTest testGetHeightWidth
INFO: [AreaMapTest] testGetHeightWidth start
Sep 10, 2025 8:07:17 PM vln.com.map.AreaMapTest testGetHeightWidth
INFO: [AreaMapTest] testGetHeightWidth passed
Sep 10, 2025 8:07:17 PM vln.com.map.AreaMapTest setUp
INFO: [AreaMapTest] Setting up AreaMap instance
Sep 10, 2025 8:07:17 PM vln.com.map.AreaMapTest testMapEditingValidCoordinates
INFO: [AreaMapTest] testMapEditingValidCoordinates start
Sep 10, 2025 8:07:17 PM vln.com.map.AreaMapTest testMapEditingValidCoordinates
INFO: Initial cursor position: (5,5)
Sep 10, 2025 8:07:20 PM vln.com.map.AreaMapTest testMapEditingValidCoordinates
INFO: Type at (5,6): Trail
Sep 10, 2025 8:07:20 PM vln.com.map.AreaMapTest testMapEditingValidCoordinates
INFO: Type at (6,6): Obstacle
Sep 10, 2025 8:07:20 PM vln.com.map.AreaMapTest testMapEditingValidCoordinates
INFO: Type at (6,5): Field
Sep 10, 2025 8:07:20 PM vln.com.map.AreaMapTest testMapEditingValidCoordinates
INFO: [AreaMapTest] testMapEditingValidCoordinates passed
Sep 10, 2025 8:07:20 PM vln.com.map.AreaMapTest setUp
INFO: [AreaMapTest] Setting up AreaMap instance
Sep 10, 2025 8:07:20 PM vln.com.map.AreaMapTest testMapSaving
INFO: [AreaMapTest] testMapSaving start
Sep 10, 2025 8:07:22 PM vln.com.map.AreaMapTest testMapSaving
INFO: [AreaMapTest] testMapSaving passed
Sep 10, 2025 8:07:22 PM vln.com.map.AreaMapTest setUp
INFO: [AreaMapTest] Setting up AreaMap instance
Sep 10, 2025 8:10:53 PM vln.com.map.AreaMapTest setUp
INFO: [AreaMapTest] Setting up AreaMap instance
Sep 10, 2025 8:10:53 PM vln.com.map.AreaMapTest testMapEditingBoundaryCoordinates
INFO: [AreaMapTest] testMapEditingBoundaryCoordinates start
Sep 10, 2025 8:10:56 PM vln.com.map.AreaMapTest testMapEditingBoundaryCoordinates
INFO: Type at (4,5): Trail
Sep 10, 2025 8:10:56 PM vln.com.map.AreaMapTest testMapEditingBoundaryCoordinates
INFO: Type at (4,4): Obstacle
Sep 10, 2025 8:10:56 PM vln.com.map.AreaMapTest testMapEditingBoundaryCoordinates
INFO: [AreaMapTest] testMapEditingBoundaryCoordinates passed
Sep 10, 2025 8:10:56 PM vln.com.map.AreaMapTest setUp
INFO: [AreaMapTest] Setting up AreaMap instance
Sep 10, 2025 8:10:56 PM vln.com.map.AreaMapTest testEndGame_PlayerWinsByCapturingCastles
INFO: [AreaMapTest] testEndGame_PlayerWinsByCapturingCastles start
Sep 10, 2025 8:10:56 PM vln.com.map.AreaMapTest testEndGame_PlayerWinsByCapturingCastles
INFO: [AreaMapTest] testEndGame_PlayerWinsByCapturingCastles passed
Sep 10, 2025 8:10:56 PM vln.com.map.AreaMapTest setUp
INFO: [AreaMapTest] Setting up AreaMap instance
Sep 10, 2025 8:10:56 PM vln.com.map.AreaMapTest testAutoSaveOnEndRound
INFO: [AreaMapTest] testAutoSaveOnEndRound start
Sep 10, 2025 8:10:56 PM vln.com.map.AreaMapTest testAutoSaveOnEndRound
INFO: [AreaMapTest] testAutoSaveOnEndRound passed
Sep 10, 2025 8:10:56 PM vln.com.map.AreaMapTest setUp
INFO: [AreaMapTest] Setting up AreaMap instance
Sep 10, 2025 8:10:56 PM vln.com.map.AreaMapTest testMoveHero_offMap_noChange
INFO: [AreaMapTest] testMoveHero_offMap_noChange start
Sep 10, 2025 8:10:56 PM vln.com.map.AreaMapTest testMoveHero_offMap_noChange
INFO: [AreaMapTest] testMoveHero_offMap_noChange passed
Sep 10, 2025 8:10:56 PM vln.com.map.AreaMapTest setUp
INFO: [AreaMapTest] Setting up AreaMap instance
Sep 10, 2025 8:10:56 PM vln.com.map.AreaMapTest testApplySmoke_setsSmokeLayerWithinRadius
INFO: [AreaMapTest] testApplySmoke_setsSmokeLayerWithinRadius start
Sep 10, 2025 8:10:56 PM vln.com.map.AreaMapTest testApplySmoke_setsSmokeLayerWithinRadius
INFO: [AreaMapTest] testApplySmoke_setsSmokeLayerWithinRadius passed
Sep 10, 2025 8:10:56 PM vln.com.map.AreaMapTest setUp
INFO: [AreaMapTest] Setting up AreaMap instance
Sep 10, 2025 8:10:56 PM vln.com.map.AreaMapTest testMoveHero_trailMovement_reducesMovesAndMovesHero
INFO: [AreaMapTest] testMoveHero_trailMovement_reducesMovesAndMovesHero start
Sep 10, 2025 8:10:57 PM vln.com.map.AreaMapTest testMoveHero_trailMovement_reducesMovesAndMovesHero
INFO: [AreaMapTest] testMoveHero_trailMovement_reducesMovesAndMovesHero passed
Sep 10, 2025 8:10:57 PM vln.com.map.AreaMapTest setUp
INFO: [AreaMapTest] Setting up AreaMap instance
Sep 10, 2025 8:10:57 PM vln.com.map.AreaMapTest testRemoveSmoke_clearsSmokeLayerAndResetsDisplay
INFO: [AreaMapTest] testRemoveSmoke_clearsSmokeLayerAndResetsDisplay start
Sep 10, 2025 8:10:57 PM vln.com.map.AreaMapTest testRemoveSmoke_clearsSmokeLayerAndResetsDisplay
INFO: [AreaMapTest] testRemoveSmoke_clearsSmokeLayerAndResetsDisplay passed
Sep 10, 2025 8:10:57 PM vln.com.map.AreaMapTest setUp
INFO: [AreaMapTest] Setting up AreaMap instance
Sep 10, 2025 8:10:57 PM vln.com.map.AreaMapTest testEndGame_PlayerLosesWhenBotCapturesCastles
INFO: [AreaMapTest] testEndGame_PlayerLosesWhenBotCapturesCastles start
Sep 10, 2025 8:10:57 PM vln.com.map.AreaMapTest testEndGame_PlayerLosesWhenBotCapturesCastles
INFO: [AreaMapTest] testEndGame_PlayerLosesWhenBotCapturesCastles passed
Sep 10, 2025 8:10:57 PM vln.com.map.AreaMapTest setUp
INFO: [AreaMapTest] Setting up AreaMap instance
Sep 10, 2025 8:10:57 PM vln.com.map.AreaMapTest testMoveHero_obstacle_noMove
INFO: [AreaMapTest] testMoveHero_obstacle_noMove start
Sep 10, 2025 8:10:57 PM vln.com.map.AreaMapTest testMoveHero_obstacle_noMove
INFO: [AreaMapTest] testMoveHero_obstacle_noMove passed
Sep 10, 2025 8:10:57 PM vln.com.map.AreaMapTest setUp
INFO: [AreaMapTest] Setting up AreaMap instance
Sep 10, 2025 8:10:57 PM vln.com.map.AreaMapTest testMapEditingExistingMap
INFO: [AreaMapTest] testMapEditingExistingMap start
Sep 10, 2025 8:11:00 PM vln.com.map.AreaMapTest testMapEditingExistingMap
INFO: Type at (5,1): Trail
Sep 10, 2025 8:11:00 PM vln.com.map.AreaMapTest testMapEditingExistingMap
INFO: Type at (5,2): Obstacle
Sep 10, 2025 8:11:00 PM vln.com.map.AreaMapTest testMapEditingExistingMap
INFO: Type at (5,0): PlayerCastle
Sep 10, 2025 8:11:00 PM vln.com.map.AreaMapTest testMapEditingExistingMap
INFO: Type at (5,9): BotCastle
Sep 10, 2025 8:11:00 PM vln.com.map.AreaMapTest testMapEditingExistingMap
INFO: [AreaMapTest] testMapEditingExistingMap passed
Sep 10, 2025 8:11:00 PM vln.com.map.AreaMapTest setUp
INFO: [AreaMapTest] Setting up AreaMap instance
Sep 10, 2025 8:11:00 PM vln.com.map.AreaMapTest setUp
INFO: [AreaMapTest] Setting up AreaMap instance
Sep 10, 2025 8:11:01 PM vln.com.map.AreaMapTest setUp
INFO: [AreaMapTest] Setting up AreaMap instance
Sep 10, 2025 8:11:01 PM vln.com.map.AreaMapTest testMoveThroughSmoke_reducesMovesCorrectly
INFO: [AreaMapTest] testMoveThroughSmoke_reducesMovesCorrectly start
Sep 10, 2025 8:11:02 PM vln.com.map.AreaMapTest testMoveThroughSmoke_reducesMovesCorrectly
INFO: [AreaMapTest] testMoveThroughSmoke_reducesMovesCorrectly passed
Sep 10, 2025 8:11:02 PM vln.com.map.AreaMapTest setUp
INFO: [AreaMapTest] Setting up AreaMap instance
Sep 10, 2025 8:11:02 PM vln.com.map.AreaMapTest testSmokeUnitSpawn_createsSmokeArea
INFO: [AreaMapTest] testSmokeUnitSpawn_createsSmokeArea start
Sep 10, 2025 8:11:02 PM vln.com.map.AreaMapTest testSmokeUnitSpawn_createsSmokeArea
INFO: [AreaMapTest] testSmokeUnitSpawn_createsSmokeArea passed
Sep 10, 2025 8:11:02 PM vln.com.map.AreaMapTest setUp
INFO: [AreaMapTest] Setting up AreaMap instance
Sep 10, 2025 8:11:02 PM vln.com.map.AreaMapTest setUp
INFO: [AreaMapTest] Setting up AreaMap instance
Sep 10, 2025 8:11:02 PM vln.com.map.AreaMapTest testGetHeightWidth
INFO: [AreaMapTest] testGetHeightWidth start
Sep 10, 2025 8:11:02 PM vln.com.map.AreaMapTest testGetHeightWidth
INFO: [AreaMapTest] testGetHeightWidth passed
Sep 10, 2025 8:11:02 PM vln.com.map.AreaMapTest setUp
INFO: [AreaMapTest] Setting up AreaMap instance
Sep 10, 2025 8:11:02 PM vln.com.map.AreaMapTest testMapEditingValidCoordinates
INFO: [AreaMapTest] testMapEditingValidCoordinates start
Sep 10, 2025 8:11:02 PM vln.com.map.AreaMapTest testMapEditingValidCoordinates
INFO: Initial cursor position: (5,5)
Sep 10, 2025 8:11:06 PM vln.com.map.AreaMapTest testMapEditingValidCoordinates
INFO: Type at (5,6): Trail
Sep 10, 2025 8:11:06 PM vln.com.map.AreaMapTest testMapEditingValidCoordinates
INFO: Type at (6,6): Obstacle
Sep 10, 2025 8:11:06 PM vln.com.map.AreaMapTest testMapEditingValidCoordinates
INFO: Type at (6,5): Field
Sep 10, 2025 8:11:06 PM vln.com.map.AreaMapTest testMapEditingValidCoordinates
INFO: [AreaMapTest] testMapEditingValidCoordinates passed
Sep 10, 2025 8:11:06 PM vln.com.map.AreaMapTest setUp
INFO: [AreaMapTest] Setting up AreaMap instance
Sep 10, 2025 8:11:06 PM vln.com.map.AreaMapTest testMapSaving
INFO: [AreaMapTest] testMapSaving start
Sep 10, 2025 8:11:08 PM vln.com.map.AreaMapTest testMapSaving
INFO: [AreaMapTest] testMapSaving passed
Sep 10, 2025 8:11:08 PM vln.com.map.AreaMapTest setUp
INFO: [AreaMapTest] Setting up AreaMap instance
Sep 10, 2025 8:11:23 PM vln.com.map.AreaMapTest setUp
INFO: [AreaMapTest] Setting up AreaMap instance
Sep 10, 2025 8:11:23 PM vln.com.map.AreaMapTest testMapEditingBoundaryCoordinates
INFO: [AreaMapTest] testMapEditingBoundaryCoordinates start
Sep 10, 2025 8:11:25 PM vln.com.map.AreaMapTest testMapEditingBoundaryCoordinates
INFO: Type at (4,5): Trail
Sep 10, 2025 8:11:25 PM vln.com.map.AreaMapTest testMapEditingBoundaryCoordinates
INFO: Type at (4,4): Obstacle
Sep 10, 2025 8:11:25 PM vln.com.map.AreaMapTest testMapEditingBoundaryCoordinates
INFO: [AreaMapTest] testMapEditingBoundaryCoordinates passed
Sep 10, 2025 8:11:25 PM vln.com.map.AreaMapTest setUp
INFO: [AreaMapTest] Setting up AreaMap instance
Sep 10, 2025 8:11:25 PM vln.com.map.AreaMapTest testEndGame_PlayerWinsByCapturingCastles
INFO: [AreaMapTest] testEndGame_PlayerWinsByCapturingCastles start
Sep 10, 2025 8:11:25 PM vln.com.map.AreaMapTest testEndGame_PlayerWinsByCapturingCastles
INFO: [AreaMapTest] testEndGame_PlayerWinsByCapturingCastles passed
Sep 10, 2025 8:11:25 PM vln.com.map.AreaMapTest setUp
INFO: [AreaMapTest] Setting up AreaMap instance
Sep 10, 2025 8:11:25 PM vln.com.map.AreaMapTest testAutoSaveOnEndRound
INFO: [AreaMapTest] testAutoSaveOnEndRound start
Sep 10, 2025 8:11:25 PM vln.com.map.AreaMapTest testAutoSaveOnEndRound
INFO: [AreaMapTest] testAutoSaveOnEndRound passed
Sep 10, 2025 8:11:25 PM vln.com.map.AreaMapTest setUp
INFO: [AreaMapTest] Setting up AreaMap instance
Sep 10, 2025 8:11:25 PM vln.com.map.AreaMapTest testMoveHero_offMap_noChange
INFO: [AreaMapTest] testMoveHero_offMap_noChange start
Sep 10, 2025 8:11:25 PM vln.com.map.AreaMapTest testMoveHero_offMap_noChange
INFO: [AreaMapTest] testMoveHero_offMap_noChange passed
Sep 10, 2025 8:11:25 PM vln.com.map.AreaMapTest setUp
INFO: [AreaMapTest] Setting up AreaMap instance
Sep 10, 2025 8:11:25 PM vln.com.map.AreaMapTest testApplySmoke_setsSmokeLayerWithinRadius
INFO: [AreaMapTest] testApplySmoke_setsSmokeLayerWithinRadius start
Sep 10, 2025 8:11:25 PM vln.com.map.AreaMapTest testApplySmoke_setsSmokeLayerWithinRadius
INFO: [AreaMapTest] testApplySmoke_setsSmokeLayerWithinRadius passed
Sep 10, 2025 8:11:25 PM vln.com.map.AreaMapTest setUp
INFO: [AreaMapTest] Setting up AreaMap instance
Sep 10, 2025 8:11:25 PM vln.com.map.AreaMapTest testMoveHero_trailMovement_reducesMovesAndMovesHero
INFO: [AreaMapTest] testMoveHero_trailMovement_reducesMovesAndMovesHero start
Sep 10, 2025 8:11:26 PM vln.com.map.AreaMapTest testMoveHero_trailMovement_reducesMovesAndMovesHero
INFO: [AreaMapTest] testMoveHero_trailMovement_reducesMovesAndMovesHero passed
Sep 10, 2025 8:11:26 PM vln.com.map.AreaMapTest setUp
INFO: [AreaMapTest] Setting up AreaMap instance
Sep 10, 2025 8:11:26 PM vln.com.map.AreaMapTest testRemoveSmoke_clearsSmokeLayerAndResetsDisplay
INFO: [AreaMapTest] testRemoveSmoke_clearsSmokeLayerAndResetsDisplay start
Sep 10, 2025 8:11:26 PM vln.com.map.AreaMapTest testRemoveSmoke_clearsSmokeLayerAndResetsDisplay
INFO: [AreaMapTest] testRemoveSmoke_clearsSmokeLayerAndResetsDisplay passed
Sep 10, 2025 8:11:26 PM vln.com.map.AreaMapTest setUp
INFO: [AreaMapTest] Setting up AreaMap instance
Sep 10, 2025 8:11:26 PM vln.com.map.AreaMapTest testEndGame_PlayerLosesWhenBotCapturesCastles
INFO: [AreaMapTest] testEndGame_PlayerLosesWhenBotCapturesCastles start
Sep 10, 2025 8:11:26 PM vln.com.map.AreaMapTest testEndGame_PlayerLosesWhenBotCapturesCastles
INFO: [AreaMapTest] testEndGame_PlayerLosesWhenBotCapturesCastles passed
Sep 10, 2025 8:11:26 PM vln.com.map.AreaMapTest setUp
INFO: [AreaMapTest] Setting up AreaMap instance
Sep 10, 2025 8:11:26 PM vln.com.map.AreaMapTest testMoveHero_obstacle_noMove
INFO: [AreaMapTest] testMoveHero_obstacle_noMove start
Sep 10, 2025 8:11:26 PM vln.com.map.AreaMapTest testMoveHero_obstacle_noMove
INFO: [AreaMapTest] testMoveHero_obstacle_noMove passed
Sep 10, 2025 8:11:26 PM vln.com.map.AreaMapTest setUp
INFO: [AreaMapTest] Setting up AreaMap instance
Sep 10, 2025 8:11:26 PM vln.com.map.AreaMapTest testMapEditingExistingMap
INFO: [AreaMapTest] testMapEditingExistingMap start
Sep 10, 2025 8:11:29 PM vln.com.map.AreaMapTest testMapEditingExistingMap
INFO: Type at (5,1): Trail
Sep 10, 2025 8:11:29 PM vln.com.map.AreaMapTest testMapEditingExistingMap
INFO: Type at (5,2): Obstacle
Sep 10, 2025 8:11:29 PM vln.com.map.AreaMapTest testMapEditingExistingMap
INFO: Type at (5,0): PlayerCastle
Sep 10, 2025 8:11:29 PM vln.com.map.AreaMapTest testMapEditingExistingMap
INFO: Type at (5,9): BotCastle
Sep 10, 2025 8:11:29 PM vln.com.map.AreaMapTest testMapEditingExistingMap
INFO: [AreaMapTest] testMapEditingExistingMap passed
Sep 10, 2025 8:11:29 PM vln.com.map.AreaMapTest setUp
INFO: [AreaMapTest] Setting up AreaMap instance
Sep 10, 2025 8:11:29 PM vln.com.map.AreaMapTest setUp
INFO: [AreaMapTest] Setting up AreaMap instance
Sep 10, 2025 8:11:31 PM vln.com.map.AreaMapTest setUp
INFO: [AreaMapTest] Setting up AreaMap instance
Sep 10, 2025 8:11:31 PM vln.com.map.AreaMapTest testMoveThroughSmoke_reducesMovesCorrectly
INFO: [AreaMapTest] testMoveThroughSmoke_reducesMovesCorrectly start
Sep 10, 2025 8:11:32 PM vln.com.map.AreaMapTest testMoveThroughSmoke_reducesMovesCorrectly
INFO: [AreaMapTest] testMoveThroughSmoke_reducesMovesCorrectly passed
Sep 10, 2025 8:11:32 PM vln.com.map.AreaMapTest setUp
INFO: [AreaMapTest] Setting up AreaMap instance
Sep 10, 2025 8:11:32 PM vln.com.map.AreaMapTest testSmokeUnitSpawn_createsSmokeArea
INFO: [AreaMapTest] testSmokeUnitSpawn_createsSmokeArea start
Sep 10, 2025 8:11:32 PM vln.com.map.AreaMapTest testSmokeUnitSpawn_createsSmokeArea
INFO: [AreaMapTest] testSmokeUnitSpawn_createsSmokeArea passed
Sep 10, 2025 8:11:32 PM vln.com.map.AreaMapTest setUp
INFO: [AreaMapTest] Setting up AreaMap instance
Sep 10, 2025 8:11:32 PM vln.com.map.AreaMapTest setUp
INFO: [AreaMapTest] Setting up AreaMap instance
Sep 10, 2025 8:11:32 PM vln.com.map.AreaMapTest testGetHeightWidth
INFO: [AreaMapTest] testGetHeightWidth start
Sep 10, 2025 8:11:32 PM vln.com.map.AreaMapTest testGetHeightWidth
INFO: [AreaMapTest] testGetHeightWidth passed
Sep 10, 2025 8:11:32 PM vln.com.map.AreaMapTest setUp
INFO: [AreaMapTest] Setting up AreaMap instance
Sep 10, 2025 8:11:32 PM vln.com.map.AreaMapTest testMapEditingValidCoordinates
INFO: [AreaMapTest] testMapEditingValidCoordinates start
Sep 10, 2025 8:11:32 PM vln.com.map.AreaMapTest testMapEditingValidCoordinates
INFO: Initial cursor position: (5,5)
Sep 10, 2025 8:11:35 PM vln.com.map.AreaMapTest testMapEditingValidCoordinates
INFO: Type at (5,6): Trail
Sep 10, 2025 8:11:35 PM vln.com.map.AreaMapTest testMapEditingValidCoordinates
INFO: Type at (6,6): Obstacle
Sep 10, 2025 8:11:35 PM vln.com.map.AreaMapTest testMapEditingValidCoordinates
INFO: Type at (6,5): Field
Sep 10, 2025 8:11:35 PM vln.com.map.AreaMapTest testMapEditingValidCoordinates
INFO: [AreaMapTest] testMapEditingValidCoordinates passed
Sep 10, 2025 8:11:35 PM vln.com.map.AreaMapTest setUp
INFO: [AreaMapTest] Setting up AreaMap instance
Sep 10, 2025 8:11:35 PM vln.com.map.AreaMapTest testMapSaving
INFO: [AreaMapTest] testMapSaving start
Sep 10, 2025 8:11:37 PM vln.com.map.AreaMapTest testMapSaving
INFO: [AreaMapTest] testMapSaving passed
Sep 10, 2025 8:11:37 PM vln.com.map.AreaMapTest setUp
INFO: [AreaMapTest] Setting up AreaMap instance
Sep 10, 2025 9:23:09 PM vln.com.map.AreaMapTest setUp
INFO: [AreaMapTest] Setting up AreaMap instance
Sep 10, 2025 9:23:09 PM vln.com.map.AreaMapTest testMapEditingBoundaryCoordinates
INFO: [AreaMapTest] testMapEditingBoundaryCoordinates start
Sep 10, 2025 9:23:11 PM vln.com.map.AreaMapTest testMapEditingBoundaryCoordinates
INFO: Type at (4,5): Trail
Sep 10, 2025 9:23:11 PM vln.com.map.AreaMapTest testMapEditingBoundaryCoordinates
INFO: Type at (4,4): Obstacle
Sep 10, 2025 9:23:11 PM vln.com.map.AreaMapTest testMapEditingBoundaryCoordinates
INFO: [AreaMapTest] testMapEditingBoundaryCoordinates passed
Sep 10, 2025 9:23:11 PM vln.com.map.AreaMapTest setUp
INFO: [AreaMapTest] Setting up AreaMap instance
Sep 10, 2025 9:23:11 PM vln.com.map.AreaMapTest testEndGame_PlayerWinsByCapturingCastles
INFO: [AreaMapTest] testEndGame_PlayerWinsByCapturingCastles start
Sep 10, 2025 9:23:11 PM vln.com.map.AreaMapTest testEndGame_PlayerWinsByCapturingCastles
INFO: [AreaMapTest] testEndGame_PlayerWinsByCapturingCastles passed
Sep 10, 2025 9:23:11 PM vln.com.map.AreaMapTest setUp
INFO: [AreaMapTest] Setting up AreaMap instance
Sep 10, 2025 9:23:11 PM vln.com.map.AreaMapTest testAutoSaveOnEndRound
INFO: [AreaMapTest] testAutoSaveOnEndRound start
Sep 10, 2025 9:23:11 PM vln.com.map.AreaMapTest testAutoSaveOnEndRound
INFO: [AreaMapTest] testAutoSaveOnEndRound passed
Sep 10, 2025 9:23:11 PM vln.com.map.AreaMapTest setUp
INFO: [AreaMapTest] Setting up AreaMap instance
Sep 10, 2025 9:23:11 PM vln.com.map.AreaMapTest testMoveHero_offMap_noChange
INFO: [AreaMapTest] testMoveHero_offMap_noChange start
Sep 10, 2025 9:23:11 PM vln.com.map.AreaMapTest testMoveHero_offMap_noChange
INFO: [AreaMapTest] testMoveHero_offMap_noChange passed
Sep 10, 2025 9:23:11 PM vln.com.map.AreaMapTest setUp
INFO: [AreaMapTest] Setting up AreaMap instance
Sep 10, 2025 9:23:11 PM vln.com.map.AreaMapTest testApplySmoke_setsSmokeLayerWithinRadius
INFO: [AreaMapTest] testApplySmoke_setsSmokeLayerWithinRadius start
Sep 10, 2025 9:23:11 PM vln.com.map.AreaMapTest testApplySmoke_setsSmokeLayerWithinRadius
INFO: [AreaMapTest] testApplySmoke_setsSmokeLayerWithinRadius passed
Sep 10, 2025 9:23:11 PM vln.com.map.AreaMapTest setUp
INFO: [AreaMapTest] Setting up AreaMap instance
Sep 10, 2025 9:23:11 PM vln.com.map.AreaMapTest testMoveHero_trailMovement_reducesMovesAndMovesHero
INFO: [AreaMapTest] testMoveHero_trailMovement_reducesMovesAndMovesHero start
Sep 10, 2025 9:23:12 PM vln.com.map.AreaMapTest testMoveHero_trailMovement_reducesMovesAndMovesHero
INFO: [AreaMapTest] testMoveHero_trailMovement_reducesMovesAndMovesHero passed
Sep 10, 2025 9:23:12 PM vln.com.map.AreaMapTest setUp
INFO: [AreaMapTest] Setting up AreaMap instance
Sep 10, 2025 9:23:12 PM vln.com.map.AreaMapTest testRemoveSmoke_clearsSmokeLayerAndResetsDisplay
INFO: [AreaMapTest] testRemoveSmoke_clearsSmokeLayerAndResetsDisplay start
Sep 10, 2025 9:23:12 PM vln.com.map.AreaMapTest testRemoveSmoke_clearsSmokeLayerAndResetsDisplay
INFO: [AreaMapTest] testRemoveSmoke_clearsSmokeLayerAndResetsDisplay passed
Sep 10, 2025 9:23:12 PM vln.com.map.AreaMapTest setUp
INFO: [AreaMapTest] Setting up AreaMap instance
Sep 10, 2025 9:23:12 PM vln.com.map.AreaMapTest testEndGame_PlayerLosesWhenBotCapturesCastles
INFO: [AreaMapTest] testEndGame_PlayerLosesWhenBotCapturesCastles start
Sep 10, 2025 9:23:12 PM vln.com.map.AreaMapTest testEndGame_PlayerLosesWhenBotCapturesCastles
INFO: [AreaMapTest] testEndGame_PlayerLosesWhenBotCapturesCastles passed
Sep 10, 2025 9:23:12 PM vln.com.map.AreaMapTest setUp
INFO: [AreaMapTest] Setting up AreaMap instance
Sep 10, 2025 9:23:12 PM vln.com.map.AreaMapTest testMoveHero_obstacle_noMove
INFO: [AreaMapTest] testMoveHero_obstacle_noMove start
Sep 10, 2025 9:23:12 PM vln.com.map.AreaMapTest testMoveHero_obstacle_noMove
INFO: [AreaMapTest] testMoveHero_obstacle_noMove passed
Sep 10, 2025 9:23:12 PM vln.com.map.AreaMapTest setUp
INFO: [AreaMapTest] Setting up AreaMap instance
Sep 10, 2025 9:23:12 PM vln.com.map.AreaMapTest testMapEditingExistingMap
INFO: [AreaMapTest] testMapEditingExistingMap start
Sep 10, 2025 9:23:15 PM vln.com.map.AreaMapTest testMapEditingExistingMap
INFO: Type at (5,1): Trail
Sep 10, 2025 9:23:15 PM vln.com.map.AreaMapTest testMapEditingExistingMap
INFO: Type at (5,2): Obstacle
Sep 10, 2025 9:23:15 PM vln.com.map.AreaMapTest testMapEditingExistingMap
INFO: Type at (5,0): PlayerCastle
Sep 10, 2025 9:23:15 PM vln.com.map.AreaMapTest testMapEditingExistingMap
INFO: Type at (5,9): BotCastle
Sep 10, 2025 9:23:15 PM vln.com.map.AreaMapTest testMapEditingExistingMap
INFO: [AreaMapTest] testMapEditingExistingMap passed
Sep 10, 2025 9:23:15 PM vln.com.map.AreaMapTest setUp
INFO: [AreaMapTest] Setting up AreaMap instance
Sep 10, 2025 9:23:15 PM vln.com.map.AreaMapTest setUp
INFO: [AreaMapTest] Setting up AreaMap instance
Sep 10, 2025 9:23:17 PM vln.com.map.AreaMapTest setUp
INFO: [AreaMapTest] Setting up AreaMap instance
Sep 10, 2025 9:23:17 PM vln.com.map.AreaMapTest testMoveThroughSmoke_reducesMovesCorrectly
INFO: [AreaMapTest] testMoveThroughSmoke_reducesMovesCorrectly start
Sep 10, 2025 9:23:17 PM vln.com.map.AreaMapTest testMoveThroughSmoke_reducesMovesCorrectly
INFO: [AreaMapTest] testMoveThroughSmoke_reducesMovesCorrectly passed
Sep 10, 2025 9:23:17 PM vln.com.map.AreaMapTest setUp
INFO: [AreaMapTest] Setting up AreaMap instance
Sep 10, 2025 9:23:17 PM vln.com.map.AreaMapTest testSmokeUnitSpawn_createsSmokeArea
INFO: [AreaMapTest] testSmokeUnitSpawn_createsSmokeArea start
Sep 10, 2025 9:23:17 PM vln.com.map.AreaMapTest testSmokeUnitSpawn_createsSmokeArea
INFO: [AreaMapTest] testSmokeUnitSpawn_createsSmokeArea passed
Sep 10, 2025 9:23:17 PM vln.com.map.AreaMapTest setUp
INFO: [AreaMapTest] Setting up AreaMap instance
Sep 10, 2025 9:23:17 PM vln.com.map.AreaMapTest setUp
INFO: [AreaMapTest] Setting up AreaMap instance
Sep 10, 2025 9:23:17 PM vln.com.map.AreaMapTest testGetHeightWidth
INFO: [AreaMapTest] testGetHeightWidth start
Sep 10, 2025 9:23:17 PM vln.com.map.AreaMapTest testGetHeightWidth
INFO: [AreaMapTest] testGetHeightWidth passed
Sep 10, 2025 9:23:17 PM vln.com.map.AreaMapTest setUp
INFO: [AreaMapTest] Setting up AreaMap instance
Sep 10, 2025 9:23:17 PM vln.com.map.AreaMapTest testMapEditingValidCoordinates
INFO: [AreaMapTest] testMapEditingValidCoordinates start
Sep 10, 2025 9:23:17 PM vln.com.map.AreaMapTest testMapEditingValidCoordinates
INFO: Initial cursor position: (5,5)
Sep 10, 2025 9:23:21 PM vln.com.map.AreaMapTest testMapEditingValidCoordinates
INFO: Type at (5,6): Trail
Sep 10, 2025 9:23:21 PM vln.com.map.AreaMapTest testMapEditingValidCoordinates
INFO: Type at (6,6): Obstacle
Sep 10, 2025 9:23:21 PM vln.com.map.AreaMapTest testMapEditingValidCoordinates
INFO: Type at (6,5): Field
Sep 10, 2025 9:23:21 PM vln.com.map.AreaMapTest testMapEditingValidCoordinates
INFO: [AreaMapTest] testMapEditingValidCoordinates passed
Sep 10, 2025 9:23:21 PM vln.com.map.AreaMapTest setUp
INFO: [AreaMapTest] Setting up AreaMap instance
Sep 10, 2025 9:23:21 PM vln.com.map.AreaMapTest testMapSaving
INFO: [AreaMapTest] testMapSaving start
Sep 10, 2025 9:23:23 PM vln.com.map.AreaMapTest testMapSaving
INFO: [AreaMapTest] testMapSaving passed
Sep 10, 2025 9:23:23 PM vln.com.map.AreaMapTest setUp
INFO: [AreaMapTest] Setting up AreaMap instance
